This file contains any messages produced by compilers while
running configure, to aid debugging if configure makes a mistake.

It was created by DataSample configure 1.2, which was
generated by GNU Autoconf 2.59.  Invocation command line was

  $ ./configure --prefix=/home/raffa/Documents/discOpt/CoinMP CC=/usr/bin/gcc CXX=/usr/bin/g++ CFLAGS=-g3 -gdwarf-2 CXXFLAGS=-g3 -gdwarf-2 --cache-file=/dev/null --srcdir=.

## --------- ##
## Platform. ##
## --------- ##

hostname = localhost.localdomain
uname -m = x86_64
uname -r = 3.18.8-201.fc21.x86_64
uname -s = Linux
uname -v = #1 SMP Fri Feb 27 18:18:27 UTC 2015

/usr/bin/uname -p = x86_64
/bin/uname -X     = unknown

/bin/arch              = x86_64
/usr/bin/arch -k       = unknown
/usr/convex/getsysinfo = unknown
hostinfo               = unknown
/bin/machine           = unknown
/usr/bin/oslevel       = unknown
/bin/universe          = unknown

PATH: /usr/bin
PATH: /usr/local/bin
PATH: /usr/local/sbin
PATH: /usr/bin
PATH: /usr/sbin
PATH: /bin
PATH: /sbin
PATH: /home/raffa/.local/bin
PATH: /home/raffa/bin


## ----------- ##
## Core tests. ##
## ----------- ##

configure:1335: checking for svnversion
configure:1351: found /usr/bin/svnversion
configure:1362: result: yes
configure:1394: checking for egrep
configure:1404: result: grep -E
configure:1409: checking whether ln -s works
configure:1413: result: yes
configure:1459: checking for a BSD-compatible install
configure:1514: result: /usr/bin/install -c
configure:1525: checking whether build environment is sane
configure:1568: result: yes
configure:1633: checking for gawk
configure:1649: found /usr/bin/gawk
configure:1659: result: gawk
configure:1669: checking whether make sets $(MAKE)
configure:1689: result: yes
configure:1862: checking whether to enable maintainer-specific portions of Makefiles
configure:1871: result: no
configure:2263: checking whether this is a VPATH configuration
configure:2270: result: no
configure:2279: checking build system type
configure:2297: result: x86_64-unknown-linux-gnu
configure:2676: checking which command should be used to link input files
configure:2684: result: ln -s
configure:2881: creating ./config.status

## ---------------------- ##
## Running config.status. ##
## ---------------------- ##

This file was extended by DataSample config.status 1.2, which was
generated by GNU Autoconf 2.59.  Invocation command line was

  CONFIG_FILES    = 
  CONFIG_HEADERS  = 
  CONFIG_LINKS    = 
  CONFIG_COMMANDS = 
  $ ./config.status 

on localhost.localdomain

config.status:684: creating Makefile
config.status:684: creating coindatasample.pc
config.status:684: creating coindatasample-uninstalled.pc
configure:3770: In case of trouble, first consult the troubleshooting page at https://projects.coin-or.org/BuildTools/wiki/user-troubleshooting
configure:3773: Configuration of DataSample successful

## ---------------- ##
## Cache variables. ##
## ---------------- ##

ac_cv_build=x86_64-unknown-linux-gnu
ac_cv_build_alias=x86_64-unknown-linux-gnu
ac_cv_env_build_alias_set=
ac_cv_env_build_alias_value=
ac_cv_env_host_alias_set=
ac_cv_env_host_alias_value=
ac_cv_env_target_alias_set=
ac_cv_env_target_alias_value=
ac_cv_path_install='/usr/bin/install -c'
ac_cv_prog_AWK=gawk
ac_cv_prog_egrep='grep -E'
ac_cv_prog_have_svnversion=yes
ac_cv_prog_make_make_set=yes

## ----------------- ##
## Output variables. ##
## ----------------- ##

ABSBUILDDIR='/home/raffa/Documents/discOpt/CoinMP/Data/Sample'
ACLOCAL='${SHELL} /home/raffa/Documents/discOpt/CoinMP/Data/Sample/missing --run aclocal-1.9'
ALWAYS_FALSE_FALSE=''
ALWAYS_FALSE_TRUE='#'
AMTAR='${SHELL} /home/raffa/Documents/discOpt/CoinMP/Data/Sample/missing --run tar'
AUTOCONF='${SHELL} /home/raffa/Documents/discOpt/CoinMP/Data/Sample/missing --run autoconf'
AUTOHEADER='${SHELL} /home/raffa/Documents/discOpt/CoinMP/Data/Sample/missing --run autoheader'
AUTOMAKE='${SHELL} /home/raffa/Documents/discOpt/CoinMP/Data/Sample/missing --run automake-1.9'
AUX_DIR=''
AWK='gawk'
BUILDTOOLSDIR=''
CYGPATH_W='echo'
DATASAMPLE_SVN_REV='431'
DEFS='-DPACKAGE_NAME=\"DataSample\" -DPACKAGE_TARNAME=\"datasample\" -DPACKAGE_VERSION=\"1.2\" -DPACKAGE_STRING=\"DataSample\ 1.2\" -DPACKAGE_BUGREPORT=\"https://projects.coin-or.org/BuildTools/\" -DDATASAMPLE_VERSION=\"1.2\" -DDATASAMPLE_VERSION_MAJOR=1 -DDATASAMPLE_VERSION_MINOR=2 -DDATASAMPLE_VERSION_RELEASE=9999 -DDATASAMPLE_SVN_REV=431 -DPACKAGE=\"datasample\" -DVERSION=\"1.2\" '
ECHO_C=''
ECHO_N='-n'
ECHO_T=''
EGREP='grep -E'
EXAMPLE_CLEAN_FILES=''
EXAMPLE_FILES=' afiro.mps atm_5_10_1.mps brandy.mps conic.mps e226.mps exmip1.5.mps exmip1.mps finnis.mps galenet.mps galenetbnds.mps hello.mps lseu.mps nw460.mps p0033.mps p0201.mps p0548.mps pack1.mps retail3.mps scOneInt.mps share2qp.mps spec_sections.mps tp3.mps tp4.mps tp5.mps wedding_16.mps block_milp.lp exmip1.lp atm_5_10_1.block retail3.block wedding_16.block block_milp.dec input.130 app0110.cor app0110.stoch app0110.time app0110R.cor app0110R.stoch app0110R.time bug.cor bug.stoch bug.time'
EXAMPLE_UNCOMPRESSED_FILES=''
HAVE_EXTERNALS_FALSE=''
HAVE_EXTERNALS_TRUE='#'
INSTALL_DATA='${INSTALL} -m 644'
INSTALL_PROGRAM='${INSTALL}'
INSTALL_SCRIPT='${INSTALL}'
INSTALL_STRIP_PROGRAM='${SHELL} $(install_sh) -c -s'
LIBEXT='a'
LIBOBJS=''
LIBS=''
LIBTOOLM4=''
LN_S='ln -s'
LTLIBOBJS=''
MAINT='#'
MAINTAINER_MODE_FALSE=''
MAINTAINER_MODE_TRUE='#'
MAKEINFO='${SHELL} /home/raffa/Documents/discOpt/CoinMP/Data/Sample/missing --run makeinfo'
PACKAGE='datasample'
PACKAGE_BUGREPORT='https://projects.coin-or.org/BuildTools/'
PACKAGE_NAME='DataSample'
PACKAGE_STRING='DataSample 1.2'
PACKAGE_TARNAME='datasample'
PACKAGE_VERSION='1.2'
PATH_SEPARATOR=':'
SET_MAKE=''
SHELL='/bin/sh'
STRIP=''
VERSION='1.2'
VPATH_DISTCLEANFILES=''
abs_bin_dir='/home/raffa/Documents/discOpt/CoinMP/bin'
abs_include_dir='/home/raffa/Documents/discOpt/CoinMP/include'
abs_lib_dir='/home/raffa/Documents/discOpt/CoinMP/lib'
abs_source_dir='/home/raffa/Documents/discOpt/CoinMP/Data/Sample'
ac_ct_STRIP=''
am__leading_dot='.'
am__tar='${AMTAR} chof - "$$tardir"'
am__untar='${AMTAR} xf -'
bindir='${exec_prefix}/bin'
build='x86_64-unknown-linux-gnu'
build_alias=''
build_cpu='x86_64'
build_os='linux-gnu'
build_vendor='unknown'
datadir='${prefix}/share'
exec_prefix='${prefix}'
have_autoconf=''
have_automake=''
have_svn=''
have_svnversion='yes'
host_alias=''
includedir='${prefix}/include'
infodir='${prefix}/info'
install_sh='/home/raffa/Documents/discOpt/CoinMP/Data/Sample/install-sh'
libdir='${exec_prefix}/lib'
libexecdir='${exec_prefix}/libexec'
localstatedir='${prefix}/var'
mandir='${prefix}/man'
mkdir_p='mkdir -p --'
oldincludedir='/usr/include'
prefix='/home/raffa/Documents/discOpt/CoinMP'
program_transform_name='s,x,x,'
sbindir='${exec_prefix}/sbin'
sharedstatedir='${prefix}/com'
sysconfdir='${prefix}/etc'
target_alias=''

## ----------- ##
## confdefs.h. ##
## ----------- ##

#define DATASAMPLE_SVN_REV 431
#define DATASAMPLE_VERSION "1.2"
#define DATASAMPLE_VERSION_MAJOR 1
#define DATASAMPLE_VERSION_MINOR 2
#define DATASAMPLE_VERSION_RELEASE 9999
#define PACKAGE "datasample"
#define PACKAGE_BUGREPORT "https://projects.coin-or.org/BuildTools/"
#define PACKAGE_NAME "DataSample"
#define PACKAGE_STRING "DataSample 1.2"
#define PACKAGE_TARNAME "datasample"
#define PACKAGE_VERSION "1.2"
#define VERSION "1.2"

configure: exit 0
