This file contains any messages produced by compilers while
running configure, to aid debugging if configure makes a mistake.

It was created by CoinMP configure 1.7, which was
generated by GNU Autoconf 2.59.  Invocation command line was

  $ ./configure --prefix=/home/raffa/Documents/discOpt/CoinMP CC=/usr/bin/gcc CXX=/usr/bin/g++ CFLAGS=-g3 -gdwarf-2 CXXFLAGS=-g3 -gdwarf-2 --cache-file=/dev/null --srcdir=.

## --------- ##
## Platform. ##
## --------- ##

hostname = localhost.localdomain
uname -m = x86_64
uname -r = 3.18.8-201.fc21.x86_64
uname -s = Linux
uname -v = #1 SMP Fri Feb 27 18:18:27 UTC 2015

/usr/bin/uname -p = x86_64
/bin/uname -X     = unknown

/bin/arch              = x86_64
/usr/bin/arch -k       = unknown
/usr/convex/getsysinfo = unknown
hostinfo               = unknown
/bin/machine           = unknown
/usr/bin/oslevel       = unknown
/bin/universe          = unknown

PATH: /usr/bin
PATH: /usr/local/bin
PATH: /usr/local/sbin
PATH: /usr/bin
PATH: /usr/sbin
PATH: /bin
PATH: /sbin
PATH: /home/raffa/.local/bin
PATH: /home/raffa/bin


## ----------- ##
## Core tests. ##
## ----------- ##

configure:1652: checking build system type
configure:1670: result: x86_64-unknown-linux-gnu
configure:1743: checking for svnversion
configure:1759: found /usr/bin/svnversion
configure:1770: result: yes
configure:1799: checking whether we want to compile in debug mode
configure:1845: result: no
configure:2156: checking for C compiler version
configure:2159: /usr/bin/gcc --version </dev/null >&5
gcc (GCC) 4.9.2 20150212 (Red Hat 4.9.2-6)
Copyright (C) 2014 Free Software Foundation, Inc.
This is free software; see the source for copying conditions.  There is NO
warranty; not even for MERCHANTABILITY or FITNESS FOR A PARTICULAR PURPOSE.

configure:2162: $? = 0
configure:2164: /usr/bin/gcc -v </dev/null >&5
Using built-in specs.
COLLECT_GCC=/usr/bin/gcc
COLLECT_LTO_WRAPPER=/usr/libexec/gcc/x86_64-redhat-linux/4.9.2/lto-wrapper
Target: x86_64-redhat-linux
Configured with: ../configure --prefix=/usr --mandir=/usr/share/man --infodir=/usr/share/info --with-bugurl=http://bugzilla.redhat.com/bugzilla --enable-bootstrap --enable-shared --enable-threads=posix --enable-checking=release --enable-multilib --with-system-zlib --enable-__cxa_atexit --disable-libunwind-exceptions --enable-gnu-unique-object --enable-linker-build-id --with-linker-hash-style=gnu --enable-languages=c,c++,objc,obj-c++,fortran,ada,go,lto --enable-plugin --enable-initfini-array --disable-libgcj --with-isl=/builddir/build/BUILD/gcc-4.9.2-20150212/obj-x86_64-redhat-linux/isl-install --with-cloog=/builddir/build/BUILD/gcc-4.9.2-20150212/obj-x86_64-redhat-linux/cloog-install --enable-gnu-indirect-function --with-tune=generic --with-arch_32=i686 --build=x86_64-redhat-linux
Thread model: posix
gcc version 4.9.2 20150212 (Red Hat 4.9.2-6) (GCC) 
configure:2167: $? = 0
configure:2169: /usr/bin/gcc -V </dev/null >&5
gcc: error: unrecognized command line option '-V'
gcc: fatal error: no input files
compilation terminated.
configure:2172: $? = 4
configure:2195: checking for C compiler default output file name
configure:2198: /usr/bin/gcc -g3 -gdwarf-2   conftest.c  >&5
configure:2201: $? = 0
configure:2247: result: a.out
configure:2252: checking whether the C compiler works
configure:2258: ./a.out
configure:2261: $? = 0
configure:2278: result: yes
configure:2285: checking whether we are cross compiling
configure:2287: result: no
configure:2290: checking for suffix of executables
configure:2292: /usr/bin/gcc -o conftest -g3 -gdwarf-2   conftest.c  >&5
configure:2295: $? = 0
configure:2320: result: 
configure:2326: checking for suffix of object files
configure:2347: /usr/bin/gcc -c -g3 -gdwarf-2  conftest.c >&5
configure:2350: $? = 0
configure:2372: result: o
configure:2376: checking whether we are using the GNU C compiler
configure:2400: /usr/bin/gcc -c -g3 -gdwarf-2  conftest.c >&5
configure:2406: $? = 0
configure:2410: test -z 
			 || test ! -s conftest.err
configure:2413: $? = 0
configure:2416: test -s conftest.o
configure:2419: $? = 0
configure:2432: result: yes
configure:2438: checking whether /usr/bin/gcc accepts -g
configure:2459: /usr/bin/gcc -c -g  conftest.c >&5
configure:2465: $? = 0
configure:2469: test -z 
			 || test ! -s conftest.err
configure:2472: $? = 0
configure:2475: test -s conftest.o
configure:2478: $? = 0
configure:2489: result: yes
configure:2506: checking for /usr/bin/gcc option to accept ANSI C
configure:2576: /usr/bin/gcc  -c -g3 -gdwarf-2  conftest.c >&5
configure:2582: $? = 0
configure:2586: test -z 
			 || test ! -s conftest.err
configure:2589: $? = 0
configure:2592: test -s conftest.o
configure:2595: $? = 0
configure:2613: result: none needed
configure:2631: /usr/bin/gcc -c -g3 -gdwarf-2  conftest.c >&5
conftest.c:2:3: error: unknown type name 'choke'
   choke me
   ^
conftest.c:2:3: error: expected '=', ',', ';', 'asm' or '__attribute__' at end of input
configure:2637: $? = 1
configure: failed program was:
| #ifndef __cplusplus
|   choke me
| #endif
configure:3065: /usr/bin/gcc -o conftest -g3 -gdwarf-2   -DCOINMP_BUILD   conftest.c  >&5
configure:3071: $? = 0
configure:3075: test -z 
			 || test ! -s conftest.err
configure:3078: $? = 0
configure:3081: test -s conftest
configure:3084: $? = 0
configure:3151: C compiler options are: -g3 -gdwarf-2   -DCOINMP_BUILD
configure:3321: checking for C++ compiler version
configure:3324: /usr/bin/g++ --version </dev/null >&5
g++ (GCC) 4.9.2 20150212 (Red Hat 4.9.2-6)
Copyright (C) 2014 Free Software Foundation, Inc.
This is free software; see the source for copying conditions.  There is NO
warranty; not even for MERCHANTABILITY or FITNESS FOR A PARTICULAR PURPOSE.

configure:3327: $? = 0
configure:3329: /usr/bin/g++ -v </dev/null >&5
Using built-in specs.
COLLECT_GCC=/usr/bin/g++
COLLECT_LTO_WRAPPER=/usr/libexec/gcc/x86_64-redhat-linux/4.9.2/lto-wrapper
Target: x86_64-redhat-linux
Configured with: ../configure --prefix=/usr --mandir=/usr/share/man --infodir=/usr/share/info --with-bugurl=http://bugzilla.redhat.com/bugzilla --enable-bootstrap --enable-shared --enable-threads=posix --enable-checking=release --enable-multilib --with-system-zlib --enable-__cxa_atexit --disable-libunwind-exceptions --enable-gnu-unique-object --enable-linker-build-id --with-linker-hash-style=gnu --enable-languages=c,c++,objc,obj-c++,fortran,ada,go,lto --enable-plugin --enable-initfini-array --disable-libgcj --with-isl=/builddir/build/BUILD/gcc-4.9.2-20150212/obj-x86_64-redhat-linux/isl-install --with-cloog=/builddir/build/BUILD/gcc-4.9.2-20150212/obj-x86_64-redhat-linux/cloog-install --enable-gnu-indirect-function --with-tune=generic --with-arch_32=i686 --build=x86_64-redhat-linux
Thread model: posix
gcc version 4.9.2 20150212 (Red Hat 4.9.2-6) (GCC) 
configure:3332: $? = 0
configure:3334: /usr/bin/g++ -V </dev/null >&5
g++: error: unrecognized command line option '-V'
g++: fatal error: no input files
compilation terminated.
configure:3337: $? = 4
configure:3340: checking whether we are using the GNU C++ compiler
configure:3364: /usr/bin/g++ -c -g3 -gdwarf-2  conftest.cc >&5
configure:3370: $? = 0
configure:3374: test -z 
			 || test ! -s conftest.err
configure:3377: $? = 0
configure:3380: test -s conftest.o
configure:3383: $? = 0
configure:3396: result: yes
configure:3402: checking whether /usr/bin/g++ accepts -g
configure:3423: /usr/bin/g++ -c -g  conftest.cc >&5
configure:3429: $? = 0
configure:3433: test -z 
			 || test ! -s conftest.err
configure:3436: $? = 0
configure:3439: test -s conftest.o
configure:3442: $? = 0
configure:3453: result: yes
configure:3495: /usr/bin/g++ -c -g3 -gdwarf-2  conftest.cc >&5
configure:3501: $? = 0
configure:3505: test -z 
			 || test ! -s conftest.err
configure:3508: $? = 0
configure:3511: test -s conftest.o
configure:3514: $? = 0
configure:3540: /usr/bin/g++ -c -g3 -gdwarf-2  conftest.cc >&5
conftest.cc: In function 'int main()':
conftest.cc:20:9: error: 'exit' was not declared in this scope
 exit (42);
         ^
configure:3546: $? = 1
configure: failed program was:
| /* confdefs.h.  */
| 
| #define PACKAGE_NAME "CoinMP"
| #define PACKAGE_TARNAME "coinmp"
| #define PACKAGE_VERSION "1.7"
| #define PACKAGE_STRING "CoinMP 1.7"
| #define PACKAGE_BUGREPORT "coinmp@list.coin-or.org"
| #define COINMP_VERSION "1.7"
| #define COINMP_VERSION_MAJOR 1
| #define COINMP_VERSION_MINOR 7
| #define COINMP_VERSION_RELEASE 9999
| #define COINMP_SVN_REV 640
| #define COIN_COINMP_VERBOSITY 0
| #define COIN_COINMP_CHECKLEVEL 0
| /* end confdefs.h.  */
| 
| int
| main ()
| {
| exit (42);
|   ;
|   return 0;
| }
configure:3495: /usr/bin/g++ -c -g3 -gdwarf-2  conftest.cc >&5
conftest.cc:16:40: error: 'void std::exit(int)' should have been declared inside 'std'
 extern "C" void std::exit (int) throw (); using std::exit;
                                        ^
configure:3501: $? = 1
configure: failed program was:
| /* confdefs.h.  */
| 
| #define PACKAGE_NAME "CoinMP"
| #define PACKAGE_TARNAME "coinmp"
| #define PACKAGE_VERSION "1.7"
| #define PACKAGE_STRING "CoinMP 1.7"
| #define PACKAGE_BUGREPORT "coinmp@list.coin-or.org"
| #define COINMP_VERSION "1.7"
| #define COINMP_VERSION_MAJOR 1
| #define COINMP_VERSION_MINOR 7
| #define COINMP_VERSION_RELEASE 9999
| #define COINMP_SVN_REV 640
| #define COIN_COINMP_VERBOSITY 0
| #define COIN_COINMP_CHECKLEVEL 0
| /* end confdefs.h.  */
| extern "C" void std::exit (int) throw (); using std::exit;
| #include <stdlib.h>
| int
| main ()
| {
| exit (42);
|   ;
|   return 0;
| }
configure:3495: /usr/bin/g++ -c -g3 -gdwarf-2  conftest.cc >&5
conftest.cc:16:31: error: 'void std::exit(int)' should have been declared inside 'std'
 extern "C" void std::exit (int); using std::exit;
                               ^
In file included from conftest.cc:17:0:
/usr/include/stdlib.h:543:70: error: declaration of 'void std::exit(int) throw ()' has a different exception specifier
 extern void exit (int __status) __THROW __attribute__ ((__noreturn__));
                                                                      ^
conftest.cc:16:17: error: from previous declaration 'void std::exit(int)'
 extern "C" void std::exit (int); using std::exit;
                 ^
configure:3501: $? = 1
configure: failed program was:
| /* confdefs.h.  */
| 
| #define PACKAGE_NAME "CoinMP"
| #define PACKAGE_TARNAME "coinmp"
| #define PACKAGE_VERSION "1.7"
| #define PACKAGE_STRING "CoinMP 1.7"
| #define PACKAGE_BUGREPORT "coinmp@list.coin-or.org"
| #define COINMP_VERSION "1.7"
| #define COINMP_VERSION_MAJOR 1
| #define COINMP_VERSION_MINOR 7
| #define COINMP_VERSION_RELEASE 9999
| #define COINMP_SVN_REV 640
| #define COIN_COINMP_VERBOSITY 0
| #define COIN_COINMP_CHECKLEVEL 0
| /* end confdefs.h.  */
| extern "C" void std::exit (int); using std::exit;
| #include <stdlib.h>
| int
| main ()
| {
| exit (42);
|   ;
|   return 0;
| }
configure:3495: /usr/bin/g++ -c -g3 -gdwarf-2  conftest.cc >&5
configure:3501: $? = 0
configure:3505: test -z 
			 || test ! -s conftest.err
configure:3508: $? = 0
configure:3511: test -s conftest.o
configure:3514: $? = 0
configure:3540: /usr/bin/g++ -c -g3 -gdwarf-2  conftest.cc >&5
configure:3546: $? = 0
configure:3550: test -z 
			 || test ! -s conftest.err
configure:3553: $? = 0
configure:3556: test -s conftest.o
configure:3559: $? = 0
configure:3591: checking whether C++ compiler /usr/bin/g++ works
configure:3609: /usr/bin/g++ -c -g3 -gdwarf-2  conftest.cc >&5
configure:3615: $? = 0
configure:3619: test -z 
			 || test ! -s conftest.err
configure:3622: $? = 0
configure:3625: test -s conftest.o
configure:3628: $? = 0
configure:3630: result: yes
configure:3958: /usr/bin/g++ -o conftest -g3 -gdwarf-2   -DCOINMP_BUILD   conftest.cc  >&5
configure:3964: $? = 0
configure:3968: test -z 
			 || test ! -s conftest.err
configure:3971: $? = 0
configure:3974: test -s conftest
configure:3977: $? = 0
configure:4044: C++ compiler options are: -g3 -gdwarf-2   -DCOINMP_BUILD
configure:4177: checking for egrep
configure:4187: result: grep -E
configure:4192: checking whether ln -s works
configure:4196: result: yes
configure:4217: checking for a BSD-compatible install
configure:4272: result: /usr/bin/install -c
configure:4283: checking whether build environment is sane
configure:4326: result: yes
configure:4391: checking for gawk
configure:4407: found /usr/bin/gawk
configure:4417: result: gawk
configure:4427: checking whether make sets $(MAKE)
configure:4447: result: yes
configure:4477: checking for style of include used by make
configure:4505: result: GNU
configure:4686: checking dependency style of /usr/bin/gcc
configure:4776: result: gcc3
configure:4795: checking dependency style of /usr/bin/g++
configure:4885: result: gcc3
configure:4903: checking whether to enable maintainer-specific portions of Makefiles
configure:4912: result: no
configure:5362: checking host system type
configure:5376: result: x86_64-unknown-linux-gnu
configure:5384: checking for a sed that does not truncate output
configure:5438: result: /usr/bin/sed
configure:5452: checking for ld used by /usr/bin/gcc
configure:5519: result: /usr/bin/ld
configure:5528: checking if the linker (/usr/bin/ld) is GNU ld
configure:5543: result: yes
configure:5548: checking for /usr/bin/ld option to reload object files
configure:5555: result: -r
configure:5573: checking for BSD-compatible nm
configure:5622: result: /usr/bin/nm -B
configure:5626: checking how to recognise dependent libraries
configure:5802: result: pass_all
configure:5889: /usr/bin/gcc -c -g3 -gdwarf-2   -DCOINMP_BUILD  conftest.c >&5
configure:5892: $? = 0
configure:6038: checking how to run the C preprocessor
configure:6073: /usr/bin/gcc -E  conftest.c
configure:6079: $? = 0
configure:6111: /usr/bin/gcc -E  conftest.c
conftest.c:21:28: fatal error: ac_nonexistent.h: No such file or directory
 #include <ac_nonexistent.h>
                            ^
compilation terminated.
configure:6117: $? = 1
configure: failed program was:
| /* confdefs.h.  */
| 
| #define PACKAGE_NAME "CoinMP"
| #define PACKAGE_TARNAME "coinmp"
| #define PACKAGE_VERSION "1.7"
| #define PACKAGE_STRING "CoinMP 1.7"
| #define PACKAGE_BUGREPORT "coinmp@list.coin-or.org"
| #define COINMP_VERSION "1.7"
| #define COINMP_VERSION_MAJOR 1
| #define COINMP_VERSION_MINOR 7
| #define COINMP_VERSION_RELEASE 9999
| #define COINMP_SVN_REV 640
| #define COIN_COINMP_VERBOSITY 0
| #define COIN_COINMP_CHECKLEVEL 0
| #ifdef __cplusplus
| extern "C" void exit (int) throw ();
| #endif
| #define PACKAGE "coinmp"
| #define VERSION "1.7"
| /* end confdefs.h.  */
| #include <ac_nonexistent.h>
configure:6156: result: /usr/bin/gcc -E
configure:6180: /usr/bin/gcc -E  conftest.c
configure:6186: $? = 0
configure:6218: /usr/bin/gcc -E  conftest.c
conftest.c:21:28: fatal error: ac_nonexistent.h: No such file or directory
 #include <ac_nonexistent.h>
                            ^
compilation terminated.
configure:6224: $? = 1
configure: failed program was:
| /* confdefs.h.  */
| 
| #define PACKAGE_NAME "CoinMP"
| #define PACKAGE_TARNAME "coinmp"
| #define PACKAGE_VERSION "1.7"
| #define PACKAGE_STRING "CoinMP 1.7"
| #define PACKAGE_BUGREPORT "coinmp@list.coin-or.org"
| #define COINMP_VERSION "1.7"
| #define COINMP_VERSION_MAJOR 1
| #define COINMP_VERSION_MINOR 7
| #define COINMP_VERSION_RELEASE 9999
| #define COINMP_SVN_REV 640
| #define COIN_COINMP_VERBOSITY 0
| #define COIN_COINMP_CHECKLEVEL 0
| #ifdef __cplusplus
| extern "C" void exit (int) throw ();
| #endif
| #define PACKAGE "coinmp"
| #define VERSION "1.7"
| /* end confdefs.h.  */
| #include <ac_nonexistent.h>
configure:6268: checking for ANSI C header files
configure:6293: /usr/bin/gcc -c -g3 -gdwarf-2   -DCOINMP_BUILD  conftest.c >&5
configure:6299: $? = 0
configure:6303: test -z 
			 || test ! -s conftest.err
configure:6306: $? = 0
configure:6309: test -s conftest.o
configure:6312: $? = 0
configure:6401: /usr/bin/gcc -o conftest -g3 -gdwarf-2   -DCOINMP_BUILD   conftest.c  >&5
conftest.c: In function 'main':
conftest.c:38:7: warning: incompatible implicit declaration of built-in function 'exit'
       exit(2);
       ^
configure:6404: $? = 0
configure:6406: ./conftest
configure:6409: $? = 0
configure:6424: result: yes
configure:6448: checking for sys/types.h
configure:6464: /usr/bin/gcc -c -g3 -gdwarf-2   -DCOINMP_BUILD  conftest.c >&5
configure:6470: $? = 0
configure:6474: test -z 
			 || test ! -s conftest.err
configure:6477: $? = 0
configure:6480: test -s conftest.o
configure:6483: $? = 0
configure:6494: result: yes
configure:6448: checking for sys/stat.h
configure:6464: /usr/bin/gcc -c -g3 -gdwarf-2   -DCOINMP_BUILD  conftest.c >&5
configure:6470: $? = 0
configure:6474: test -z 
			 || test ! -s conftest.err
configure:6477: $? = 0
configure:6480: test -s conftest.o
configure:6483: $? = 0
configure:6494: result: yes
configure:6448: checking for stdlib.h
configure:6464: /usr/bin/gcc -c -g3 -gdwarf-2   -DCOINMP_BUILD  conftest.c >&5
configure:6470: $? = 0
configure:6474: test -z 
			 || test ! -s conftest.err
configure:6477: $? = 0
configure:6480: test -s conftest.o
configure:6483: $? = 0
configure:6494: result: yes
configure:6448: checking for string.h
configure:6464: /usr/bin/gcc -c -g3 -gdwarf-2   -DCOINMP_BUILD  conftest.c >&5
configure:6470: $? = 0
configure:6474: test -z 
			 || test ! -s conftest.err
configure:6477: $? = 0
configure:6480: test -s conftest.o
configure:6483: $? = 0
configure:6494: result: yes
configure:6448: checking for memory.h
configure:6464: /usr/bin/gcc -c -g3 -gdwarf-2   -DCOINMP_BUILD  conftest.c >&5
configure:6470: $? = 0
configure:6474: test -z 
			 || test ! -s conftest.err
configure:6477: $? = 0
configure:6480: test -s conftest.o
configure:6483: $? = 0
configure:6494: result: yes
configure:6448: checking for strings.h
configure:6464: /usr/bin/gcc -c -g3 -gdwarf-2   -DCOINMP_BUILD  conftest.c >&5
configure:6470: $? = 0
configure:6474: test -z 
			 || test ! -s conftest.err
configure:6477: $? = 0
configure:6480: test -s conftest.o
configure:6483: $? = 0
configure:6494: result: yes
configure:6448: checking for inttypes.h
configure:6464: /usr/bin/gcc -c -g3 -gdwarf-2   -DCOINMP_BUILD  conftest.c >&5
configure:6470: $? = 0
configure:6474: test -z 
			 || test ! -s conftest.err
configure:6477: $? = 0
configure:6480: test -s conftest.o
configure:6483: $? = 0
configure:6494: result: yes
configure:6448: checking for stdint.h
configure:6464: /usr/bin/gcc -c -g3 -gdwarf-2   -DCOINMP_BUILD  conftest.c >&5
configure:6470: $? = 0
configure:6474: test -z 
			 || test ! -s conftest.err
configure:6477: $? = 0
configure:6480: test -s conftest.o
configure:6483: $? = 0
configure:6494: result: yes
configure:6448: checking for unistd.h
configure:6464: /usr/bin/gcc -c -g3 -gdwarf-2   -DCOINMP_BUILD  conftest.c >&5
configure:6470: $? = 0
configure:6474: test -z 
			 || test ! -s conftest.err
configure:6477: $? = 0
configure:6480: test -s conftest.o
configure:6483: $? = 0
configure:6494: result: yes
configure:6520: checking dlfcn.h usability
configure:6532: /usr/bin/gcc -c -g3 -gdwarf-2   -DCOINMP_BUILD  conftest.c >&5
configure:6538: $? = 0
configure:6542: test -z 
			 || test ! -s conftest.err
configure:6545: $? = 0
configure:6548: test -s conftest.o
configure:6551: $? = 0
configure:6561: result: yes
configure:6565: checking dlfcn.h presence
configure:6575: /usr/bin/gcc -E  conftest.c
configure:6581: $? = 0
configure:6601: result: yes
configure:6636: checking for dlfcn.h
configure:6643: result: yes
configure:6666: checking how to run the C++ preprocessor
configure:6697: /usr/bin/g++ -E  conftest.cc
configure:6703: $? = 0
configure:6735: /usr/bin/g++ -E  conftest.cc
conftest.cc:32:28: fatal error: ac_nonexistent.h: No such file or directory
 #include <ac_nonexistent.h>
                            ^
compilation terminated.
configure:6741: $? = 1
configure: failed program was:
| /* confdefs.h.  */
| 
| #define PACKAGE_NAME "CoinMP"
| #define PACKAGE_TARNAME "coinmp"
| #define PACKAGE_VERSION "1.7"
| #define PACKAGE_STRING "CoinMP 1.7"
| #define PACKAGE_BUGREPORT "coinmp@list.coin-or.org"
| #define COINMP_VERSION "1.7"
| #define COINMP_VERSION_MAJOR 1
| #define COINMP_VERSION_MINOR 7
| #define COINMP_VERSION_RELEASE 9999
| #define COINMP_SVN_REV 640
| #define COIN_COINMP_VERBOSITY 0
| #define COIN_COINMP_CHECKLEVEL 0
| #ifdef __cplusplus
| extern "C" void exit (int) throw ();
| #endif
| #define PACKAGE "coinmp"
| #define VERSION "1.7"
| #define STDC_HEADERS 1
| #define HAVE_SYS_TYPES_H 1
| #define HAVE_SYS_STAT_H 1
| #define HAVE_STDLIB_H 1
| #define HAVE_STRING_H 1
| #define HAVE_MEMORY_H 1
| #define HAVE_STRINGS_H 1
| #define HAVE_INTTYPES_H 1
| #define HAVE_STDINT_H 1
| #define HAVE_UNISTD_H 1
| #define HAVE_DLFCN_H 1
| /* end confdefs.h.  */
| #include <ac_nonexistent.h>
configure:6780: result: /usr/bin/g++ -E
configure:6804: /usr/bin/g++ -E  conftest.cc
configure:6810: $? = 0
configure:6842: /usr/bin/g++ -E  conftest.cc
conftest.cc:32:28: fatal error: ac_nonexistent.h: No such file or directory
 #include <ac_nonexistent.h>
                            ^
compilation terminated.
configure:6848: $? = 1
configure: failed program was:
| /* confdefs.h.  */
| 
| #define PACKAGE_NAME "CoinMP"
| #define PACKAGE_TARNAME "coinmp"
| #define PACKAGE_VERSION "1.7"
| #define PACKAGE_STRING "CoinMP 1.7"
| #define PACKAGE_BUGREPORT "coinmp@list.coin-or.org"
| #define COINMP_VERSION "1.7"
| #define COINMP_VERSION_MAJOR 1
| #define COINMP_VERSION_MINOR 7
| #define COINMP_VERSION_RELEASE 9999
| #define COINMP_SVN_REV 640
| #define COIN_COINMP_VERBOSITY 0
| #define COIN_COINMP_CHECKLEVEL 0
| #ifdef __cplusplus
| extern "C" void exit (int) throw ();
| #endif
| #define PACKAGE "coinmp"
| #define VERSION "1.7"
| #define STDC_HEADERS 1
| #define HAVE_SYS_TYPES_H 1
| #define HAVE_SYS_STAT_H 1
| #define HAVE_STDLIB_H 1
| #define HAVE_STRING_H 1
| #define HAVE_MEMORY_H 1
| #define HAVE_STRINGS_H 1
| #define HAVE_INTTYPES_H 1
| #define HAVE_STDINT_H 1
| #define HAVE_UNISTD_H 1
| #define HAVE_DLFCN_H 1
| /* end confdefs.h.  */
| #include <ac_nonexistent.h>
configure:6944: checking for g77
configure:6973: result: no
configure:6944: checking for f77
configure:6973: result: no
configure:6944: checking for xlf
configure:6973: result: no
configure:6944: checking for frt
configure:6973: result: no
configure:6944: checking for pgf77
configure:6973: result: no
configure:6944: checking for fort77
configure:6973: result: no
configure:6944: checking for fl32
configure:6973: result: no
configure:6944: checking for af77
configure:6973: result: no
configure:6944: checking for f90
configure:6973: result: no
configure:6944: checking for xlf90
configure:6973: result: no
configure:6944: checking for pgf90
configure:6973: result: no
configure:6944: checking for epcf90
configure:6973: result: no
configure:6944: checking for f95
configure:6960: found /usr/bin/f95
configure:6970: result: f95
configure:6985: checking for Fortran 77 compiler version
configure:6988: f95 --version </dev/null >&5
GNU Fortran (GCC) 4.9.2 20150212 (Red Hat 4.9.2-6)
Copyright (C) 2014 Free Software Foundation, Inc.

GNU Fortran comes with NO WARRANTY, to the extent permitted by law.
You may redistribute copies of GNU Fortran
under the terms of the GNU General Public License.
For more information about these matters, see the file named COPYING

configure:6991: $? = 0
configure:6993: f95 -v </dev/null >&5
Using built-in specs.
COLLECT_GCC=f95
COLLECT_LTO_WRAPPER=/usr/libexec/gcc/x86_64-redhat-linux/4.9.2/lto-wrapper
Target: x86_64-redhat-linux
Configured with: ../configure --prefix=/usr --mandir=/usr/share/man --infodir=/usr/share/info --with-bugurl=http://bugzilla.redhat.com/bugzilla --enable-bootstrap --enable-shared --enable-threads=posix --enable-checking=release --enable-multilib --with-system-zlib --enable-__cxa_atexit --disable-libunwind-exceptions --enable-gnu-unique-object --enable-linker-build-id --with-linker-hash-style=gnu --enable-languages=c,c++,objc,obj-c++,fortran,ada,go,lto --enable-plugin --enable-initfini-array --disable-libgcj --with-isl=/builddir/build/BUILD/gcc-4.9.2-20150212/obj-x86_64-redhat-linux/isl-install --with-cloog=/builddir/build/BUILD/gcc-4.9.2-20150212/obj-x86_64-redhat-linux/cloog-install --enable-gnu-indirect-function --with-tune=generic --with-arch_32=i686 --build=x86_64-redhat-linux
Thread model: posix
gcc version 4.9.2 20150212 (Red Hat 4.9.2-6) (GCC) 
configure:6996: $? = 0
configure:6998: f95 -V </dev/null >&5
f95: error: unrecognized command line option '-V'
f95: fatal error: no input files
compilation terminated.
configure:7001: $? = 4
configure:7009: checking whether we are using the GNU Fortran 77 compiler
configure:7023: f95 -c  conftest.F >&5
configure:7029: $? = 0
configure:7033: test -z 
			 || test ! -s conftest.err
configure:7036: $? = 0
configure:7039: test -s conftest.o
configure:7042: $? = 0
configure:7055: result: yes
configure:7061: checking whether f95 accepts -g
configure:7073: f95 -c -g conftest.f >&5
configure:7079: $? = 0
configure:7083: test -z 
			 || test ! -s conftest.err
configure:7086: $? = 0
configure:7089: test -s conftest.o
configure:7092: $? = 0
configure:7104: result: yes
configure:7134: checking the maximum length of command line arguments
configure:7243: result: 32768
configure:7254: checking command to parse /usr/bin/nm -B output from /usr/bin/gcc object
configure:7359: /usr/bin/gcc -c -g3 -gdwarf-2   -DCOINMP_BUILD  conftest.c >&5
configure:7362: $? = 0
configure:7366: /usr/bin/nm -B conftest.o \| sed -n -e 's/^.*[ 	]\([ABCDGIRSTW][ABCDGIRSTW]*\)[ 	][ 	]*\([_A-Za-z][_A-Za-z0-9]*\)$/\1 \2 \2/p' \> conftest.nm
configure:7369: $? = 0
configure:7421: /usr/bin/gcc -o conftest -g3 -gdwarf-2   -DCOINMP_BUILD   conftest.c conftstm.o >&5
configure:7424: $? = 0
configure:7462: result: ok
configure:7466: checking for objdir
configure:7481: result: .libs
configure:7571: checking for ar
configure:7587: found /usr/bin/ar
configure:7598: result: ar
configure:7651: checking for ranlib
configure:7667: found /usr/bin/ranlib
configure:7678: result: ranlib
configure:7731: checking for strip
configure:7747: found /usr/bin/strip
configure:7758: result: strip
configure:8034: checking if /usr/bin/gcc supports -fno-rtti -fno-exceptions
configure:8052: /usr/bin/gcc -c -g3 -gdwarf-2   -DCOINMP_BUILD  -fno-rtti -fno-exceptions conftest.c >&5
cc1: warning: command line option '-fno-rtti' is valid for C++/ObjC++ but not for C
configure:8056: $? = 0
configure:8069: result: no
configure:8084: checking for /usr/bin/gcc option to produce PIC
configure:8294: result: -fPIC
configure:8302: checking if /usr/bin/gcc PIC flag -fPIC works
configure:8320: /usr/bin/gcc -c -g3 -gdwarf-2   -DCOINMP_BUILD  -fPIC -DPIC conftest.c >&5
configure:8324: $? = 0
configure:8337: result: yes
configure:8365: checking if /usr/bin/gcc static flag -static works
configure:8393: result: no
configure:8403: checking if /usr/bin/gcc supports -c -o file.o
configure:8424: /usr/bin/gcc -c -g3 -gdwarf-2   -DCOINMP_BUILD  -o out/conftest2.o conftest.c >&5
configure:8428: $? = 0
configure:8450: result: yes
configure:8476: checking whether the /usr/bin/gcc linker (/usr/bin/ld -m elf_x86_64) supports shared libraries
configure:9434: result: yes
configure:9455: checking whether -lc should be explicitly linked in
configure:9460: /usr/bin/gcc -c -g3 -gdwarf-2   -DCOINMP_BUILD  conftest.c >&5
configure:9463: $? = 0
configure:9478: /usr/bin/gcc -shared conftest.o  -v -Wl,-soname -Wl,conftest -o conftest 2\>\&1 \| grep  -lc  \>/dev/null 2\>\&1
configure:9481: $? = 0
configure:9493: result: no
configure:9501: checking dynamic linker characteristics
configure:10089: result: GNU/Linux ld.so
configure:10098: checking how to hardcode library paths into programs
configure:10123: result: immediate
configure:10137: checking whether stripping libraries is possible
configure:10142: result: yes
configure:10976: checking if libtool supports shared libraries
configure:10978: result: yes
configure:10981: checking whether to build shared libraries
configure:11002: result: yes
configure:11005: checking whether to build static libraries
configure:11009: result: no
configure:11101: creating libtool
configure:11689: checking for ld used by /usr/bin/g++
configure:11756: result: /usr/bin/ld -m elf_x86_64
configure:11765: checking if the linker (/usr/bin/ld -m elf_x86_64) is GNU ld
configure:11780: result: yes
configure:11831: checking whether the /usr/bin/g++ linker (/usr/bin/ld -m elf_x86_64) supports shared libraries
configure:12769: result: yes
configure:12791: /usr/bin/g++ -c -g3 -gdwarf-2   -DCOINMP_BUILD  conftest.cpp >&5
configure:12794: $? = 0
configure:12913: checking for /usr/bin/g++ option to produce PIC
configure:13187: result: -fPIC
configure:13195: checking if /usr/bin/g++ PIC flag -fPIC works
configure:13213: /usr/bin/g++ -c -g3 -gdwarf-2   -DCOINMP_BUILD  -fPIC -DPIC conftest.cpp >&5
configure:13217: $? = 0
configure:13230: result: yes
configure:13258: checking if /usr/bin/g++ static flag -static works
configure:13286: result: no
configure:13296: checking if /usr/bin/g++ supports -c -o file.o
configure:13317: /usr/bin/g++ -c -g3 -gdwarf-2   -DCOINMP_BUILD  -o out/conftest2.o conftest.cpp >&5
configure:13321: $? = 0
configure:13343: result: yes
configure:13369: checking whether the /usr/bin/g++ linker (/usr/bin/ld -m elf_x86_64) supports shared libraries
configure:13394: result: yes
configure:13461: checking dynamic linker characteristics
configure:14049: result: GNU/Linux ld.so
configure:14058: checking how to hardcode library paths into programs
configure:14083: result: immediate
configure:14609: checking if libtool supports shared libraries
configure:14611: result: yes
configure:14614: checking whether to build shared libraries
configure:14634: result: yes
configure:14637: checking whether to build static libraries
configure:14641: result: no
configure:14651: checking for f95 option to produce PIC
configure:14861: result: -fPIC
configure:14869: checking if f95 PIC flag -fPIC works
configure:14887: f95 -c -g -O2 -fPIC conftest.f >&5
configure:14891: $? = 0
configure:14904: result: yes
configure:14932: checking if f95 static flag -static works
configure:14960: result: no
configure:14970: checking if f95 supports -c -o file.o
configure:14991: f95 -c -g -O2 -o out/conftest2.o conftest.f >&5
configure:14995: $? = 0
configure:15017: result: yes
configure:15043: checking whether the f95 linker (/usr/bin/ld -m elf_x86_64) supports shared libraries
configure:15981: result: yes
configure:16048: checking dynamic linker characteristics
configure:16636: result: GNU/Linux ld.so
configure:16645: checking how to hardcode library paths into programs
configure:16670: result: immediate
configure:20256: Build is "x86_64-unknown-linux-gnu".
configure:20486: checking if library version is set
configure:20493: result: no
configure:20566: checking for pkg-config
configure:20582: found /usr/bin/pkg-config
configure:20592: result: pkg-config
configure:20607: checking pkg-config is at least version 0.16.0
configure:20610: result: yes
configure:20706: checking for COIN-OR package Cbc
configure:20849: result: yes: 2.8 1.15 1.15 
configure:21240: checking which command should be used to link input files
configure:21248: result: ln -s
configure:21477: creating ./config.status

## ---------------------- ##
## Running config.status. ##
## ---------------------- ##

This file was extended by CoinMP config.status 1.7, which was
generated by GNU Autoconf 2.59.  Invocation command line was

  CONFIG_FILES    = 
  CONFIG_HEADERS  = 
  CONFIG_LINKS    = 
  CONFIG_COMMANDS = 
  $ ./config.status 

on localhost.localdomain

config.status:785: creating Makefile
config.status:785: creating src/Makefile
config.status:785: creating test/Makefile
config.status:785: creating examples/Makefile
config.status:785: creating coinmp.pc
config.status:785: creating coinmp-uninstalled.pc
config.status:889: creating src/config.h
config.status:1013: src/config.h is unchanged
config.status:889: creating src/config_coinmp.h
config.status:1013: src/config_coinmp.h is unchanged
config.status:1193: executing depfiles commands
configure:22913: In case of trouble, first consult the troubleshooting page at https://projects.coin-or.org/BuildTools/wiki/user-troubleshooting
configure:22916: Configuration of CoinMP successful

## ---------------- ##
## Cache variables. ##
## ---------------- ##

ac_cv_build=x86_64-unknown-linux-gnu
ac_cv_build_alias=x86_64-unknown-linux-gnu
ac_cv_c_compiler_gnu=yes
ac_cv_cxx_compiler_gnu=yes
ac_cv_env_ADD_CFLAGS_set=
ac_cv_env_ADD_CFLAGS_value=
ac_cv_env_ADD_CXXFLAGS_set=
ac_cv_env_ADD_CXXFLAGS_value=
ac_cv_env_CC_set=set
ac_cv_env_CC_value=/usr/bin/gcc
ac_cv_env_CDEFS_set=
ac_cv_env_CDEFS_value=
ac_cv_env_CFLAGS_set=set
ac_cv_env_CFLAGS_value='-g3 -gdwarf-2'
ac_cv_env_CPPFLAGS_set=
ac_cv_env_CPPFLAGS_value=
ac_cv_env_CPP_set=
ac_cv_env_CPP_value=
ac_cv_env_CXXCPP_set=
ac_cv_env_CXXCPP_value=
ac_cv_env_CXXDEFS_set=
ac_cv_env_CXXDEFS_value=
ac_cv_env_CXXFLAGS_set=set
ac_cv_env_CXXFLAGS_value='-g3 -gdwarf-2'
ac_cv_env_CXX_set=set
ac_cv_env_CXX_value=/usr/bin/g++
ac_cv_env_DBG_CFLAGS_set=
ac_cv_env_DBG_CFLAGS_value=
ac_cv_env_DBG_CXXFLAGS_set=
ac_cv_env_DBG_CXXFLAGS_value=
ac_cv_env_F77_set=
ac_cv_env_F77_value=
ac_cv_env_FFLAGS_set=
ac_cv_env_FFLAGS_value=
ac_cv_env_LDFLAGS_set=
ac_cv_env_LDFLAGS_value=
ac_cv_env_MPICC_set=
ac_cv_env_MPICC_value=
ac_cv_env_MPICXX_set=
ac_cv_env_MPICXX_value=
ac_cv_env_OPT_CFLAGS_set=
ac_cv_env_OPT_CFLAGS_value=
ac_cv_env_OPT_CXXFLAGS_set=
ac_cv_env_OPT_CXXFLAGS_value=
ac_cv_env_PKG_CONFIG_set=
ac_cv_env_PKG_CONFIG_value=
ac_cv_env_build_alias_set=
ac_cv_env_build_alias_value=
ac_cv_env_host_alias_set=
ac_cv_env_host_alias_value=
ac_cv_env_target_alias_set=
ac_cv_env_target_alias_value=
ac_cv_exeext=
ac_cv_f77_compiler_gnu=yes
ac_cv_header_dlfcn_h=yes
ac_cv_header_inttypes_h=yes
ac_cv_header_memory_h=yes
ac_cv_header_stdc=yes
ac_cv_header_stdint_h=yes
ac_cv_header_stdlib_h=yes
ac_cv_header_string_h=yes
ac_cv_header_strings_h=yes
ac_cv_header_sys_stat_h=yes
ac_cv_header_sys_types_h=yes
ac_cv_header_unistd_h=yes
ac_cv_host=x86_64-unknown-linux-gnu
ac_cv_host_alias=x86_64-unknown-linux-gnu
ac_cv_objext=o
ac_cv_path_install='/usr/bin/install -c'
ac_cv_prog_AWK=gawk
ac_cv_prog_CPP='/usr/bin/gcc -E'
ac_cv_prog_CXXCPP='/usr/bin/g++ -E'
ac_cv_prog_ac_ct_AR=ar
ac_cv_prog_ac_ct_F77=f95
ac_cv_prog_ac_ct_PKG_CONFIG=pkg-config
ac_cv_prog_ac_ct_RANLIB=ranlib
ac_cv_prog_ac_ct_STRIP=strip
ac_cv_prog_cc_g=yes
ac_cv_prog_cc_stdc=
ac_cv_prog_cxx_g=yes
ac_cv_prog_egrep='grep -E'
ac_cv_prog_f77_g=yes
ac_cv_prog_have_svnversion=yes
ac_cv_prog_make_make_set=yes
am_cv_CC_dependencies_compiler_type=gcc3
am_cv_CXX_dependencies_compiler_type=gcc3
lt_cv_deplibs_check_method=pass_all
lt_cv_file_magic_cmd='$MAGIC_CMD'
lt_cv_file_magic_test_file=
lt_cv_ld_reload_flag=-r
lt_cv_objdir=.libs
lt_cv_path_LD=/usr/bin/ld
lt_cv_path_LDCXX='/usr/bin/ld -m elf_x86_64'
lt_cv_path_NM='/usr/bin/nm -B'
lt_cv_path_SED=/usr/bin/sed
lt_cv_prog_compiler_c_o=yes
lt_cv_prog_compiler_c_o_CXX=yes
lt_cv_prog_compiler_c_o_F77=yes
lt_cv_prog_compiler_rtti_exceptions=no
lt_cv_prog_gnu_ld=yes
lt_cv_prog_gnu_ldcxx=yes
lt_cv_sys_global_symbol_pipe='sed -n -e '\''s/^.*[ 	]\([ABCDGIRSTW][ABCDGIRSTW]*\)[ 	][ 	]*\([_A-Za-z][_A-Za-z0-9]*\)$/\1 \2 \2/p'\'''
lt_cv_sys_global_symbol_to_c_name_address='sed -n -e '\''s/^: \([^ ]*\) $/  {\"\1\", (lt_ptr) 0},/p'\'' -e '\''s/^[BCDEGRST] \([^ ]*\) \([^ ]*\)$/  {"\2", (lt_ptr) \&\2},/p'\'''
lt_cv_sys_global_symbol_to_cdecl='sed -n -e '\''s/^. .* \(.*\)$/extern int \1;/p'\'''
lt_cv_sys_max_cmd_len=32768
lt_lt_cv_prog_compiler_c_o='"yes"'
lt_lt_cv_prog_compiler_c_o_CXX='"yes"'
lt_lt_cv_prog_compiler_c_o_F77='"yes"'
lt_lt_cv_sys_global_symbol_pipe='"sed -n -e '\''s/^.*[ 	]\\([ABCDGIRSTW][ABCDGIRSTW]*\\)[ 	][ 	]*\\([_A-Za-z][_A-Za-z0-9]*\\)\$/\\1 \\2 \\2/p'\''"'
lt_lt_cv_sys_global_symbol_to_c_name_address='"sed -n -e '\''s/^: \\([^ ]*\\) \$/  {\\\"\\1\\\", (lt_ptr) 0},/p'\'' -e '\''s/^[BCDEGRST] \\([^ ]*\\) \\([^ ]*\\)\$/  {\"\\2\", (lt_ptr) \\&\\2},/p'\''"'
lt_lt_cv_sys_global_symbol_to_cdecl='"sed -n -e '\''s/^. .* \\(.*\\)\$/extern int \\1;/p'\''"'

## ----------------- ##
## Output variables. ##
## ----------------- ##

ABSBUILDDIR='/home/raffa/Documents/discOpt/CoinMP/CoinMP'
ACLOCAL='${SHELL} /home/raffa/Documents/discOpt/CoinMP/CoinMP/missing --run aclocal-1.9'
ADD_CFLAGS=''
ADD_CXXFLAGS=''
ALWAYS_FALSE_FALSE=''
ALWAYS_FALSE_TRUE='#'
AMDEPBACKSLASH='\'
AMDEP_FALSE='#'
AMDEP_TRUE=''
AMTAR='${SHELL} /home/raffa/Documents/discOpt/CoinMP/CoinMP/missing --run tar'
AR='ar'
AUTOCONF='${SHELL} /home/raffa/Documents/discOpt/CoinMP/CoinMP/missing --run autoconf'
AUTOHEADER='${SHELL} /home/raffa/Documents/discOpt/CoinMP/CoinMP/missing --run autoheader'
AUTOMAKE='${SHELL} /home/raffa/Documents/discOpt/CoinMP/CoinMP/missing --run automake-1.9'
AUX_DIR=''
AWK='gawk'
BUILDTOOLSDIR=''
CBC_CFLAGS='-I/home/raffa/Documents/discOpt/CoinMP/Cbc/src -I/home/raffa/Documents/discOpt/CoinMP/Cgl/src -I/home/raffa/Documents/discOpt/CoinMP/Cgl/src/CglAllDifferent -I/home/raffa/Documents/discOpt/CoinMP/Cgl/src/CglClique -I/home/raffa/Documents/discOpt/CoinMP/Cgl/src/CglDuplicateRow -I/home/raffa/Documents/discOpt/CoinMP/Cgl/src/CglFlowCover -I/home/raffa/Documents/discOpt/CoinMP/Cgl/src/CglGMI -I/home/raffa/Documents/discOpt/CoinMP/Cgl/src/CglGomory -I/home/raffa/Documents/discOpt/CoinMP/Cgl/src/CglKnapsackCover -I/home/raffa/Documents/discOpt/CoinMP/Cgl/src/CglLandP -I/home/raffa/Documents/discOpt/CoinMP/Cgl/src/CglLiftAndProject -I/home/raffa/Documents/discOpt/CoinMP/Cgl/src/CglMixedIntegerRounding -I/home/raffa/Documents/discOpt/CoinMP/Cgl/src/CglMixedIntegerRounding2 -I/home/raffa/Documents/discOpt/CoinMP/Cgl/src/CglOddHole -I/home/raffa/Documents/discOpt/CoinMP/Cgl/src/CglPreProcess -I/home/raffa/Documents/discOpt/CoinMP/Cgl/src/CglProbing -I/home/raffa/Documents/discOpt/CoinMP/Cgl/src/CglRedSplit -I/home/raffa/Documents/discOpt/CoinMP/Cgl/src/CglRedSplit2 -I/home/raffa/Documents/discOpt/CoinMP/Cgl/src/CglResidualCapacity -I/home/raffa/Documents/discOpt/CoinMP/Cgl/src/CglSimpleRounding -I/home/raffa/Documents/discOpt/CoinMP/Cgl/src/CglTwomir -I/home/raffa/Documents/discOpt/CoinMP/Cgl/src/CglZeroHalf -I/home/raffa/Documents/discOpt/CoinMP/Cgl/src -I/home/raffa/Documents/discOpt/CoinMP/Clp/src/OsiClp -I/home/raffa/Documents/discOpt/CoinMP/Clp/src -I/home/raffa/Documents/discOpt/CoinMP/Osi/src/Osi -I/home/raffa/Documents/discOpt/CoinMP/CoinUtils/src '
CBC_CFLAGS_INSTALLED=''
CBC_DATA=''
CBC_DATA_INSTALLED=''
CBC_DEPENDENCIES=' /home/raffa/Documents/discOpt/CoinMP/Cbc/src/libCbcSolver.la /home/raffa/Documents/discOpt/CoinMP/Cbc/src/libCbc.la /home/raffa/Documents/discOpt/CoinMP/Cgl/src/libCgl.la /home/raffa/Documents/discOpt/CoinMP/Clp/src/OsiClp/libOsiClp.la /home/raffa/Documents/discOpt/CoinMP/Clp/src/libClp.la /home/raffa/Documents/discOpt/CoinMP/Osi/src/Osi/libOsi.la /home/raffa/Documents/discOpt/CoinMP/CoinUtils/src/libCoinUtils.la '
CBC_LIBS='/home/raffa/Documents/discOpt/CoinMP/Cbc/src/libCbcSolver.la /home/raffa/Documents/discOpt/CoinMP/Cbc/src/libCbc.la /home/raffa/Documents/discOpt/CoinMP/Cgl/src/libCgl.la /home/raffa/Documents/discOpt/CoinMP/Clp/src/OsiClp/libOsiClp.la /home/raffa/Documents/discOpt/CoinMP/Clp/src/libClp.la /home/raffa/Documents/discOpt/CoinMP/Osi/src/Osi/libOsi.la /home/raffa/Documents/discOpt/CoinMP/CoinUtils/src/libCoinUtils.la -lbz2 -lz -llapack -lblas -lm '
CBC_LIBS_INSTALLED=''
CC='/usr/bin/gcc'
CCDEPMODE='depmode=gcc3'
CDEFS=''
CFLAGS='-g3 -gdwarf-2   -DCOINMP_BUILD'
COINMP_CFLAGS='-I/home/raffa/Documents/discOpt/CoinMP/Cbc/src -I/home/raffa/Documents/discOpt/CoinMP/Cgl/src -I/home/raffa/Documents/discOpt/CoinMP/Cgl/src/CglAllDifferent -I/home/raffa/Documents/discOpt/CoinMP/Cgl/src/CglClique -I/home/raffa/Documents/discOpt/CoinMP/Cgl/src/CglDuplicateRow -I/home/raffa/Documents/discOpt/CoinMP/Cgl/src/CglFlowCover -I/home/raffa/Documents/discOpt/CoinMP/Cgl/src/CglGMI -I/home/raffa/Documents/discOpt/CoinMP/Cgl/src/CglGomory -I/home/raffa/Documents/discOpt/CoinMP/Cgl/src/CglKnapsackCover -I/home/raffa/Documents/discOpt/CoinMP/Cgl/src/CglLandP -I/home/raffa/Documents/discOpt/CoinMP/Cgl/src/CglLiftAndProject -I/home/raffa/Documents/discOpt/CoinMP/Cgl/src/CglMixedIntegerRounding -I/home/raffa/Documents/discOpt/CoinMP/Cgl/src/CglMixedIntegerRounding2 -I/home/raffa/Documents/discOpt/CoinMP/Cgl/src/CglOddHole -I/home/raffa/Documents/discOpt/CoinMP/Cgl/src/CglPreProcess -I/home/raffa/Documents/discOpt/CoinMP/Cgl/src/CglProbing -I/home/raffa/Documents/discOpt/CoinMP/Cgl/src/CglRedSplit -I/home/raffa/Documents/discOpt/CoinMP/Cgl/src/CglRedSplit2 -I/home/raffa/Documents/discOpt/CoinMP/Cgl/src/CglResidualCapacity -I/home/raffa/Documents/discOpt/CoinMP/Cgl/src/CglSimpleRounding -I/home/raffa/Documents/discOpt/CoinMP/Cgl/src/CglTwomir -I/home/raffa/Documents/discOpt/CoinMP/Cgl/src/CglZeroHalf -I/home/raffa/Documents/discOpt/CoinMP/Cgl/src -I/home/raffa/Documents/discOpt/CoinMP/Clp/src/OsiClp -I/home/raffa/Documents/discOpt/CoinMP/Clp/src -I/home/raffa/Documents/discOpt/CoinMP/Osi/src/Osi -I/home/raffa/Documents/discOpt/CoinMP/CoinUtils/src  '
COINMP_CFLAGS_INSTALLED=''
COINMP_DEPENDENCIES=' /home/raffa/Documents/discOpt/CoinMP/Cbc/src/libCbcSolver.la /home/raffa/Documents/discOpt/CoinMP/Cbc/src/libCbc.la /home/raffa/Documents/discOpt/CoinMP/Cgl/src/libCgl.la /home/raffa/Documents/discOpt/CoinMP/Clp/src/OsiClp/libOsiClp.la /home/raffa/Documents/discOpt/CoinMP/Clp/src/libClp.la /home/raffa/Documents/discOpt/CoinMP/Osi/src/Osi/libOsi.la /home/raffa/Documents/discOpt/CoinMP/CoinUtils/src/libCoinUtils.la   '
COINMP_LIBS='/home/raffa/Documents/discOpt/CoinMP/Cbc/src/libCbcSolver.la /home/raffa/Documents/discOpt/CoinMP/Cbc/src/libCbc.la /home/raffa/Documents/discOpt/CoinMP/Cgl/src/libCgl.la /home/raffa/Documents/discOpt/CoinMP/Clp/src/OsiClp/libOsiClp.la /home/raffa/Documents/discOpt/CoinMP/Clp/src/libClp.la /home/raffa/Documents/discOpt/CoinMP/Osi/src/Osi/libOsi.la /home/raffa/Documents/discOpt/CoinMP/CoinUtils/src/libCoinUtils.la -lbz2 -lz -llapack -lblas -lm  '
COINMP_LIBS_INSTALLED=''
COINMP_PCLIBS=''
COINMP_PCREQUIRES='cbc clp osi-clp '
COINMP_SVN_REV='640'
COIN_CC_IS_CL_FALSE=''
COIN_CC_IS_CL_TRUE='#'
COIN_CXX_IS_CL_FALSE=''
COIN_CXX_IS_CL_TRUE='#'
COIN_HAS_CBC_FALSE='#'
COIN_HAS_CBC_TRUE=''
COIN_HAS_PKGCONFIG_FALSE='#'
COIN_HAS_PKGCONFIG_TRUE=''
COIN_PKG_CONFIG_PATH='/home/raffa/Documents/discOpt/CoinMP/lib64/pkgconfig:/home/raffa/Documents/discOpt/CoinMP/lib/pkgconfig:/home/raffa/Documents/discOpt/CoinMP/share/pkgconfig:'
COIN_PKG_CONFIG_PATH_UNINSTALLED='/home/raffa/Documents/discOpt/CoinMP/CoinMP:/home/raffa/Documents/discOpt/CoinMP/Cbc:/home/raffa/Documents/discOpt/CoinMP/Cgl:/home/raffa/Documents/discOpt/CoinMP/Clp:/home/raffa/Documents/discOpt/CoinMP/Osi:/home/raffa/Documents/discOpt/CoinMP/CoinUtils:/home/raffa/Documents/discOpt/CoinMP/Data/Sample:'
CPP='/usr/bin/gcc -E'
CPPFLAGS=''
CXX='/usr/bin/g++'
CXXCPP='/usr/bin/g++ -E'
CXXDEFS=''
CXXDEPMODE='depmode=gcc3'
CXXFLAGS='-g3 -gdwarf-2   -DCOINMP_BUILD'
CYGPATH_W='echo'
DBG_CFLAGS='-g3 -gdwarf-2  '
DBG_CXXFLAGS='-g3 -gdwarf-2  '
DEFS='-DHAVE_CONFIG_H'
DEPDIR='.deps'
DEPENDENCY_LINKING_FALSE=''
DEPENDENCY_LINKING_TRUE='#'
ECHO='echo'
ECHO_C=''
ECHO_N='-n'
ECHO_T=''
EGREP='grep -E'
EXEEXT=''
F77='f95'
FFLAGS='-g -O2'
HAVE_EXTERNALS_FALSE=''
HAVE_EXTERNALS_TRUE='#'
INSTALL_DATA='${INSTALL} -m 644'
INSTALL_PROGRAM='${INSTALL}'
INSTALL_SCRIPT='${INSTALL}'
INSTALL_STRIP_PROGRAM='${SHELL} $(install_sh) -c -s'
LDFLAGS=''
LIBEXT='a'
LIBOBJS=''
LIBS=''
LIBTOOL='$(SHELL) $(top_builddir)/libtool'
LIBTOOLM4=''
LN_S='ln -s'
LTLIBOBJS=''
LT_LDFLAGS=''
MAINT='#'
MAINTAINER_MODE_FALSE=''
MAINTAINER_MODE_TRUE='#'
MAKEINFO='${SHELL} /home/raffa/Documents/discOpt/CoinMP/CoinMP/missing --run makeinfo'
MPICC=''
MPICXX=''
OBJEXT='o'
OPT_CFLAGS='-g3 -gdwarf-2  '
OPT_CXXFLAGS='-g3 -gdwarf-2  '
PACKAGE='coinmp'
PACKAGE_BUGREPORT='coinmp@list.coin-or.org'
PACKAGE_NAME='CoinMP'
PACKAGE_STRING='CoinMP 1.7'
PACKAGE_TARNAME='coinmp'
PACKAGE_VERSION='1.7'
PATH_SEPARATOR=':'
PKG_CONFIG='pkg-config'
RANLIB='ranlib'
RPATH_FLAGS=' -Wl,--rpath -Wl,/home/raffa/Documents/discOpt/CoinMP/lib'
SET_MAKE=''
SHELL='/bin/sh'
STRIP='strip'
VERSION='1.7'
VPATH_DISTCLEANFILES=''
abs_bin_dir='/home/raffa/Documents/discOpt/CoinMP/bin'
abs_include_dir='/home/raffa/Documents/discOpt/CoinMP/include'
abs_lib_dir='/home/raffa/Documents/discOpt/CoinMP/lib'
abs_source_dir='/home/raffa/Documents/discOpt/CoinMP/CoinMP'
ac_c_preproc_warn_flag=''
ac_ct_AR='ar'
ac_ct_CC=''
ac_ct_CXX=''
ac_ct_F77='f95'
ac_ct_PKG_CONFIG='pkg-config'
ac_ct_RANLIB='ranlib'
ac_ct_STRIP='strip'
ac_cxx_preproc_warn_flag=''
am__fastdepCC_FALSE='#'
am__fastdepCC_TRUE=''
am__fastdepCXX_FALSE='#'
am__fastdepCXX_TRUE=''
am__include='include'
am__leading_dot='.'
am__quote=''
am__tar='${AMTAR} chof - "$$tardir"'
am__untar='${AMTAR} xf -'
bindir='${exec_prefix}/bin'
build='x86_64-unknown-linux-gnu'
build_alias=''
build_cpu='x86_64'
build_os='linux-gnu'
build_vendor='unknown'
datadir='${prefix}/share'
exec_prefix='${prefix}'
have_autoconf=''
have_automake=''
have_svn=''
have_svnversion='yes'
host='x86_64-unknown-linux-gnu'
host_alias=''
host_cpu='x86_64'
host_os='linux-gnu'
host_vendor='unknown'
includedir='${prefix}/include'
infodir='${prefix}/info'
install_sh='/home/raffa/Documents/discOpt/CoinMP/CoinMP/install-sh'
libdir='${exec_prefix}/lib'
libexecdir='${exec_prefix}/libexec'
localstatedir='${prefix}/var'
mandir='${prefix}/man'
mkdir_p='mkdir -p --'
oldincludedir='/usr/include'
prefix='/home/raffa/Documents/discOpt/CoinMP'
program_transform_name='s,x,x,'
sbindir='${exec_prefix}/sbin'
sharedstatedir='${prefix}/com'
sol_cc_compiler=''
sysconfdir='${prefix}/etc'
target_alias=''

## ----------- ##
## confdefs.h. ##
## ----------- ##

#define COINMP_SVN_REV 640
#define COINMP_VERSION "1.7"
#define COINMP_VERSION_MAJOR 1
#define COINMP_VERSION_MINOR 7
#define COINMP_VERSION_RELEASE 9999
#define COIN_COINMP_CHECKLEVEL 0
#define COIN_COINMP_VERBOSITY 0
#define COIN_HAS_CBC 1
#define HAVE_DLFCN_H 1
#define HAVE_INTTYPES_H 1
#define HAVE_MEMORY_H 1
#define HAVE_STDINT_H 1
#define HAVE_STDLIB_H 1
#define HAVE_STRINGS_H 1
#define HAVE_STRING_H 1
#define HAVE_SYS_STAT_H 1
#define HAVE_SYS_TYPES_H 1
#define HAVE_UNISTD_H 1
#define PACKAGE "coinmp"
#define PACKAGE_BUGREPORT "coinmp@list.coin-or.org"
#define PACKAGE_NAME "CoinMP"
#define PACKAGE_STRING "CoinMP 1.7"
#define PACKAGE_TARNAME "coinmp"
#define PACKAGE_VERSION "1.7"
#define STDC_HEADERS 1
#define VERSION "1.7"
#endif
#ifdef __cplusplus
extern "C" void exit (int) throw ();

configure: exit 0
