This file contains any messages produced by compilers while
running configure, to aid debugging if configure makes a mistake.

It was created by CoinUtils configure 2.9, which was
generated by GNU Autoconf 2.59.  Invocation command line was

  $ ./configure --prefix=/home/raffa/Documents/discOpt/CoinMP CC=/usr/bin/gcc CXX=/usr/bin/g++ CFLAGS=-g3 -gdwarf-2 CXXFLAGS=-g3 -gdwarf-2 --cache-file=/dev/null --srcdir=.

## --------- ##
## Platform. ##
## --------- ##

hostname = localhost.localdomain
uname -m = x86_64
uname -r = 3.18.8-201.fc21.x86_64
uname -s = Linux
uname -v = #1 SMP Fri Feb 27 18:18:27 UTC 2015

/usr/bin/uname -p = x86_64
/bin/uname -X     = unknown

/bin/arch              = x86_64
/usr/bin/arch -k       = unknown
/usr/convex/getsysinfo = unknown
hostinfo               = unknown
/bin/machine           = unknown
/usr/bin/oslevel       = unknown
/bin/universe          = unknown

PATH: /usr/bin
PATH: /usr/local/bin
PATH: /usr/local/sbin
PATH: /usr/bin
PATH: /usr/sbin
PATH: /bin
PATH: /sbin
PATH: /home/raffa/.local/bin
PATH: /home/raffa/bin


## ----------- ##
## Core tests. ##
## ----------- ##

configure:1709: checking build system type
configure:1727: result: x86_64-unknown-linux-gnu
configure:1800: checking for svnversion
configure:1816: found /usr/bin/svnversion
configure:1827: result: yes
configure:1856: checking whether we want to compile in debug mode
configure:1902: result: no
configure:2199: checking for C compiler version
configure:2202: /usr/bin/gcc --version </dev/null >&5
gcc (GCC) 4.9.2 20150212 (Red Hat 4.9.2-6)
Copyright (C) 2014 Free Software Foundation, Inc.
This is free software; see the source for copying conditions.  There is NO
warranty; not even for MERCHANTABILITY or FITNESS FOR A PARTICULAR PURPOSE.

configure:2205: $? = 0
configure:2207: /usr/bin/gcc -v </dev/null >&5
Using built-in specs.
COLLECT_GCC=/usr/bin/gcc
COLLECT_LTO_WRAPPER=/usr/libexec/gcc/x86_64-redhat-linux/4.9.2/lto-wrapper
Target: x86_64-redhat-linux
Configured with: ../configure --prefix=/usr --mandir=/usr/share/man --infodir=/usr/share/info --with-bugurl=http://bugzilla.redhat.com/bugzilla --enable-bootstrap --enable-shared --enable-threads=posix --enable-checking=release --enable-multilib --with-system-zlib --enable-__cxa_atexit --disable-libunwind-exceptions --enable-gnu-unique-object --enable-linker-build-id --with-linker-hash-style=gnu --enable-languages=c,c++,objc,obj-c++,fortran,ada,go,lto --enable-plugin --enable-initfini-array --disable-libgcj --with-isl=/builddir/build/BUILD/gcc-4.9.2-20150212/obj-x86_64-redhat-linux/isl-install --with-cloog=/builddir/build/BUILD/gcc-4.9.2-20150212/obj-x86_64-redhat-linux/cloog-install --enable-gnu-indirect-function --with-tune=generic --with-arch_32=i686 --build=x86_64-redhat-linux
Thread model: posix
gcc version 4.9.2 20150212 (Red Hat 4.9.2-6) (GCC) 
configure:2210: $? = 0
configure:2212: /usr/bin/gcc -V </dev/null >&5
gcc: error: unrecognized command line option '-V'
gcc: fatal error: no input files
compilation terminated.
configure:2215: $? = 4
configure:2238: checking for C compiler default output file name
configure:2241: /usr/bin/gcc -g3 -gdwarf-2   conftest.c  >&5
configure:2244: $? = 0
configure:2290: result: a.out
configure:2295: checking whether the C compiler works
configure:2301: ./a.out
configure:2304: $? = 0
configure:2321: result: yes
configure:2328: checking whether we are cross compiling
configure:2330: result: no
configure:2333: checking for suffix of executables
configure:2335: /usr/bin/gcc -o conftest -g3 -gdwarf-2   conftest.c  >&5
configure:2338: $? = 0
configure:2363: result: 
configure:2369: checking for suffix of object files
configure:2390: /usr/bin/gcc -c -g3 -gdwarf-2  conftest.c >&5
configure:2393: $? = 0
configure:2415: result: o
configure:2419: checking whether we are using the GNU C compiler
configure:2443: /usr/bin/gcc -c -g3 -gdwarf-2  conftest.c >&5
configure:2449: $? = 0
configure:2453: test -z 
			 || test ! -s conftest.err
configure:2456: $? = 0
configure:2459: test -s conftest.o
configure:2462: $? = 0
configure:2475: result: yes
configure:2481: checking whether /usr/bin/gcc accepts -g
configure:2502: /usr/bin/gcc -c -g  conftest.c >&5
configure:2508: $? = 0
configure:2512: test -z 
			 || test ! -s conftest.err
configure:2515: $? = 0
configure:2518: test -s conftest.o
configure:2521: $? = 0
configure:2532: result: yes
configure:2549: checking for /usr/bin/gcc option to accept ANSI C
configure:2619: /usr/bin/gcc  -c -g3 -gdwarf-2  conftest.c >&5
configure:2625: $? = 0
configure:2629: test -z 
			 || test ! -s conftest.err
configure:2632: $? = 0
configure:2635: test -s conftest.o
configure:2638: $? = 0
configure:2656: result: none needed
configure:2674: /usr/bin/gcc -c -g3 -gdwarf-2  conftest.c >&5
conftest.c:2:3: error: unknown type name 'choke'
   choke me
   ^
conftest.c:2:3: error: expected '=', ',', ';', 'asm' or '__attribute__' at end of input
configure:2680: $? = 1
configure: failed program was:
| #ifndef __cplusplus
|   choke me
| #endif
configure:3108: /usr/bin/gcc -o conftest -g3 -gdwarf-2   -DCOINUTILS_BUILD   conftest.c  >&5
configure:3114: $? = 0
configure:3118: test -z 
			 || test ! -s conftest.err
configure:3121: $? = 0
configure:3124: test -s conftest
configure:3127: $? = 0
configure:3194: C compiler options are: -g3 -gdwarf-2   -DCOINUTILS_BUILD
configure:3351: checking for C++ compiler version
configure:3354: /usr/bin/g++ --version </dev/null >&5
g++ (GCC) 4.9.2 20150212 (Red Hat 4.9.2-6)
Copyright (C) 2014 Free Software Foundation, Inc.
This is free software; see the source for copying conditions.  There is NO
warranty; not even for MERCHANTABILITY or FITNESS FOR A PARTICULAR PURPOSE.

configure:3357: $? = 0
configure:3359: /usr/bin/g++ -v </dev/null >&5
Using built-in specs.
COLLECT_GCC=/usr/bin/g++
COLLECT_LTO_WRAPPER=/usr/libexec/gcc/x86_64-redhat-linux/4.9.2/lto-wrapper
Target: x86_64-redhat-linux
Configured with: ../configure --prefix=/usr --mandir=/usr/share/man --infodir=/usr/share/info --with-bugurl=http://bugzilla.redhat.com/bugzilla --enable-bootstrap --enable-shared --enable-threads=posix --enable-checking=release --enable-multilib --with-system-zlib --enable-__cxa_atexit --disable-libunwind-exceptions --enable-gnu-unique-object --enable-linker-build-id --with-linker-hash-style=gnu --enable-languages=c,c++,objc,obj-c++,fortran,ada,go,lto --enable-plugin --enable-initfini-array --disable-libgcj --with-isl=/builddir/build/BUILD/gcc-4.9.2-20150212/obj-x86_64-redhat-linux/isl-install --with-cloog=/builddir/build/BUILD/gcc-4.9.2-20150212/obj-x86_64-redhat-linux/cloog-install --enable-gnu-indirect-function --with-tune=generic --with-arch_32=i686 --build=x86_64-redhat-linux
Thread model: posix
gcc version 4.9.2 20150212 (Red Hat 4.9.2-6) (GCC) 
configure:3362: $? = 0
configure:3364: /usr/bin/g++ -V </dev/null >&5
g++: error: unrecognized command line option '-V'
g++: fatal error: no input files
compilation terminated.
configure:3367: $? = 4
configure:3370: checking whether we are using the GNU C++ compiler
configure:3394: /usr/bin/g++ -c -g3 -gdwarf-2  conftest.cc >&5
configure:3400: $? = 0
configure:3404: test -z 
			 || test ! -s conftest.err
configure:3407: $? = 0
configure:3410: test -s conftest.o
configure:3413: $? = 0
configure:3426: result: yes
configure:3432: checking whether /usr/bin/g++ accepts -g
configure:3453: /usr/bin/g++ -c -g  conftest.cc >&5
configure:3459: $? = 0
configure:3463: test -z 
			 || test ! -s conftest.err
configure:3466: $? = 0
configure:3469: test -s conftest.o
configure:3472: $? = 0
configure:3483: result: yes
configure:3525: /usr/bin/g++ -c -g3 -gdwarf-2  conftest.cc >&5
configure:3531: $? = 0
configure:3535: test -z 
			 || test ! -s conftest.err
configure:3538: $? = 0
configure:3541: test -s conftest.o
configure:3544: $? = 0
configure:3570: /usr/bin/g++ -c -g3 -gdwarf-2  conftest.cc >&5
conftest.cc: In function 'int main()':
conftest.cc:20:9: error: 'exit' was not declared in this scope
 exit (42);
         ^
configure:3576: $? = 1
configure: failed program was:
| /* confdefs.h.  */
| 
| #define PACKAGE_NAME "CoinUtils"
| #define PACKAGE_TARNAME "coinutils"
| #define PACKAGE_VERSION "2.9"
| #define PACKAGE_STRING "CoinUtils 2.9"
| #define PACKAGE_BUGREPORT "http://projects.coin-or.org/CoinUtils"
| #define COINUTILS_VERSION "2.9"
| #define COINUTILS_VERSION_MAJOR 2
| #define COINUTILS_VERSION_MINOR 9
| #define COINUTILS_VERSION_RELEASE 9999
| #define COINUTILS_SVN_REV 1808
| #define COIN_COINUTILS_VERBOSITY 0
| #define COIN_COINUTILS_CHECKLEVEL 0
| /* end confdefs.h.  */
| 
| int
| main ()
| {
| exit (42);
|   ;
|   return 0;
| }
configure:3525: /usr/bin/g++ -c -g3 -gdwarf-2  conftest.cc >&5
conftest.cc:16:40: error: 'void std::exit(int)' should have been declared inside 'std'
 extern "C" void std::exit (int) throw (); using std::exit;
                                        ^
configure:3531: $? = 1
configure: failed program was:
| /* confdefs.h.  */
| 
| #define PACKAGE_NAME "CoinUtils"
| #define PACKAGE_TARNAME "coinutils"
| #define PACKAGE_VERSION "2.9"
| #define PACKAGE_STRING "CoinUtils 2.9"
| #define PACKAGE_BUGREPORT "http://projects.coin-or.org/CoinUtils"
| #define COINUTILS_VERSION "2.9"
| #define COINUTILS_VERSION_MAJOR 2
| #define COINUTILS_VERSION_MINOR 9
| #define COINUTILS_VERSION_RELEASE 9999
| #define COINUTILS_SVN_REV 1808
| #define COIN_COINUTILS_VERBOSITY 0
| #define COIN_COINUTILS_CHECKLEVEL 0
| /* end confdefs.h.  */
| extern "C" void std::exit (int) throw (); using std::exit;
| #include <stdlib.h>
| int
| main ()
| {
| exit (42);
|   ;
|   return 0;
| }
configure:3525: /usr/bin/g++ -c -g3 -gdwarf-2  conftest.cc >&5
conftest.cc:16:31: error: 'void std::exit(int)' should have been declared inside 'std'
 extern "C" void std::exit (int); using std::exit;
                               ^
In file included from conftest.cc:17:0:
/usr/include/stdlib.h:543:70: error: declaration of 'void std::exit(int) throw ()' has a different exception specifier
 extern void exit (int __status) __THROW __attribute__ ((__noreturn__));
                                                                      ^
conftest.cc:16:17: error: from previous declaration 'void std::exit(int)'
 extern "C" void std::exit (int); using std::exit;
                 ^
configure:3531: $? = 1
configure: failed program was:
| /* confdefs.h.  */
| 
| #define PACKAGE_NAME "CoinUtils"
| #define PACKAGE_TARNAME "coinutils"
| #define PACKAGE_VERSION "2.9"
| #define PACKAGE_STRING "CoinUtils 2.9"
| #define PACKAGE_BUGREPORT "http://projects.coin-or.org/CoinUtils"
| #define COINUTILS_VERSION "2.9"
| #define COINUTILS_VERSION_MAJOR 2
| #define COINUTILS_VERSION_MINOR 9
| #define COINUTILS_VERSION_RELEASE 9999
| #define COINUTILS_SVN_REV 1808
| #define COIN_COINUTILS_VERBOSITY 0
| #define COIN_COINUTILS_CHECKLEVEL 0
| /* end confdefs.h.  */
| extern "C" void std::exit (int); using std::exit;
| #include <stdlib.h>
| int
| main ()
| {
| exit (42);
|   ;
|   return 0;
| }
configure:3525: /usr/bin/g++ -c -g3 -gdwarf-2  conftest.cc >&5
configure:3531: $? = 0
configure:3535: test -z 
			 || test ! -s conftest.err
configure:3538: $? = 0
configure:3541: test -s conftest.o
configure:3544: $? = 0
configure:3570: /usr/bin/g++ -c -g3 -gdwarf-2  conftest.cc >&5
configure:3576: $? = 0
configure:3580: test -z 
			 || test ! -s conftest.err
configure:3583: $? = 0
configure:3586: test -s conftest.o
configure:3589: $? = 0
configure:3621: checking whether C++ compiler /usr/bin/g++ works
configure:3639: /usr/bin/g++ -c -g3 -gdwarf-2  conftest.cc >&5
configure:3645: $? = 0
configure:3649: test -z 
			 || test ! -s conftest.err
configure:3652: $? = 0
configure:3655: test -s conftest.o
configure:3658: $? = 0
configure:3660: result: yes
configure:3988: /usr/bin/g++ -o conftest -g3 -gdwarf-2   -DCOINUTILS_BUILD   conftest.cc  >&5
configure:3994: $? = 0
configure:3998: test -z 
			 || test ! -s conftest.err
configure:4001: $? = 0
configure:4004: test -s conftest
configure:4007: $? = 0
configure:4074: C++ compiler options are: -g3 -gdwarf-2   -DCOINUTILS_BUILD
configure:4145: Trying to determine Fortran compiler name
configure:4194: checking for gfortran
configure:4210: found /usr/bin/gfortran
configure:4220: result: gfortran
configure:4328: checking for Fortran 77 compiler version
configure:4331: gfortran --version </dev/null >&5
GNU Fortran (GCC) 4.9.2 20150212 (Red Hat 4.9.2-6)
Copyright (C) 2014 Free Software Foundation, Inc.

GNU Fortran comes with NO WARRANTY, to the extent permitted by law.
You may redistribute copies of GNU Fortran
under the terms of the GNU General Public License.
For more information about these matters, see the file named COPYING

configure:4334: $? = 0
configure:4336: gfortran -v </dev/null >&5
Using built-in specs.
COLLECT_GCC=gfortran
COLLECT_LTO_WRAPPER=/usr/libexec/gcc/x86_64-redhat-linux/4.9.2/lto-wrapper
Target: x86_64-redhat-linux
Configured with: ../configure --prefix=/usr --mandir=/usr/share/man --infodir=/usr/share/info --with-bugurl=http://bugzilla.redhat.com/bugzilla --enable-bootstrap --enable-shared --enable-threads=posix --enable-checking=release --enable-multilib --with-system-zlib --enable-__cxa_atexit --disable-libunwind-exceptions --enable-gnu-unique-object --enable-linker-build-id --with-linker-hash-style=gnu --enable-languages=c,c++,objc,obj-c++,fortran,ada,go,lto --enable-plugin --enable-initfini-array --disable-libgcj --with-isl=/builddir/build/BUILD/gcc-4.9.2-20150212/obj-x86_64-redhat-linux/isl-install --with-cloog=/builddir/build/BUILD/gcc-4.9.2-20150212/obj-x86_64-redhat-linux/cloog-install --enable-gnu-indirect-function --with-tune=generic --with-arch_32=i686 --build=x86_64-redhat-linux
Thread model: posix
gcc version 4.9.2 20150212 (Red Hat 4.9.2-6) (GCC) 
configure:4339: $? = 0
configure:4341: gfortran -V </dev/null >&5
gfortran: error: unrecognized command line option '-V'
gfortran: fatal error: no input files
compilation terminated.
configure:4344: $? = 4
configure:4352: checking whether we are using the GNU Fortran 77 compiler
configure:4366: gfortran -c  conftest.F >&5
configure:4372: $? = 0
configure:4376: test -z 
			 || test ! -s conftest.err
configure:4379: $? = 0
configure:4382: test -s conftest.o
configure:4385: $? = 0
configure:4398: result: yes
configure:4404: checking whether gfortran accepts -g
configure:4416: gfortran -c -g conftest.f >&5
configure:4422: $? = 0
configure:4426: test -z 
			 || test ! -s conftest.err
configure:4429: $? = 0
configure:4432: test -s conftest.o
configure:4435: $? = 0
configure:4447: result: yes
configure:4682: gfortran -o conftest -O3 -pipe    conftest.f  >&5
configure:4688: $? = 0
configure:4692: test -z 
			 || test ! -s conftest.err
configure:4695: $? = 0
configure:4698: test -s conftest
configure:4701: $? = 0
configure:4759: Fortran compiler options are: -O3 -pipe  
configure:4793: checking how to get verbose linking output from gfortran
configure:4804: gfortran -c -O3 -pipe   conftest.f >&5
configure:4810: $? = 0
configure:4814: test -z 
			 || test ! -s conftest.err
configure:4817: $? = 0
configure:4820: test -s conftest.o
configure:4823: $? = 0
configure:4840: gfortran -o conftest -O3 -pipe   -v  conftest.f  >&5
Using built-in specs.
COLLECT_GCC=gfortran
COLLECT_LTO_WRAPPER=/usr/libexec/gcc/x86_64-redhat-linux/4.9.2/lto-wrapper
Target: x86_64-redhat-linux
Configured with: ../configure --prefix=/usr --mandir=/usr/share/man --infodir=/usr/share/info --with-bugurl=http://bugzilla.redhat.com/bugzilla --enable-bootstrap --enable-shared --enable-threads=posix --enable-checking=release --enable-multilib --with-system-zlib --enable-__cxa_atexit --disable-libunwind-exceptions --enable-gnu-unique-object --enable-linker-build-id --with-linker-hash-style=gnu --enable-languages=c,c++,objc,obj-c++,fortran,ada,go,lto --enable-plugin --enable-initfini-array --disable-libgcj --with-isl=/builddir/build/BUILD/gcc-4.9.2-20150212/obj-x86_64-redhat-linux/isl-install --with-cloog=/builddir/build/BUILD/gcc-4.9.2-20150212/obj-x86_64-redhat-linux/cloog-install --enable-gnu-indirect-function --with-tune=generic --with-arch_32=i686 --build=x86_64-redhat-linux
Thread model: posix
gcc version 4.9.2 20150212 (Red Hat 4.9.2-6) (GCC) 
COLLECT_GCC_OPTIONS='-o' 'conftest' '-O3' '-pipe' '-v' '-shared-libgcc' '-mtune=generic' '-march=x86-64'
 /usr/libexec/gcc/x86_64-redhat-linux/4.9.2/f951 conftest.f -ffixed-form -quiet -dumpbase conftest.f -mtune=generic -march=x86-64 -auxbase conftest -O3 -version -fintrinsic-modules-path /usr/lib/gcc/x86_64-redhat-linux/4.9.2/finclude -o - |
 as -v --64 -o /tmp/cc0Ugv9y.o
GNU assembler version 2.24 (x86_64-redhat-linux) using BFD version version 2.24
GNU Fortran (GCC) version 4.9.2 20150212 (Red Hat 4.9.2-6) (x86_64-redhat-linux)
	compiled by GNU C version 4.9.2 20150212 (Red Hat 4.9.2-6), GMP version 6.0.0, MPFR version 3.1.2, MPC version 1.0.2
GGC heuristics: --param ggc-min-expand=100 --param ggc-min-heapsize=131072
GNU Fortran (GCC) version 4.9.2 20150212 (Red Hat 4.9.2-6) (x86_64-redhat-linux)
	compiled by GNU C version 4.9.2 20150212 (Red Hat 4.9.2-6), GMP version 6.0.0, MPFR version 3.1.2, MPC version 1.0.2
GGC heuristics: --param ggc-min-expand=100 --param ggc-min-heapsize=131072
Reading specs from /usr/lib/gcc/x86_64-redhat-linux/4.9.2/libgfortran.spec
rename spec lib to liborig
COLLECT_GCC_OPTIONS='-o' 'conftest' '-O3' '-pipe' '-v' '-shared-libgcc' '-mtune=generic' '-march=x86-64'
COMPILER_PATH=/usr/libexec/gcc/x86_64-redhat-linux/4.9.2/:/usr/libexec/gcc/x86_64-redhat-linux/4.9.2/:/usr/libexec/gcc/x86_64-redhat-linux/:/usr/lib/gcc/x86_64-redhat-linux/4.9.2/:/usr/lib/gcc/x86_64-redhat-linux/
LIBRARY_PATH=/usr/lib/gcc/x86_64-redhat-linux/4.9.2/:/usr/lib/gcc/x86_64-redhat-linux/4.9.2/../../../../lib64/:/lib/../lib64/:/usr/lib/../lib64/:/usr/lib/gcc/x86_64-redhat-linux/4.9.2/../../../:/lib/:/usr/lib/
COLLECT_GCC_OPTIONS='-o' 'conftest' '-O3' '-pipe' '-v' '-shared-libgcc' '-mtune=generic' '-march=x86-64'
 /usr/libexec/gcc/x86_64-redhat-linux/4.9.2/collect2 -plugin /usr/libexec/gcc/x86_64-redhat-linux/4.9.2/liblto_plugin.so -plugin-opt=/usr/libexec/gcc/x86_64-redhat-linux/4.9.2/lto-wrapper -plugin-opt=-fresolution=/tmp/ccNNlzEF.res -plugin-opt=-pass-through=-lgcc_s -plugin-opt=-pass-through=-lgcc -plugin-opt=-pass-through=-lquadmath -plugin-opt=-pass-through=-lm -plugin-opt=-pass-through=-lgcc_s -plugin-opt=-pass-through=-lgcc -plugin-opt=-pass-through=-lc -plugin-opt=-pass-through=-lgcc_s -plugin-opt=-pass-through=-lgcc --build-id --no-add-needed --eh-frame-hdr --hash-style=gnu -m elf_x86_64 -dynamic-linker /lib64/ld-linux-x86-64.so.2 -o conftest /usr/lib/gcc/x86_64-redhat-linux/4.9.2/../../../../lib64/crt1.o /usr/lib/gcc/x86_64-redhat-linux/4.9.2/../../../../lib64/crti.o /usr/lib/gcc/x86_64-redhat-linux/4.9.2/crtbegin.o -L/usr/lib/gcc/x86_64-redhat-linux/4.9.2 -L/usr/lib/gcc/x86_64-redhat-linux/4.9.2/../../../../lib64 -L/lib/../lib64 -L/usr/lib/../lib64 -L/usr/lib/gcc/x86_64-redhat-linux/4.9.2/../../.. /tmp/cc0Ugv9y.o -lgfortran -lm -lgcc_s -lgcc -lquadmath -lm -lgcc_s -lgcc -lc -lgcc_s -lgcc /usr/lib/gcc/x86_64-redhat-linux/4.9.2/crtend.o /usr/lib/gcc/x86_64-redhat-linux/4.9.2/../../../../lib64/crtn.o
configure:4895: result: -v
configure:4897: checking for Fortran libraries of gfortran
configure:4918: gfortran -o conftest -O3 -pipe   -v  conftest.f  >&5
Using built-in specs.
COLLECT_GCC=gfortran
COLLECT_LTO_WRAPPER=/usr/libexec/gcc/x86_64-redhat-linux/4.9.2/lto-wrapper
Target: x86_64-redhat-linux
Configured with: ../configure --prefix=/usr --mandir=/usr/share/man --infodir=/usr/share/info --with-bugurl=http://bugzilla.redhat.com/bugzilla --enable-bootstrap --enable-shared --enable-threads=posix --enable-checking=release --enable-multilib --with-system-zlib --enable-__cxa_atexit --disable-libunwind-exceptions --enable-gnu-unique-object --enable-linker-build-id --with-linker-hash-style=gnu --enable-languages=c,c++,objc,obj-c++,fortran,ada,go,lto --enable-plugin --enable-initfini-array --disable-libgcj --with-isl=/builddir/build/BUILD/gcc-4.9.2-20150212/obj-x86_64-redhat-linux/isl-install --with-cloog=/builddir/build/BUILD/gcc-4.9.2-20150212/obj-x86_64-redhat-linux/cloog-install --enable-gnu-indirect-function --with-tune=generic --with-arch_32=i686 --build=x86_64-redhat-linux
Thread model: posix
gcc version 4.9.2 20150212 (Red Hat 4.9.2-6) (GCC) 
COLLECT_GCC_OPTIONS='-o' 'conftest' '-O3' '-pipe' '-v' '-shared-libgcc' '-mtune=generic' '-march=x86-64'
 /usr/libexec/gcc/x86_64-redhat-linux/4.9.2/f951 conftest.f -ffixed-form -quiet -dumpbase conftest.f -mtune=generic -march=x86-64 -auxbase conftest -O3 -version -fintrinsic-modules-path /usr/lib/gcc/x86_64-redhat-linux/4.9.2/finclude -o - |
 as -v --64 -o /tmp/ccklqeYD.o
GNU Fortran (GCC) version 4.9.2 20150212 (Red Hat 4.9.2-6) (x86_64-redhat-linux)
	compiled by GNU C version 4.9.2 20150212 (Red Hat 4.9.2-6), GMP version 6.0.0, MPFR version 3.1.2, MPC version 1.0.2
GGC heuristics: --param ggc-min-expand=100 --param ggc-min-heapsize=131072
GNU Fortran (GCC) version 4.9.2 20150212 (Red Hat 4.9.2-6) (x86_64-redhat-linux)
	compiled by GNU C version 4.9.2 20150212 (Red Hat 4.9.2-6), GMP version 6.0.0, MPFR version 3.1.2, MPC version 1.0.2
GGC heuristics: --param ggc-min-expand=100 --param ggc-min-heapsize=131072
GNU assembler version 2.24 (x86_64-redhat-linux) using BFD version version 2.24
Reading specs from /usr/lib/gcc/x86_64-redhat-linux/4.9.2/libgfortran.spec
rename spec lib to liborig
COLLECT_GCC_OPTIONS='-o' 'conftest' '-O3' '-pipe' '-v' '-shared-libgcc' '-mtune=generic' '-march=x86-64'
COMPILER_PATH=/usr/libexec/gcc/x86_64-redhat-linux/4.9.2/:/usr/libexec/gcc/x86_64-redhat-linux/4.9.2/:/usr/libexec/gcc/x86_64-redhat-linux/:/usr/lib/gcc/x86_64-redhat-linux/4.9.2/:/usr/lib/gcc/x86_64-redhat-linux/
LIBRARY_PATH=/usr/lib/gcc/x86_64-redhat-linux/4.9.2/:/usr/lib/gcc/x86_64-redhat-linux/4.9.2/../../../../lib64/:/lib/../lib64/:/usr/lib/../lib64/:/usr/lib/gcc/x86_64-redhat-linux/4.9.2/../../../:/lib/:/usr/lib/
COLLECT_GCC_OPTIONS='-o' 'conftest' '-O3' '-pipe' '-v' '-shared-libgcc' '-mtune=generic' '-march=x86-64'
 /usr/libexec/gcc/x86_64-redhat-linux/4.9.2/collect2 -plugin /usr/libexec/gcc/x86_64-redhat-linux/4.9.2/liblto_plugin.so -plugin-opt=/usr/libexec/gcc/x86_64-redhat-linux/4.9.2/lto-wrapper -plugin-opt=-fresolution=/tmp/cc0eJIzK.res -plugin-opt=-pass-through=-lgcc_s -plugin-opt=-pass-through=-lgcc -plugin-opt=-pass-through=-lquadmath -plugin-opt=-pass-through=-lm -plugin-opt=-pass-through=-lgcc_s -plugin-opt=-pass-through=-lgcc -plugin-opt=-pass-through=-lc -plugin-opt=-pass-through=-lgcc_s -plugin-opt=-pass-through=-lgcc --build-id --no-add-needed --eh-frame-hdr --hash-style=gnu -m elf_x86_64 -dynamic-linker /lib64/ld-linux-x86-64.so.2 -o conftest /usr/lib/gcc/x86_64-redhat-linux/4.9.2/../../../../lib64/crt1.o /usr/lib/gcc/x86_64-redhat-linux/4.9.2/../../../../lib64/crti.o /usr/lib/gcc/x86_64-redhat-linux/4.9.2/crtbegin.o -L/usr/lib/gcc/x86_64-redhat-linux/4.9.2 -L/usr/lib/gcc/x86_64-redhat-linux/4.9.2/../../../../lib64 -L/lib/../lib64 -L/usr/lib/../lib64 -L/usr/lib/gcc/x86_64-redhat-linux/4.9.2/../../.. /tmp/ccklqeYD.o -lgfortran -lm -lgcc_s -lgcc -lquadmath -lm -lgcc_s -lgcc -lc -lgcc_s -lgcc /usr/lib/gcc/x86_64-redhat-linux/4.9.2/crtend.o /usr/lib/gcc/x86_64-redhat-linux/4.9.2/../../../../lib64/crtn.o
configure:5079: result:  -L/usr/lib/gcc/x86_64-redhat-linux/4.9.2 -L/usr/lib/gcc/x86_64-redhat-linux/4.9.2/../../../../lib64 -L/lib/../lib64 -L/usr/lib/../lib64 -L/usr/lib/gcc/x86_64-redhat-linux/4.9.2/../../.. -lgfortran -lm -lgcc_s -lquadmath
configure:5146: Corrected Fortran libraries:  -L/usr/lib/gcc/x86_64-redhat-linux/4.9.2 -L/usr/lib/gcc/x86_64-redhat-linux/4.9.2/../../../../lib64 -L/lib/../lib64 -L/usr/lib/../lib64 -L/usr/lib/gcc/x86_64-redhat-linux/4.9.2/../../.. -lgfortran -lm -lquadmath
configure:5155: checking for dummy main to link with Fortran libraries
configure:5194: /usr/bin/gcc -o conftest -g3 -gdwarf-2   -DCOINUTILS_BUILD   conftest.c   -L/usr/lib/gcc/x86_64-redhat-linux/4.9.2 -L/usr/lib/gcc/x86_64-redhat-linux/4.9.2/../../../../lib64 -L/lib/../lib64 -L/usr/lib/../lib64 -L/usr/lib/gcc/x86_64-redhat-linux/4.9.2/../../.. -lgfortran -lm -lquadmath >&5
configure:5200: $? = 0
configure:5204: test -z 
			 || test ! -s conftest.err
configure:5207: $? = 0
configure:5210: test -s conftest
configure:5213: $? = 0
configure:5291: result: none
configure:5327: checking for Fortran name-mangling scheme
configure:5341: gfortran -c -O3 -pipe   conftest.f >&5
configure:5347: $? = 0
configure:5351: test -z 
			 || test ! -s conftest.err
configure:5354: $? = 0
configure:5357: test -s conftest.o
configure:5360: $? = 0
configure:5407: /usr/bin/gcc -o conftest -g3 -gdwarf-2   -DCOINUTILS_BUILD   conftest.c cfortran_test.o   -L/usr/lib/gcc/x86_64-redhat-linux/4.9.2 -L/usr/lib/gcc/x86_64-redhat-linux/4.9.2/../../../../lib64 -L/lib/../lib64 -L/usr/lib/../lib64 -L/usr/lib/gcc/x86_64-redhat-linux/4.9.2/../../.. -lgfortran -lm -lquadmath >&5
/tmp/ccfOeqgV.o: In function `main':
/home/raffa/Documents/discOpt/CoinMP/CoinUtils/conftest.c:38: undefined reference to `foobar'
collect2: error: ld returned 1 exit status
configure:5413: $? = 1
configure: failed program was:
| /* confdefs.h.  */
| 
| #define PACKAGE_NAME "CoinUtils"
| #define PACKAGE_TARNAME "coinutils"
| #define PACKAGE_VERSION "2.9"
| #define PACKAGE_STRING "CoinUtils 2.9"
| #define PACKAGE_BUGREPORT "http://projects.coin-or.org/CoinUtils"
| #define COINUTILS_VERSION "2.9"
| #define COINUTILS_VERSION_MAJOR 2
| #define COINUTILS_VERSION_MINOR 9
| #define COINUTILS_VERSION_RELEASE 9999
| #define COINUTILS_SVN_REV 1808
| #define COIN_COINUTILS_VERBOSITY 0
| #define COIN_COINUTILS_CHECKLEVEL 0
| #ifdef __cplusplus
| extern "C" void exit (int) throw ();
| #endif
| /* end confdefs.h.  */
| 
| /* Override any gcc2 internal prototype to avoid an error.  */
| #ifdef __cplusplus
| extern "C"
| #endif
| /* We use char because int might match the return type of a gcc2
|    builtin and then its argument prototype would still apply.  */
| char foobar ();
| #ifdef F77_DUMMY_MAIN
| 
| #  ifdef __cplusplus
|      extern "C"
| #  endif
|    int F77_DUMMY_MAIN() { return 1; }
| 
| #endif
| int
| main ()
| {
| foobar ();
|   ;
|   return 0;
| }
configure:5407: /usr/bin/gcc -o conftest -g3 -gdwarf-2   -DCOINUTILS_BUILD   conftest.c cfortran_test.o   -L/usr/lib/gcc/x86_64-redhat-linux/4.9.2 -L/usr/lib/gcc/x86_64-redhat-linux/4.9.2/../../../../lib64 -L/lib/../lib64 -L/usr/lib/../lib64 -L/usr/lib/gcc/x86_64-redhat-linux/4.9.2/../../.. -lgfortran -lm -lquadmath >&5
configure:5413: $? = 0
configure:5417: test -z 
			 || test ! -s conftest.err
configure:5420: $? = 0
configure:5423: test -s conftest
configure:5426: $? = 0
configure:5494: /usr/bin/gcc -o conftest -g3 -gdwarf-2   -DCOINUTILS_BUILD   conftest.c cfortran_test.o   -L/usr/lib/gcc/x86_64-redhat-linux/4.9.2 -L/usr/lib/gcc/x86_64-redhat-linux/4.9.2/../../../../lib64 -L/lib/../lib64 -L/usr/lib/../lib64 -L/usr/lib/gcc/x86_64-redhat-linux/4.9.2/../../.. -lgfortran -lm -lquadmath >&5
configure:5500: $? = 0
configure:5504: test -z 
			 || test ! -s conftest.err
configure:5507: $? = 0
configure:5510: test -s conftest
configure:5513: $? = 0
configure:5563: result: lower case, underscore, no extra underscore
configure:5771: checking for egrep
configure:5781: result: grep -E
configure:5786: checking whether ln -s works
configure:5790: result: yes
configure:5811: checking for a BSD-compatible install
configure:5866: result: /usr/bin/install -c
configure:5877: checking whether build environment is sane
configure:5920: result: yes
configure:5985: checking for gawk
configure:6001: found /usr/bin/gawk
configure:6011: result: gawk
configure:6021: checking whether make sets $(MAKE)
configure:6041: result: yes
configure:6071: checking for style of include used by make
configure:6099: result: GNU
configure:6280: checking dependency style of /usr/bin/gcc
configure:6370: result: gcc3
configure:6389: checking dependency style of /usr/bin/g++
configure:6479: result: gcc3
configure:6497: checking whether to enable maintainer-specific portions of Makefiles
configure:6506: result: no
configure:6956: checking host system type
configure:6970: result: x86_64-unknown-linux-gnu
configure:6978: checking for a sed that does not truncate output
configure:7032: result: /usr/bin/sed
configure:7046: checking for ld used by /usr/bin/gcc
configure:7113: result: /usr/bin/ld
configure:7122: checking if the linker (/usr/bin/ld) is GNU ld
configure:7137: result: yes
configure:7142: checking for /usr/bin/ld option to reload object files
configure:7149: result: -r
configure:7167: checking for BSD-compatible nm
configure:7216: result: /usr/bin/nm -B
configure:7220: checking how to recognise dependent libraries
configure:7396: result: pass_all
configure:7483: /usr/bin/gcc -c -g3 -gdwarf-2   -DCOINUTILS_BUILD  conftest.c >&5
configure:7486: $? = 0
configure:7640: checking how to run the C preprocessor
configure:7675: /usr/bin/gcc -E  conftest.c
configure:7681: $? = 0
configure:7713: /usr/bin/gcc -E  conftest.c
conftest.c:23:28: fatal error: ac_nonexistent.h: No such file or directory
 #include <ac_nonexistent.h>
                            ^
compilation terminated.
configure:7719: $? = 1
configure: failed program was:
| /* confdefs.h.  */
| 
| #define PACKAGE_NAME "CoinUtils"
| #define PACKAGE_TARNAME "coinutils"
| #define PACKAGE_VERSION "2.9"
| #define PACKAGE_STRING "CoinUtils 2.9"
| #define PACKAGE_BUGREPORT "http://projects.coin-or.org/CoinUtils"
| #define COINUTILS_VERSION "2.9"
| #define COINUTILS_VERSION_MAJOR 2
| #define COINUTILS_VERSION_MINOR 9
| #define COINUTILS_VERSION_RELEASE 9999
| #define COINUTILS_SVN_REV 1808
| #define COIN_COINUTILS_VERBOSITY 0
| #define COIN_COINUTILS_CHECKLEVEL 0
| #ifdef __cplusplus
| extern "C" void exit (int) throw ();
| #endif
| #define F77_FUNC(name,NAME) name ## _
| #define F77_FUNC_(name,NAME) name ## _
| #define PACKAGE "coinutils"
| #define VERSION "2.9"
| /* end confdefs.h.  */
| #include <ac_nonexistent.h>
configure:7758: result: /usr/bin/gcc -E
configure:7782: /usr/bin/gcc -E  conftest.c
configure:7788: $? = 0
configure:7820: /usr/bin/gcc -E  conftest.c
conftest.c:23:28: fatal error: ac_nonexistent.h: No such file or directory
 #include <ac_nonexistent.h>
                            ^
compilation terminated.
configure:7826: $? = 1
configure: failed program was:
| /* confdefs.h.  */
| 
| #define PACKAGE_NAME "CoinUtils"
| #define PACKAGE_TARNAME "coinutils"
| #define PACKAGE_VERSION "2.9"
| #define PACKAGE_STRING "CoinUtils 2.9"
| #define PACKAGE_BUGREPORT "http://projects.coin-or.org/CoinUtils"
| #define COINUTILS_VERSION "2.9"
| #define COINUTILS_VERSION_MAJOR 2
| #define COINUTILS_VERSION_MINOR 9
| #define COINUTILS_VERSION_RELEASE 9999
| #define COINUTILS_SVN_REV 1808
| #define COIN_COINUTILS_VERBOSITY 0
| #define COIN_COINUTILS_CHECKLEVEL 0
| #ifdef __cplusplus
| extern "C" void exit (int) throw ();
| #endif
| #define F77_FUNC(name,NAME) name ## _
| #define F77_FUNC_(name,NAME) name ## _
| #define PACKAGE "coinutils"
| #define VERSION "2.9"
| /* end confdefs.h.  */
| #include <ac_nonexistent.h>
configure:7870: checking for ANSI C header files
configure:7903: /usr/bin/gcc -c -g3 -gdwarf-2   -DCOINUTILS_BUILD  conftest.c >&5
configure:7909: $? = 0
configure:7913: test -z 
			 || test ! -s conftest.err
configure:7916: $? = 0
configure:7919: test -s conftest.o
configure:7922: $? = 0
configure:8011: /usr/bin/gcc -o conftest -g3 -gdwarf-2   -DCOINUTILS_BUILD   conftest.c  >&5
conftest.c: In function 'main':
conftest.c:40:7: warning: incompatible implicit declaration of built-in function 'exit'
       exit(2);
       ^
configure:8014: $? = 0
configure:8016: ./conftest
configure:8019: $? = 0
configure:8034: result: yes
configure:8058: checking for sys/types.h
configure:8074: /usr/bin/gcc -c -g3 -gdwarf-2   -DCOINUTILS_BUILD  conftest.c >&5
configure:8080: $? = 0
configure:8084: test -z 
			 || test ! -s conftest.err
configure:8087: $? = 0
configure:8090: test -s conftest.o
configure:8093: $? = 0
configure:8104: result: yes
configure:8058: checking for sys/stat.h
configure:8074: /usr/bin/gcc -c -g3 -gdwarf-2   -DCOINUTILS_BUILD  conftest.c >&5
configure:8080: $? = 0
configure:8084: test -z 
			 || test ! -s conftest.err
configure:8087: $? = 0
configure:8090: test -s conftest.o
configure:8093: $? = 0
configure:8104: result: yes
configure:8058: checking for stdlib.h
configure:8074: /usr/bin/gcc -c -g3 -gdwarf-2   -DCOINUTILS_BUILD  conftest.c >&5
configure:8080: $? = 0
configure:8084: test -z 
			 || test ! -s conftest.err
configure:8087: $? = 0
configure:8090: test -s conftest.o
configure:8093: $? = 0
configure:8104: result: yes
configure:8058: checking for string.h
configure:8074: /usr/bin/gcc -c -g3 -gdwarf-2   -DCOINUTILS_BUILD  conftest.c >&5
configure:8080: $? = 0
configure:8084: test -z 
			 || test ! -s conftest.err
configure:8087: $? = 0
configure:8090: test -s conftest.o
configure:8093: $? = 0
configure:8104: result: yes
configure:8058: checking for memory.h
configure:8074: /usr/bin/gcc -c -g3 -gdwarf-2   -DCOINUTILS_BUILD  conftest.c >&5
configure:8080: $? = 0
configure:8084: test -z 
			 || test ! -s conftest.err
configure:8087: $? = 0
configure:8090: test -s conftest.o
configure:8093: $? = 0
configure:8104: result: yes
configure:8058: checking for strings.h
configure:8074: /usr/bin/gcc -c -g3 -gdwarf-2   -DCOINUTILS_BUILD  conftest.c >&5
configure:8080: $? = 0
configure:8084: test -z 
			 || test ! -s conftest.err
configure:8087: $? = 0
configure:8090: test -s conftest.o
configure:8093: $? = 0
configure:8104: result: yes
configure:8058: checking for inttypes.h
configure:8074: /usr/bin/gcc -c -g3 -gdwarf-2   -DCOINUTILS_BUILD  conftest.c >&5
configure:8080: $? = 0
configure:8084: test -z 
			 || test ! -s conftest.err
configure:8087: $? = 0
configure:8090: test -s conftest.o
configure:8093: $? = 0
configure:8104: result: yes
configure:8058: checking for stdint.h
configure:8074: /usr/bin/gcc -c -g3 -gdwarf-2   -DCOINUTILS_BUILD  conftest.c >&5
configure:8080: $? = 0
configure:8084: test -z 
			 || test ! -s conftest.err
configure:8087: $? = 0
configure:8090: test -s conftest.o
configure:8093: $? = 0
configure:8104: result: yes
configure:8058: checking for unistd.h
configure:8074: /usr/bin/gcc -c -g3 -gdwarf-2   -DCOINUTILS_BUILD  conftest.c >&5
configure:8080: $? = 0
configure:8084: test -z 
			 || test ! -s conftest.err
configure:8087: $? = 0
configure:8090: test -s conftest.o
configure:8093: $? = 0
configure:8104: result: yes
configure:8130: checking dlfcn.h usability
configure:8142: /usr/bin/gcc -c -g3 -gdwarf-2   -DCOINUTILS_BUILD  conftest.c >&5
configure:8148: $? = 0
configure:8152: test -z 
			 || test ! -s conftest.err
configure:8155: $? = 0
configure:8158: test -s conftest.o
configure:8161: $? = 0
configure:8171: result: yes
configure:8175: checking dlfcn.h presence
configure:8185: /usr/bin/gcc -E  conftest.c
configure:8191: $? = 0
configure:8211: result: yes
configure:8246: checking for dlfcn.h
configure:8253: result: yes
configure:8276: checking how to run the C++ preprocessor
configure:8307: /usr/bin/g++ -E  conftest.cc
configure:8313: $? = 0
configure:8345: /usr/bin/g++ -E  conftest.cc
conftest.cc:34:28: fatal error: ac_nonexistent.h: No such file or directory
 #include <ac_nonexistent.h>
                            ^
compilation terminated.
configure:8351: $? = 1
configure: failed program was:
| /* confdefs.h.  */
| 
| #define PACKAGE_NAME "CoinUtils"
| #define PACKAGE_TARNAME "coinutils"
| #define PACKAGE_VERSION "2.9"
| #define PACKAGE_STRING "CoinUtils 2.9"
| #define PACKAGE_BUGREPORT "http://projects.coin-or.org/CoinUtils"
| #define COINUTILS_VERSION "2.9"
| #define COINUTILS_VERSION_MAJOR 2
| #define COINUTILS_VERSION_MINOR 9
| #define COINUTILS_VERSION_RELEASE 9999
| #define COINUTILS_SVN_REV 1808
| #define COIN_COINUTILS_VERBOSITY 0
| #define COIN_COINUTILS_CHECKLEVEL 0
| #ifdef __cplusplus
| extern "C" void exit (int) throw ();
| #endif
| #define F77_FUNC(name,NAME) name ## _
| #define F77_FUNC_(name,NAME) name ## _
| #define PACKAGE "coinutils"
| #define VERSION "2.9"
| #define STDC_HEADERS 1
| #define HAVE_SYS_TYPES_H 1
| #define HAVE_SYS_STAT_H 1
| #define HAVE_STDLIB_H 1
| #define HAVE_STRING_H 1
| #define HAVE_MEMORY_H 1
| #define HAVE_STRINGS_H 1
| #define HAVE_INTTYPES_H 1
| #define HAVE_STDINT_H 1
| #define HAVE_UNISTD_H 1
| #define HAVE_DLFCN_H 1
| /* end confdefs.h.  */
| #include <ac_nonexistent.h>
configure:8390: result: /usr/bin/g++ -E
configure:8414: /usr/bin/g++ -E  conftest.cc
configure:8420: $? = 0
configure:8452: /usr/bin/g++ -E  conftest.cc
conftest.cc:34:28: fatal error: ac_nonexistent.h: No such file or directory
 #include <ac_nonexistent.h>
                            ^
compilation terminated.
configure:8458: $? = 1
configure: failed program was:
| /* confdefs.h.  */
| 
| #define PACKAGE_NAME "CoinUtils"
| #define PACKAGE_TARNAME "coinutils"
| #define PACKAGE_VERSION "2.9"
| #define PACKAGE_STRING "CoinUtils 2.9"
| #define PACKAGE_BUGREPORT "http://projects.coin-or.org/CoinUtils"
| #define COINUTILS_VERSION "2.9"
| #define COINUTILS_VERSION_MAJOR 2
| #define COINUTILS_VERSION_MINOR 9
| #define COINUTILS_VERSION_RELEASE 9999
| #define COINUTILS_SVN_REV 1808
| #define COIN_COINUTILS_VERBOSITY 0
| #define COIN_COINUTILS_CHECKLEVEL 0
| #ifdef __cplusplus
| extern "C" void exit (int) throw ();
| #endif
| #define F77_FUNC(name,NAME) name ## _
| #define F77_FUNC_(name,NAME) name ## _
| #define PACKAGE "coinutils"
| #define VERSION "2.9"
| #define STDC_HEADERS 1
| #define HAVE_SYS_TYPES_H 1
| #define HAVE_SYS_STAT_H 1
| #define HAVE_STDLIB_H 1
| #define HAVE_STRING_H 1
| #define HAVE_MEMORY_H 1
| #define HAVE_STRINGS_H 1
| #define HAVE_INTTYPES_H 1
| #define HAVE_STDINT_H 1
| #define HAVE_UNISTD_H 1
| #define HAVE_DLFCN_H 1
| /* end confdefs.h.  */
| #include <ac_nonexistent.h>
configure:8507: checking the maximum length of command line arguments
configure:8616: result: 32768
configure:8627: checking command to parse /usr/bin/nm -B output from /usr/bin/gcc object
configure:8732: /usr/bin/g++ -c -g3 -gdwarf-2   -DCOINUTILS_BUILD  conftest.cc >&5
configure:8735: $? = 0
configure:8739: /usr/bin/nm -B conftest.o \| sed -n -e 's/^.*[ 	]\([ABCDGIRSTW][ABCDGIRSTW]*\)[ 	][ 	]*\([_A-Za-z][_A-Za-z0-9]*\)$/\1 \2 \2/p' \> conftest.nm
configure:8742: $? = 0
configure:8794: /usr/bin/g++ -o conftest -g3 -gdwarf-2   -DCOINUTILS_BUILD   conftest.cc conftstm.o >&5
configure:8797: $? = 0
configure:8835: result: ok
configure:8839: checking for objdir
configure:8854: result: .libs
configure:8944: checking for ar
configure:8960: found /usr/bin/ar
configure:8971: result: ar
configure:9024: checking for ranlib
configure:9040: found /usr/bin/ranlib
configure:9051: result: ranlib
configure:9104: checking for strip
configure:9120: found /usr/bin/strip
configure:9131: result: strip
configure:9407: checking if /usr/bin/gcc supports -fno-rtti -fno-exceptions
configure:9425: /usr/bin/gcc -c -g3 -gdwarf-2   -DCOINUTILS_BUILD  -fno-rtti -fno-exceptions conftest.c >&5
cc1: warning: command line option '-fno-rtti' is valid for C++/ObjC++ but not for C
configure:9429: $? = 0
configure:9442: result: no
configure:9457: checking for /usr/bin/gcc option to produce PIC
configure:9667: result: -fPIC
configure:9675: checking if /usr/bin/gcc PIC flag -fPIC works
configure:9693: /usr/bin/gcc -c -g3 -gdwarf-2   -DCOINUTILS_BUILD  -fPIC -DPIC conftest.c >&5
configure:9697: $? = 0
configure:9710: result: yes
configure:9738: checking if /usr/bin/gcc static flag -static works
configure:9766: result: no
configure:9776: checking if /usr/bin/gcc supports -c -o file.o
configure:9797: /usr/bin/gcc -c -g3 -gdwarf-2   -DCOINUTILS_BUILD  -o out/conftest2.o conftest.c >&5
configure:9801: $? = 0
configure:9823: result: yes
configure:9849: checking whether the /usr/bin/gcc linker (/usr/bin/ld -m elf_x86_64) supports shared libraries
configure:10823: result: yes
configure:10844: checking whether -lc should be explicitly linked in
configure:10849: /usr/bin/gcc -c -g3 -gdwarf-2   -DCOINUTILS_BUILD  conftest.c >&5
configure:10852: $? = 0
configure:10867: /usr/bin/gcc -shared conftest.o  -v -Wl,-soname -Wl,conftest -o conftest 2\>\&1 \| grep  -lc  \>/dev/null 2\>\&1
configure:10870: $? = 0
configure:10882: result: no
configure:10890: checking dynamic linker characteristics
configure:11478: result: GNU/Linux ld.so
configure:11487: checking how to hardcode library paths into programs
configure:11512: result: immediate
configure:11526: checking whether stripping libraries is possible
configure:11531: result: yes
configure:12421: checking if libtool supports shared libraries
configure:12423: result: yes
configure:12426: checking whether to build shared libraries
configure:12447: result: yes
configure:12450: checking whether to build static libraries
configure:12454: result: no
configure:12546: creating libtool
configure:13134: checking for ld used by /usr/bin/g++
configure:13201: result: /usr/bin/ld -m elf_x86_64
configure:13210: checking if the linker (/usr/bin/ld -m elf_x86_64) is GNU ld
configure:13225: result: yes
configure:13276: checking whether the /usr/bin/g++ linker (/usr/bin/ld -m elf_x86_64) supports shared libraries
configure:14230: result: yes
configure:14252: /usr/bin/g++ -c -g3 -gdwarf-2   -DCOINUTILS_BUILD  conftest.cpp >&5
configure:14255: $? = 0
configure:14374: checking for /usr/bin/g++ option to produce PIC
configure:14648: result: -fPIC
configure:14656: checking if /usr/bin/g++ PIC flag -fPIC works
configure:14674: /usr/bin/g++ -c -g3 -gdwarf-2   -DCOINUTILS_BUILD  -fPIC -DPIC conftest.cpp >&5
configure:14678: $? = 0
configure:14691: result: yes
configure:14719: checking if /usr/bin/g++ static flag -static works
configure:14747: result: no
configure:14757: checking if /usr/bin/g++ supports -c -o file.o
configure:14778: /usr/bin/g++ -c -g3 -gdwarf-2   -DCOINUTILS_BUILD  -o out/conftest2.o conftest.cpp >&5
configure:14782: $? = 0
configure:14804: result: yes
configure:14830: checking whether the /usr/bin/g++ linker (/usr/bin/ld -m elf_x86_64) supports shared libraries
configure:14855: result: yes
configure:14922: checking dynamic linker characteristics
configure:15510: result: GNU/Linux ld.so
configure:15519: checking how to hardcode library paths into programs
configure:15544: result: immediate
configure:16070: checking if libtool supports shared libraries
configure:16072: result: yes
configure:16075: checking whether to build shared libraries
configure:16095: result: yes
configure:16098: checking whether to build static libraries
configure:16102: result: no
configure:16112: checking for gfortran option to produce PIC
configure:16322: result: -fPIC
configure:16330: checking if gfortran PIC flag -fPIC works
configure:16348: gfortran -c -O3 -pipe   -fPIC conftest.f >&5
configure:16352: $? = 0
configure:16365: result: yes
configure:16393: checking if gfortran static flag -static works
configure:16421: result: no
configure:16431: checking if gfortran supports -c -o file.o
configure:16452: gfortran -c -O3 -pipe   -o out/conftest2.o conftest.f >&5
configure:16456: $? = 0
configure:16478: result: yes
configure:16504: checking whether the gfortran linker (/usr/bin/ld -m elf_x86_64) supports shared libraries
configure:17442: result: yes
configure:17509: checking dynamic linker characteristics
configure:18097: result: GNU/Linux ld.so
configure:18106: checking how to hardcode library paths into programs
configure:18131: result: immediate
configure:21733: Build is "x86_64-unknown-linux-gnu".
configure:21963: checking if library version is set
configure:21970: result: no
configure:22019: checking cmath usability
configure:22031: /usr/bin/g++ -c -g3 -gdwarf-2   -DCOINUTILS_BUILD  conftest.cc >&5
configure:22037: $? = 0
configure:22041: test -z 
			 || test ! -s conftest.err
configure:22044: $? = 0
configure:22047: test -s conftest.o
configure:22050: $? = 0
configure:22060: result: yes
configure:22064: checking cmath presence
configure:22074: /usr/bin/g++ -E  conftest.cc
configure:22080: $? = 0
configure:22100: result: yes
configure:22135: checking for cmath
configure:22142: result: yes
configure:22348: checking cfloat usability
configure:22360: /usr/bin/g++ -c -g3 -gdwarf-2   -DCOINUTILS_BUILD  conftest.cc >&5
configure:22366: $? = 0
configure:22370: test -z 
			 || test ! -s conftest.err
configure:22373: $? = 0
configure:22376: test -s conftest.o
configure:22379: $? = 0
configure:22389: result: yes
configure:22393: checking cfloat presence
configure:22403: /usr/bin/g++ -E  conftest.cc
configure:22409: $? = 0
configure:22429: result: yes
configure:22464: checking for cfloat
configure:22471: result: yes
configure:22677: checking cieeefp usability
configure:22689: /usr/bin/g++ -c -g3 -gdwarf-2   -DCOINUTILS_BUILD  conftest.cc >&5
conftest.cc:70:19: fatal error: cieeefp: No such file or directory
 #include <cieeefp>
                   ^
compilation terminated.
configure:22695: $? = 1
configure: failed program was:
| /* confdefs.h.  */
| 
| #define PACKAGE_NAME "CoinUtils"
| #define PACKAGE_TARNAME "coinutils"
| #define PACKAGE_VERSION "2.9"
| #define PACKAGE_STRING "CoinUtils 2.9"
| #define PACKAGE_BUGREPORT "http://projects.coin-or.org/CoinUtils"
| #define COINUTILS_VERSION "2.9"
| #define COINUTILS_VERSION_MAJOR 2
| #define COINUTILS_VERSION_MINOR 9
| #define COINUTILS_VERSION_RELEASE 9999
| #define COINUTILS_SVN_REV 1808
| #define COIN_COINUTILS_VERBOSITY 0
| #define COIN_COINUTILS_CHECKLEVEL 0
| #ifdef __cplusplus
| extern "C" void exit (int) throw ();
| #endif
| #define F77_FUNC(name,NAME) name ## _
| #define F77_FUNC_(name,NAME) name ## _
| #define PACKAGE "coinutils"
| #define VERSION "2.9"
| #define STDC_HEADERS 1
| #define HAVE_SYS_TYPES_H 1
| #define HAVE_SYS_STAT_H 1
| #define HAVE_STDLIB_H 1
| #define HAVE_STRING_H 1
| #define HAVE_MEMORY_H 1
| #define HAVE_STRINGS_H 1
| #define HAVE_INTTYPES_H 1
| #define HAVE_STDINT_H 1
| #define HAVE_UNISTD_H 1
| #define HAVE_DLFCN_H 1
| #define HAVE_CMATH 1
| #define HAVE_CFLOAT 1
| /* end confdefs.h.  */
| #include <stdio.h>
| #if HAVE_SYS_TYPES_H
| # include <sys/types.h>
| #endif
| #if HAVE_SYS_STAT_H
| # include <sys/stat.h>
| #endif
| #if STDC_HEADERS
| # include <stdlib.h>
| # include <stddef.h>
| #else
| # if HAVE_STDLIB_H
| #  include <stdlib.h>
| # endif
| #endif
| #if HAVE_STRING_H
| # if !STDC_HEADERS && HAVE_MEMORY_H
| #  include <memory.h>
| # endif
| # include <string.h>
| #endif
| #if HAVE_STRINGS_H
| # include <strings.h>
| #endif
| #if HAVE_INTTYPES_H
| # include <inttypes.h>
| #else
| # if HAVE_STDINT_H
| #  include <stdint.h>
| # endif
| #endif
| #if HAVE_UNISTD_H
| # include <unistd.h>
| #endif
| #include <cieeefp>
configure:22718: result: no
configure:22722: checking cieeefp presence
configure:22732: /usr/bin/g++ -E  conftest.cc
conftest.cc:36:19: fatal error: cieeefp: No such file or directory
 #include <cieeefp>
                   ^
compilation terminated.
configure:22738: $? = 1
configure: failed program was:
| /* confdefs.h.  */
| 
| #define PACKAGE_NAME "CoinUtils"
| #define PACKAGE_TARNAME "coinutils"
| #define PACKAGE_VERSION "2.9"
| #define PACKAGE_STRING "CoinUtils 2.9"
| #define PACKAGE_BUGREPORT "http://projects.coin-or.org/CoinUtils"
| #define COINUTILS_VERSION "2.9"
| #define COINUTILS_VERSION_MAJOR 2
| #define COINUTILS_VERSION_MINOR 9
| #define COINUTILS_VERSION_RELEASE 9999
| #define COINUTILS_SVN_REV 1808
| #define COIN_COINUTILS_VERBOSITY 0
| #define COIN_COINUTILS_CHECKLEVEL 0
| #ifdef __cplusplus
| extern "C" void exit (int) throw ();
| #endif
| #define F77_FUNC(name,NAME) name ## _
| #define F77_FUNC_(name,NAME) name ## _
| #define PACKAGE "coinutils"
| #define VERSION "2.9"
| #define STDC_HEADERS 1
| #define HAVE_SYS_TYPES_H 1
| #define HAVE_SYS_STAT_H 1
| #define HAVE_STDLIB_H 1
| #define HAVE_STRING_H 1
| #define HAVE_MEMORY_H 1
| #define HAVE_STRINGS_H 1
| #define HAVE_INTTYPES_H 1
| #define HAVE_STDINT_H 1
| #define HAVE_UNISTD_H 1
| #define HAVE_DLFCN_H 1
| #define HAVE_CMATH 1
| #define HAVE_CFLOAT 1
| /* end confdefs.h.  */
| #include <cieeefp>
configure:22758: result: no
configure:22793: checking for cieeefp
configure:22800: result: no
configure:22835: checking ieeefp.h usability
configure:22847: /usr/bin/g++ -c -g3 -gdwarf-2   -DCOINUTILS_BUILD  conftest.cc >&5
conftest.cc:70:20: fatal error: ieeefp.h: No such file or directory
 #include <ieeefp.h>
                    ^
compilation terminated.
configure:22853: $? = 1
configure: failed program was:
| /* confdefs.h.  */
| 
| #define PACKAGE_NAME "CoinUtils"
| #define PACKAGE_TARNAME "coinutils"
| #define PACKAGE_VERSION "2.9"
| #define PACKAGE_STRING "CoinUtils 2.9"
| #define PACKAGE_BUGREPORT "http://projects.coin-or.org/CoinUtils"
| #define COINUTILS_VERSION "2.9"
| #define COINUTILS_VERSION_MAJOR 2
| #define COINUTILS_VERSION_MINOR 9
| #define COINUTILS_VERSION_RELEASE 9999
| #define COINUTILS_SVN_REV 1808
| #define COIN_COINUTILS_VERBOSITY 0
| #define COIN_COINUTILS_CHECKLEVEL 0
| #ifdef __cplusplus
| extern "C" void exit (int) throw ();
| #endif
| #define F77_FUNC(name,NAME) name ## _
| #define F77_FUNC_(name,NAME) name ## _
| #define PACKAGE "coinutils"
| #define VERSION "2.9"
| #define STDC_HEADERS 1
| #define HAVE_SYS_TYPES_H 1
| #define HAVE_SYS_STAT_H 1
| #define HAVE_STDLIB_H 1
| #define HAVE_STRING_H 1
| #define HAVE_MEMORY_H 1
| #define HAVE_STRINGS_H 1
| #define HAVE_INTTYPES_H 1
| #define HAVE_STDINT_H 1
| #define HAVE_UNISTD_H 1
| #define HAVE_DLFCN_H 1
| #define HAVE_CMATH 1
| #define HAVE_CFLOAT 1
| /* end confdefs.h.  */
| #include <stdio.h>
| #if HAVE_SYS_TYPES_H
| # include <sys/types.h>
| #endif
| #if HAVE_SYS_STAT_H
| # include <sys/stat.h>
| #endif
| #if STDC_HEADERS
| # include <stdlib.h>
| # include <stddef.h>
| #else
| # if HAVE_STDLIB_H
| #  include <stdlib.h>
| # endif
| #endif
| #if HAVE_STRING_H
| # if !STDC_HEADERS && HAVE_MEMORY_H
| #  include <memory.h>
| # endif
| # include <string.h>
| #endif
| #if HAVE_STRINGS_H
| # include <strings.h>
| #endif
| #if HAVE_INTTYPES_H
| # include <inttypes.h>
| #else
| # if HAVE_STDINT_H
| #  include <stdint.h>
| # endif
| #endif
| #if HAVE_UNISTD_H
| # include <unistd.h>
| #endif
| #include <ieeefp.h>
configure:22876: result: no
configure:22880: checking ieeefp.h presence
configure:22890: /usr/bin/g++ -E  conftest.cc
conftest.cc:36:20: fatal error: ieeefp.h: No such file or directory
 #include <ieeefp.h>
                    ^
compilation terminated.
configure:22896: $? = 1
configure: failed program was:
| /* confdefs.h.  */
| 
| #define PACKAGE_NAME "CoinUtils"
| #define PACKAGE_TARNAME "coinutils"
| #define PACKAGE_VERSION "2.9"
| #define PACKAGE_STRING "CoinUtils 2.9"
| #define PACKAGE_BUGREPORT "http://projects.coin-or.org/CoinUtils"
| #define COINUTILS_VERSION "2.9"
| #define COINUTILS_VERSION_MAJOR 2
| #define COINUTILS_VERSION_MINOR 9
| #define COINUTILS_VERSION_RELEASE 9999
| #define COINUTILS_SVN_REV 1808
| #define COIN_COINUTILS_VERBOSITY 0
| #define COIN_COINUTILS_CHECKLEVEL 0
| #ifdef __cplusplus
| extern "C" void exit (int) throw ();
| #endif
| #define F77_FUNC(name,NAME) name ## _
| #define F77_FUNC_(name,NAME) name ## _
| #define PACKAGE "coinutils"
| #define VERSION "2.9"
| #define STDC_HEADERS 1
| #define HAVE_SYS_TYPES_H 1
| #define HAVE_SYS_STAT_H 1
| #define HAVE_STDLIB_H 1
| #define HAVE_STRING_H 1
| #define HAVE_MEMORY_H 1
| #define HAVE_STRINGS_H 1
| #define HAVE_INTTYPES_H 1
| #define HAVE_STDINT_H 1
| #define HAVE_UNISTD_H 1
| #define HAVE_DLFCN_H 1
| #define HAVE_CMATH 1
| #define HAVE_CFLOAT 1
| /* end confdefs.h.  */
| #include <ieeefp.h>
configure:22916: result: no
configure:22951: checking for ieeefp.h
configure:22958: result: no
configure:22982: checking whether isfinite is declared
configure:23036: /usr/bin/g++ -c -g3 -gdwarf-2   -DCOINUTILS_BUILD  conftest.cc >&5
conftest.cc: In function 'int main()':
conftest.cc:71:22: error: 'isfinite' was not declared in this scope
   char *p = (char *) isfinite;
                      ^
conftest.cc:71:22: note: suggested alternative:
In file included from conftest.cc:38:0:
/usr/include/c++/4.9.2/cmath:819:5: note:   'std::isfinite'
     isfinite(_Tp __f)
     ^
configure:23042: $? = 1
configure: failed program was:
| /* confdefs.h.  */
| 
| #define PACKAGE_NAME "CoinUtils"
| #define PACKAGE_TARNAME "coinutils"
| #define PACKAGE_VERSION "2.9"
| #define PACKAGE_STRING "CoinUtils 2.9"
| #define PACKAGE_BUGREPORT "http://projects.coin-or.org/CoinUtils"
| #define COINUTILS_VERSION "2.9"
| #define COINUTILS_VERSION_MAJOR 2
| #define COINUTILS_VERSION_MINOR 9
| #define COINUTILS_VERSION_RELEASE 9999
| #define COINUTILS_SVN_REV 1808
| #define COIN_COINUTILS_VERBOSITY 0
| #define COIN_COINUTILS_CHECKLEVEL 0
| #ifdef __cplusplus
| extern "C" void exit (int) throw ();
| #endif
| #define F77_FUNC(name,NAME) name ## _
| #define F77_FUNC_(name,NAME) name ## _
| #define PACKAGE "coinutils"
| #define VERSION "2.9"
| #define STDC_HEADERS 1
| #define HAVE_SYS_TYPES_H 1
| #define HAVE_SYS_STAT_H 1
| #define HAVE_STDLIB_H 1
| #define HAVE_STRING_H 1
| #define HAVE_MEMORY_H 1
| #define HAVE_STRINGS_H 1
| #define HAVE_INTTYPES_H 1
| #define HAVE_STDINT_H 1
| #define HAVE_UNISTD_H 1
| #define HAVE_DLFCN_H 1
| #define HAVE_CMATH 1
| #define HAVE_CFLOAT 1
| /* end confdefs.h.  */
| 
| #ifdef HAVE_CMATH
| # include <cmath>
| #else
| # ifdef HAVE_MATH_H
| #  include <math.h>
| # endif
| #endif
| #ifdef HAVE_CFLOAT
| # include <cfloat>
| #else
| # ifdef HAVE_FLOAT_H
| #  include <float.h>
| # endif
| #endif
| #ifdef HAVE_CIEEEFP
| # include <cieeefp>
| #else
| # ifdef HAVE_IEEEFP_H
| #  include <ieeefp.h>
| # endif
| #endif
| 
| #ifdef F77_DUMMY_MAIN
| 
| #  ifdef __cplusplus
|      extern "C"
| #  endif
|    int F77_DUMMY_MAIN() { return 1; }
| 
| #endif
| int
| main ()
| {
| #ifndef isfinite
|   char *p = (char *) isfinite;
| #endif
| 
|   ;
|   return 0;
| }
configure:23066: result: no
configure:23073: checking whether finite is declared
configure:23127: /usr/bin/g++ -c -g3 -gdwarf-2   -DCOINUTILS_BUILD  conftest.cc >&5
configure:23133: $? = 0
configure:23137: test -z 
			 || test ! -s conftest.err
configure:23140: $? = 0
configure:23143: test -s conftest.o
configure:23146: $? = 0
configure:23157: result: yes
configure:23300: checking for cmath
configure:23305: result: yes
configure:23629: checking for cfloat
configure:23634: result: yes
configure:23958: checking for cieeefp
configure:23963: result: no
configure:24116: checking for ieeefp.h
configure:24121: result: no
configure:24272: checking whether isnan is declared
configure:24326: /usr/bin/g++ -c -g3 -gdwarf-2   -DCOINUTILS_BUILD  conftest.cc >&5
configure:24332: $? = 0
configure:24336: test -z 
			 || test ! -s conftest.err
configure:24339: $? = 0
configure:24342: test -s conftest.o
configure:24345: $? = 0
configure:24356: result: yes
configure:24932: checking cinttypes usability
configure:24944: /usr/bin/g++ -c -g3 -gdwarf-2   -DCOINUTILS_BUILD  conftest.cc >&5
In file included from /usr/include/c++/4.9.2/cinttypes:35:0,
                 from conftest.cc:75:
/usr/include/c++/4.9.2/bits/c++0x_warning.h:32:2: error: #error This file requires compiler and library support for the ISO C++ 2011 standard. This support is currently experimental, and must be enabled with the -std=c++11 or -std=gnu++11 compiler options.
 #error This file requires compiler and library support for the \
  ^
configure:24950: $? = 1
configure: failed program was:
| /* confdefs.h.  */
| 
| #define PACKAGE_NAME "CoinUtils"
| #define PACKAGE_TARNAME "coinutils"
| #define PACKAGE_VERSION "2.9"
| #define PACKAGE_STRING "CoinUtils 2.9"
| #define PACKAGE_BUGREPORT "http://projects.coin-or.org/CoinUtils"
| #define COINUTILS_VERSION "2.9"
| #define COINUTILS_VERSION_MAJOR 2
| #define COINUTILS_VERSION_MINOR 9
| #define COINUTILS_VERSION_RELEASE 9999
| #define COINUTILS_SVN_REV 1808
| #define COIN_COINUTILS_VERBOSITY 0
| #define COIN_COINUTILS_CHECKLEVEL 0
| #ifdef __cplusplus
| extern "C" void exit (int) throw ();
| #endif
| #define F77_FUNC(name,NAME) name ## _
| #define F77_FUNC_(name,NAME) name ## _
| #define PACKAGE "coinutils"
| #define VERSION "2.9"
| #define STDC_HEADERS 1
| #define HAVE_SYS_TYPES_H 1
| #define HAVE_SYS_STAT_H 1
| #define HAVE_STDLIB_H 1
| #define HAVE_STRING_H 1
| #define HAVE_MEMORY_H 1
| #define HAVE_STRINGS_H 1
| #define HAVE_INTTYPES_H 1
| #define HAVE_STDINT_H 1
| #define HAVE_UNISTD_H 1
| #define HAVE_DLFCN_H 1
| #define HAVE_CMATH 1
| #define HAVE_CFLOAT 1
| #define COIN_C_FINITE finite
| #define HAVE_CMATH 1
| #define HAVE_CFLOAT 1
| #define COIN_C_ISNAN isnan
| #define COINUTILS_MEMPOOL_MAXPOOLED -1
| /* end confdefs.h.  */
| #include <stdio.h>
| #if HAVE_SYS_TYPES_H
| # include <sys/types.h>
| #endif
| #if HAVE_SYS_STAT_H
| # include <sys/stat.h>
| #endif
| #if STDC_HEADERS
| # include <stdlib.h>
| # include <stddef.h>
| #else
| # if HAVE_STDLIB_H
| #  include <stdlib.h>
| # endif
| #endif
| #if HAVE_STRING_H
| # if !STDC_HEADERS && HAVE_MEMORY_H
| #  include <memory.h>
| # endif
| # include <string.h>
| #endif
| #if HAVE_STRINGS_H
| # include <strings.h>
| #endif
| #if HAVE_INTTYPES_H
| # include <inttypes.h>
| #else
| # if HAVE_STDINT_H
| #  include <stdint.h>
| # endif
| #endif
| #if HAVE_UNISTD_H
| # include <unistd.h>
| #endif
| #include <cinttypes>
configure:24973: result: no
configure:24977: checking cinttypes presence
configure:24987: /usr/bin/g++ -E  conftest.cc
In file included from /usr/include/c++/4.9.2/cinttypes:35:0,
                 from conftest.cc:41:
/usr/include/c++/4.9.2/bits/c++0x_warning.h:32:2: error: #error This file requires compiler and library support for the ISO C++ 2011 standard. This support is currently experimental, and must be enabled with the -std=c++11 or -std=gnu++11 compiler options.
 #error This file requires compiler and library support for the \
  ^
configure:24993: $? = 1
configure: failed program was:
| /* confdefs.h.  */
| 
| #define PACKAGE_NAME "CoinUtils"
| #define PACKAGE_TARNAME "coinutils"
| #define PACKAGE_VERSION "2.9"
| #define PACKAGE_STRING "CoinUtils 2.9"
| #define PACKAGE_BUGREPORT "http://projects.coin-or.org/CoinUtils"
| #define COINUTILS_VERSION "2.9"
| #define COINUTILS_VERSION_MAJOR 2
| #define COINUTILS_VERSION_MINOR 9
| #define COINUTILS_VERSION_RELEASE 9999
| #define COINUTILS_SVN_REV 1808
| #define COIN_COINUTILS_VERBOSITY 0
| #define COIN_COINUTILS_CHECKLEVEL 0
| #ifdef __cplusplus
| extern "C" void exit (int) throw ();
| #endif
| #define F77_FUNC(name,NAME) name ## _
| #define F77_FUNC_(name,NAME) name ## _
| #define PACKAGE "coinutils"
| #define VERSION "2.9"
| #define STDC_HEADERS 1
| #define HAVE_SYS_TYPES_H 1
| #define HAVE_SYS_STAT_H 1
| #define HAVE_STDLIB_H 1
| #define HAVE_STRING_H 1
| #define HAVE_MEMORY_H 1
| #define HAVE_STRINGS_H 1
| #define HAVE_INTTYPES_H 1
| #define HAVE_STDINT_H 1
| #define HAVE_UNISTD_H 1
| #define HAVE_DLFCN_H 1
| #define HAVE_CMATH 1
| #define HAVE_CFLOAT 1
| #define COIN_C_FINITE finite
| #define HAVE_CMATH 1
| #define HAVE_CFLOAT 1
| #define COIN_C_ISNAN isnan
| #define COINUTILS_MEMPOOL_MAXPOOLED -1
| /* end confdefs.h.  */
| #include <cinttypes>
configure:25013: result: no
configure:25048: checking for cinttypes
configure:25055: result: no
configure:25081: checking for inttypes.h
configure:25086: result: yes
configure:25261: checking cstdint usability
configure:25273: /usr/bin/g++ -c -g3 -gdwarf-2   -DCOINUTILS_BUILD  conftest.cc >&5
In file included from /usr/include/c++/4.9.2/cstdint:35:0,
                 from conftest.cc:76:
/usr/include/c++/4.9.2/bits/c++0x_warning.h:32:2: error: #error This file requires compiler and library support for the ISO C++ 2011 standard. This support is currently experimental, and must be enabled with the -std=c++11 or -std=gnu++11 compiler options.
 #error This file requires compiler and library support for the \
  ^
configure:25279: $? = 1
configure: failed program was:
| /* confdefs.h.  */
| 
| #define PACKAGE_NAME "CoinUtils"
| #define PACKAGE_TARNAME "coinutils"
| #define PACKAGE_VERSION "2.9"
| #define PACKAGE_STRING "CoinUtils 2.9"
| #define PACKAGE_BUGREPORT "http://projects.coin-or.org/CoinUtils"
| #define COINUTILS_VERSION "2.9"
| #define COINUTILS_VERSION_MAJOR 2
| #define COINUTILS_VERSION_MINOR 9
| #define COINUTILS_VERSION_RELEASE 9999
| #define COINUTILS_SVN_REV 1808
| #define COIN_COINUTILS_VERBOSITY 0
| #define COIN_COINUTILS_CHECKLEVEL 0
| #ifdef __cplusplus
| extern "C" void exit (int) throw ();
| #endif
| #define F77_FUNC(name,NAME) name ## _
| #define F77_FUNC_(name,NAME) name ## _
| #define PACKAGE "coinutils"
| #define VERSION "2.9"
| #define STDC_HEADERS 1
| #define HAVE_SYS_TYPES_H 1
| #define HAVE_SYS_STAT_H 1
| #define HAVE_STDLIB_H 1
| #define HAVE_STRING_H 1
| #define HAVE_MEMORY_H 1
| #define HAVE_STRINGS_H 1
| #define HAVE_INTTYPES_H 1
| #define HAVE_STDINT_H 1
| #define HAVE_UNISTD_H 1
| #define HAVE_DLFCN_H 1
| #define HAVE_CMATH 1
| #define HAVE_CFLOAT 1
| #define COIN_C_FINITE finite
| #define HAVE_CMATH 1
| #define HAVE_CFLOAT 1
| #define COIN_C_ISNAN isnan
| #define COINUTILS_MEMPOOL_MAXPOOLED -1
| #define HAVE_INTTYPES_H 1
| /* end confdefs.h.  */
| #include <stdio.h>
| #if HAVE_SYS_TYPES_H
| # include <sys/types.h>
| #endif
| #if HAVE_SYS_STAT_H
| # include <sys/stat.h>
| #endif
| #if STDC_HEADERS
| # include <stdlib.h>
| # include <stddef.h>
| #else
| # if HAVE_STDLIB_H
| #  include <stdlib.h>
| # endif
| #endif
| #if HAVE_STRING_H
| # if !STDC_HEADERS && HAVE_MEMORY_H
| #  include <memory.h>
| # endif
| # include <string.h>
| #endif
| #if HAVE_STRINGS_H
| # include <strings.h>
| #endif
| #if HAVE_INTTYPES_H
| # include <inttypes.h>
| #else
| # if HAVE_STDINT_H
| #  include <stdint.h>
| # endif
| #endif
| #if HAVE_UNISTD_H
| # include <unistd.h>
| #endif
| #include <cstdint>
configure:25302: result: no
configure:25306: checking cstdint presence
configure:25316: /usr/bin/g++ -E  conftest.cc
In file included from /usr/include/c++/4.9.2/cstdint:35:0,
                 from conftest.cc:42:
/usr/include/c++/4.9.2/bits/c++0x_warning.h:32:2: error: #error This file requires compiler and library support for the ISO C++ 2011 standard. This support is currently experimental, and must be enabled with the -std=c++11 or -std=gnu++11 compiler options.
 #error This file requires compiler and library support for the \
  ^
configure:25322: $? = 1
configure: failed program was:
| /* confdefs.h.  */
| 
| #define PACKAGE_NAME "CoinUtils"
| #define PACKAGE_TARNAME "coinutils"
| #define PACKAGE_VERSION "2.9"
| #define PACKAGE_STRING "CoinUtils 2.9"
| #define PACKAGE_BUGREPORT "http://projects.coin-or.org/CoinUtils"
| #define COINUTILS_VERSION "2.9"
| #define COINUTILS_VERSION_MAJOR 2
| #define COINUTILS_VERSION_MINOR 9
| #define COINUTILS_VERSION_RELEASE 9999
| #define COINUTILS_SVN_REV 1808
| #define COIN_COINUTILS_VERBOSITY 0
| #define COIN_COINUTILS_CHECKLEVEL 0
| #ifdef __cplusplus
| extern "C" void exit (int) throw ();
| #endif
| #define F77_FUNC(name,NAME) name ## _
| #define F77_FUNC_(name,NAME) name ## _
| #define PACKAGE "coinutils"
| #define VERSION "2.9"
| #define STDC_HEADERS 1
| #define HAVE_SYS_TYPES_H 1
| #define HAVE_SYS_STAT_H 1
| #define HAVE_STDLIB_H 1
| #define HAVE_STRING_H 1
| #define HAVE_MEMORY_H 1
| #define HAVE_STRINGS_H 1
| #define HAVE_INTTYPES_H 1
| #define HAVE_STDINT_H 1
| #define HAVE_UNISTD_H 1
| #define HAVE_DLFCN_H 1
| #define HAVE_CMATH 1
| #define HAVE_CFLOAT 1
| #define COIN_C_FINITE finite
| #define HAVE_CMATH 1
| #define HAVE_CFLOAT 1
| #define COIN_C_ISNAN isnan
| #define COINUTILS_MEMPOOL_MAXPOOLED -1
| #define HAVE_INTTYPES_H 1
| /* end confdefs.h.  */
| #include <cstdint>
configure:25342: result: no
configure:25377: checking for cstdint
configure:25384: result: no
configure:25410: checking for stdint.h
configure:25415: result: yes
configure:25573: checking for int64_t
configure:25614: /usr/bin/g++ -c -g3 -gdwarf-2   -DCOINUTILS_BUILD  conftest.cc >&5
configure:25620: $? = 0
configure:25624: test -z 
			 || test ! -s conftest.err
configure:25627: $? = 0
configure:25630: test -s conftest.o
configure:25633: $? = 0
configure:25644: result: yes
configure:27124: checking for intptr_t
configure:27165: /usr/bin/g++ -c -g3 -gdwarf-2   -DCOINUTILS_BUILD  conftest.cc >&5
configure:27171: $? = 0
configure:27175: test -z 
			 || test ! -s conftest.err
configure:27178: $? = 0
configure:27181: test -s conftest.o
configure:27184: $? = 0
configure:27195: result: yes
configure:29159: checking windows.h usability
configure:29171: /usr/bin/g++ -c -g3 -gdwarf-2   -DCOINUTILS_BUILD  conftest.cc >&5
conftest.cc:81:21: fatal error: windows.h: No such file or directory
 #include <windows.h>
                     ^
compilation terminated.
configure:29177: $? = 1
configure: failed program was:
| /* confdefs.h.  */
| 
| #define PACKAGE_NAME "CoinUtils"
| #define PACKAGE_TARNAME "coinutils"
| #define PACKAGE_VERSION "2.9"
| #define PACKAGE_STRING "CoinUtils 2.9"
| #define PACKAGE_BUGREPORT "http://projects.coin-or.org/CoinUtils"
| #define COINUTILS_VERSION "2.9"
| #define COINUTILS_VERSION_MAJOR 2
| #define COINUTILS_VERSION_MINOR 9
| #define COINUTILS_VERSION_RELEASE 9999
| #define COINUTILS_SVN_REV 1808
| #define COIN_COINUTILS_VERBOSITY 0
| #define COIN_COINUTILS_CHECKLEVEL 0
| #ifdef __cplusplus
| extern "C" void exit (int) throw ();
| #endif
| #define F77_FUNC(name,NAME) name ## _
| #define F77_FUNC_(name,NAME) name ## _
| #define PACKAGE "coinutils"
| #define VERSION "2.9"
| #define STDC_HEADERS 1
| #define HAVE_SYS_TYPES_H 1
| #define HAVE_SYS_STAT_H 1
| #define HAVE_STDLIB_H 1
| #define HAVE_STRING_H 1
| #define HAVE_MEMORY_H 1
| #define HAVE_STRINGS_H 1
| #define HAVE_INTTYPES_H 1
| #define HAVE_STDINT_H 1
| #define HAVE_UNISTD_H 1
| #define HAVE_DLFCN_H 1
| #define HAVE_CMATH 1
| #define HAVE_CFLOAT 1
| #define COIN_C_FINITE finite
| #define HAVE_CMATH 1
| #define HAVE_CFLOAT 1
| #define COIN_C_ISNAN isnan
| #define COINUTILS_MEMPOOL_MAXPOOLED -1
| #define HAVE_INTTYPES_H 1
| #define HAVE_STDINT_H 1
| #define COIN_INT64_T int64_t
| #define COIN_UINT64_T int64_t
| #define COIN_INTPTR_T intptr_t
| #define COINUTILS_HAS_STDINT_H 1
| /* end confdefs.h.  */
| #include <stdio.h>
| #if HAVE_SYS_TYPES_H
| # include <sys/types.h>
| #endif
| #if HAVE_SYS_STAT_H
| # include <sys/stat.h>
| #endif
| #if STDC_HEADERS
| # include <stdlib.h>
| # include <stddef.h>
| #else
| # if HAVE_STDLIB_H
| #  include <stdlib.h>
| # endif
| #endif
| #if HAVE_STRING_H
| # if !STDC_HEADERS && HAVE_MEMORY_H
| #  include <memory.h>
| # endif
| # include <string.h>
| #endif
| #if HAVE_STRINGS_H
| # include <strings.h>
| #endif
| #if HAVE_INTTYPES_H
| # include <inttypes.h>
| #else
| # if HAVE_STDINT_H
| #  include <stdint.h>
| # endif
| #endif
| #if HAVE_UNISTD_H
| # include <unistd.h>
| #endif
| #include <windows.h>
configure:29200: result: no
configure:29204: checking windows.h presence
configure:29214: /usr/bin/g++ -E  conftest.cc
conftest.cc:47:21: fatal error: windows.h: No such file or directory
 #include <windows.h>
                     ^
compilation terminated.
configure:29220: $? = 1
configure: failed program was:
| /* confdefs.h.  */
| 
| #define PACKAGE_NAME "CoinUtils"
| #define PACKAGE_TARNAME "coinutils"
| #define PACKAGE_VERSION "2.9"
| #define PACKAGE_STRING "CoinUtils 2.9"
| #define PACKAGE_BUGREPORT "http://projects.coin-or.org/CoinUtils"
| #define COINUTILS_VERSION "2.9"
| #define COINUTILS_VERSION_MAJOR 2
| #define COINUTILS_VERSION_MINOR 9
| #define COINUTILS_VERSION_RELEASE 9999
| #define COINUTILS_SVN_REV 1808
| #define COIN_COINUTILS_VERBOSITY 0
| #define COIN_COINUTILS_CHECKLEVEL 0
| #ifdef __cplusplus
| extern "C" void exit (int) throw ();
| #endif
| #define F77_FUNC(name,NAME) name ## _
| #define F77_FUNC_(name,NAME) name ## _
| #define PACKAGE "coinutils"
| #define VERSION "2.9"
| #define STDC_HEADERS 1
| #define HAVE_SYS_TYPES_H 1
| #define HAVE_SYS_STAT_H 1
| #define HAVE_STDLIB_H 1
| #define HAVE_STRING_H 1
| #define HAVE_MEMORY_H 1
| #define HAVE_STRINGS_H 1
| #define HAVE_INTTYPES_H 1
| #define HAVE_STDINT_H 1
| #define HAVE_UNISTD_H 1
| #define HAVE_DLFCN_H 1
| #define HAVE_CMATH 1
| #define HAVE_CFLOAT 1
| #define COIN_C_FINITE finite
| #define HAVE_CMATH 1
| #define HAVE_CFLOAT 1
| #define COIN_C_ISNAN isnan
| #define COINUTILS_MEMPOOL_MAXPOOLED -1
| #define HAVE_INTTYPES_H 1
| #define HAVE_STDINT_H 1
| #define COIN_INT64_T int64_t
| #define COIN_UINT64_T int64_t
| #define COIN_INTPTR_T intptr_t
| #define COINUTILS_HAS_STDINT_H 1
| /* end confdefs.h.  */
| #include <windows.h>
configure:29240: result: no
configure:29275: checking for windows.h
configure:29282: result: no
configure:29313: checking endian.h usability
configure:29325: /usr/bin/g++ -c -g3 -gdwarf-2   -DCOINUTILS_BUILD  conftest.cc >&5
configure:29331: $? = 0
configure:29335: test -z 
			 || test ! -s conftest.err
configure:29338: $? = 0
configure:29341: test -s conftest.o
configure:29344: $? = 0
configure:29354: result: yes
configure:29358: checking endian.h presence
configure:29368: /usr/bin/g++ -E  conftest.cc
configure:29374: $? = 0
configure:29394: result: yes
configure:29429: checking for endian.h
configure:29436: result: yes
configure:29523: checking for pkg-config
configure:29539: found /usr/bin/pkg-config
configure:29549: result: pkg-config
configure:29564: checking pkg-config is at least version 0.16.0
configure:29567: result: yes
configure:32056: checking whether -lblas has BLAS
configure:32333: /usr/bin/g++ -o conftest -g3 -gdwarf-2   -DCOINUTILS_BUILD   conftest.cc -lblas  >&5
configure:32339: $? = 0
configure:32343: test -z 
			 || test ! -s conftest.err
configure:32346: $? = 0
configure:32349: test -s conftest
configure:32352: $? = 0
configure:32369: result: yes: -lblas
configure:33453: checking whether LAPACK is already available with BLAS library
configure:33730: /usr/bin/g++ -o conftest -g3 -gdwarf-2   -DCOINUTILS_BUILD   conftest.cc -lblas  >&5
/tmp/ccjKLwQm.o: In function `main':
/home/raffa/Documents/discOpt/CoinMP/CoinUtils/conftest.cc:62: undefined reference to `dsyev_'
collect2: error: ld returned 1 exit status
configure:33736: $? = 1
configure: failed program was:
| /* confdefs.h.  */
| 
| #define PACKAGE_NAME "CoinUtils"
| #define PACKAGE_TARNAME "coinutils"
| #define PACKAGE_VERSION "2.9"
| #define PACKAGE_STRING "CoinUtils 2.9"
| #define PACKAGE_BUGREPORT "http://projects.coin-or.org/CoinUtils"
| #define COINUTILS_VERSION "2.9"
| #define COINUTILS_VERSION_MAJOR 2
| #define COINUTILS_VERSION_MINOR 9
| #define COINUTILS_VERSION_RELEASE 9999
| #define COINUTILS_SVN_REV 1808
| #define COIN_COINUTILS_VERBOSITY 0
| #define COIN_COINUTILS_CHECKLEVEL 0
| #ifdef __cplusplus
| extern "C" void exit (int) throw ();
| #endif
| #define F77_FUNC(name,NAME) name ## _
| #define F77_FUNC_(name,NAME) name ## _
| #define PACKAGE "coinutils"
| #define VERSION "2.9"
| #define STDC_HEADERS 1
| #define HAVE_SYS_TYPES_H 1
| #define HAVE_SYS_STAT_H 1
| #define HAVE_STDLIB_H 1
| #define HAVE_STRING_H 1
| #define HAVE_MEMORY_H 1
| #define HAVE_STRINGS_H 1
| #define HAVE_INTTYPES_H 1
| #define HAVE_STDINT_H 1
| #define HAVE_UNISTD_H 1
| #define HAVE_DLFCN_H 1
| #define HAVE_CMATH 1
| #define HAVE_CFLOAT 1
| #define COIN_C_FINITE finite
| #define HAVE_CMATH 1
| #define HAVE_CFLOAT 1
| #define COIN_C_ISNAN isnan
| #define COINUTILS_MEMPOOL_MAXPOOLED -1
| #define HAVE_INTTYPES_H 1
| #define HAVE_STDINT_H 1
| #define COIN_INT64_T int64_t
| #define COIN_UINT64_T int64_t
| #define COIN_INTPTR_T intptr_t
| #define COINUTILS_HAS_STDINT_H 1
| #define HAVE_ENDIAN_H 1
| #define COIN_HAS_BLAS 1
| /* end confdefs.h.  */
| extern "C" {void dsyev_();}
| #ifdef F77_DUMMY_MAIN
| 
| #  ifdef __cplusplus
|      extern "C"
| #  endif
|    int F77_DUMMY_MAIN() { return 1; }
| 
| #endif
| int
| main ()
| {
| dsyev_()
|   ;
|   return 0;
| }
configure:33797: /usr/bin/g++ -o conftest -g3 -gdwarf-2   -DCOINUTILS_BUILD   conftest.cc -lblas   -L/usr/lib/gcc/x86_64-redhat-linux/4.9.2 -L/usr/lib/gcc/x86_64-redhat-linux/4.9.2/../../../../lib64 -L/lib/../lib64 -L/usr/lib/../lib64 -L/usr/lib/gcc/x86_64-redhat-linux/4.9.2/../../.. -lgfortran -lm -lquadmath >&5
/tmp/cchfXV5t.o: In function `main':
/home/raffa/Documents/discOpt/CoinMP/CoinUtils/conftest.cc:62: undefined reference to `dsyev_'
collect2: error: ld returned 1 exit status
configure:33803: $? = 1
configure: failed program was:
| /* confdefs.h.  */
| 
| #define PACKAGE_NAME "CoinUtils"
| #define PACKAGE_TARNAME "coinutils"
| #define PACKAGE_VERSION "2.9"
| #define PACKAGE_STRING "CoinUtils 2.9"
| #define PACKAGE_BUGREPORT "http://projects.coin-or.org/CoinUtils"
| #define COINUTILS_VERSION "2.9"
| #define COINUTILS_VERSION_MAJOR 2
| #define COINUTILS_VERSION_MINOR 9
| #define COINUTILS_VERSION_RELEASE 9999
| #define COINUTILS_SVN_REV 1808
| #define COIN_COINUTILS_VERBOSITY 0
| #define COIN_COINUTILS_CHECKLEVEL 0
| #ifdef __cplusplus
| extern "C" void exit (int) throw ();
| #endif
| #define F77_FUNC(name,NAME) name ## _
| #define F77_FUNC_(name,NAME) name ## _
| #define PACKAGE "coinutils"
| #define VERSION "2.9"
| #define STDC_HEADERS 1
| #define HAVE_SYS_TYPES_H 1
| #define HAVE_SYS_STAT_H 1
| #define HAVE_STDLIB_H 1
| #define HAVE_STRING_H 1
| #define HAVE_MEMORY_H 1
| #define HAVE_STRINGS_H 1
| #define HAVE_INTTYPES_H 1
| #define HAVE_STDINT_H 1
| #define HAVE_UNISTD_H 1
| #define HAVE_DLFCN_H 1
| #define HAVE_CMATH 1
| #define HAVE_CFLOAT 1
| #define COIN_C_FINITE finite
| #define HAVE_CMATH 1
| #define HAVE_CFLOAT 1
| #define COIN_C_ISNAN isnan
| #define COINUTILS_MEMPOOL_MAXPOOLED -1
| #define HAVE_INTTYPES_H 1
| #define HAVE_STDINT_H 1
| #define COIN_INT64_T int64_t
| #define COIN_UINT64_T int64_t
| #define COIN_INTPTR_T intptr_t
| #define COINUTILS_HAS_STDINT_H 1
| #define HAVE_ENDIAN_H 1
| #define COIN_HAS_BLAS 1
| /* end confdefs.h.  */
| extern "C" {void dsyev_();}
| #ifdef F77_DUMMY_MAIN
| 
| #  ifdef __cplusplus
|      extern "C"
| #  endif
|    int F77_DUMMY_MAIN() { return 1; }
| 
| #endif
| int
| main ()
| {
| dsyev_()
|   ;
|   return 0;
| }
configure:33833: result: no
configure:34655: checking whether -llapack has LAPACK
configure:34932: /usr/bin/g++ -o conftest -g3 -gdwarf-2   -DCOINUTILS_BUILD   conftest.cc -llapack -lblas  >&5
configure:34938: $? = 0
configure:34942: test -z 
			 || test ! -s conftest.err
configure:34945: $? = 0
configure:34948: test -s conftest
configure:34951: $? = 0
configure:34968: result: yes: -llapack
configure:35620: checking for COIN-OR package Glpk
configure:35784: result: not given: No package 'coinglpk' found
configure:36130: checking for COIN-OR package Sample
configure:36261: result: yes: 1.2 
configure:36610: checking for COIN-OR package Netlib
configure:36759: result: not given: No package 'coindatanetlib' found
configure:37127: checking zlib.h usability
configure:37139: /usr/bin/g++ -c -g3 -gdwarf-2   -DCOINUTILS_BUILD  conftest.cc >&5
configure:37145: $? = 0
configure:37149: test -z 
			 || test ! -s conftest.err
configure:37152: $? = 0
configure:37155: test -s conftest.o
configure:37158: $? = 0
configure:37168: result: yes
configure:37172: checking zlib.h presence
configure:37182: /usr/bin/g++ -E  conftest.cc
configure:37188: $? = 0
configure:37208: result: yes
configure:37243: checking for zlib.h
configure:37250: result: yes
configure:37266: checking for gzopen in -lz
configure:37304: /usr/bin/g++ -o conftest -g3 -gdwarf-2   -DCOINUTILS_BUILD   conftest.cc -lz   >&5
configure:37310: $? = 0
configure:37314: test -z 
			 || test ! -s conftest.err
configure:37317: $? = 0
configure:37320: test -s conftest
configure:37323: $? = 0
configure:37336: result: yes
configure:37407: checking bzlib.h usability
configure:37419: /usr/bin/g++ -c -g3 -gdwarf-2   -DCOINUTILS_BUILD  conftest.cc >&5
configure:37425: $? = 0
configure:37429: test -z 
			 || test ! -s conftest.err
configure:37432: $? = 0
configure:37435: test -s conftest.o
configure:37438: $? = 0
configure:37448: result: yes
configure:37452: checking bzlib.h presence
configure:37462: /usr/bin/g++ -E  conftest.cc
configure:37468: $? = 0
configure:37488: result: yes
configure:37523: checking for bzlib.h
configure:37530: result: yes
configure:37546: checking for BZ2_bzReadOpen in -lbz2
configure:37584: /usr/bin/g++ -o conftest -g3 -gdwarf-2   -DCOINUTILS_BUILD   conftest.cc -lbz2   >&5
configure:37590: $? = 0
configure:37594: test -z 
			 || test ! -s conftest.err
configure:37597: $? = 0
configure:37600: test -s conftest
configure:37603: $? = 0
configure:37616: result: yes
configure:37975: checking whether this is a VPATH configuration
configure:37982: result: no
configure:38002: configuring doxygen documentation options
configure:38009: checking for doxygen
configure:38025: found /usr/bin/doxygen
configure:38036: result: yes
configure:38064: checking for dot
configure:38080: found /usr/bin/dot
configure:38091: result: YES
configure:38187: checking which command should be used to link input files
configure:38195: result: ln -s
configure:38515: creating ./config.status

## ---------------------- ##
## Running config.status. ##
## ---------------------- ##

This file was extended by CoinUtils config.status 2.9, which was
generated by GNU Autoconf 2.59.  Invocation command line was

  CONFIG_FILES    = 
  CONFIG_HEADERS  = 
  CONFIG_LINKS    = 
  CONFIG_COMMANDS = 
  $ ./config.status 

on localhost.localdomain

config.status:834: creating Makefile
config.status:834: creating src/Makefile
config.status:834: creating test/Makefile
config.status:834: creating coinutils.pc
config.status:834: creating coinutils-uninstalled.pc
config.status:834: creating doxydoc/doxygen.conf
config.status:938: creating src/config.h
config.status:1124: src/config.h is unchanged
config.status:938: creating src/config_coinutils.h
config.status:1124: src/config_coinutils.h is unchanged
config.status:1304: executing depfiles commands
configure:40000: In case of trouble, first consult the troubleshooting page at https://projects.coin-or.org/BuildTools/wiki/user-troubleshooting
configure:40003: Configuration of CoinUtils successful

## ---------------- ##
## Cache variables. ##
## ---------------- ##

ac_cv_build=x86_64-unknown-linux-gnu
ac_cv_build_alias=x86_64-unknown-linux-gnu
ac_cv_c_compiler_gnu=yes
ac_cv_cxx_compiler_gnu=yes
ac_cv_env_ADD_CFLAGS_set=
ac_cv_env_ADD_CFLAGS_value=
ac_cv_env_ADD_CXXFLAGS_set=
ac_cv_env_ADD_CXXFLAGS_value=
ac_cv_env_ADD_FFLAGS_set=
ac_cv_env_ADD_FFLAGS_value=
ac_cv_env_CC_set=set
ac_cv_env_CC_value=/usr/bin/gcc
ac_cv_env_CDEFS_set=
ac_cv_env_CDEFS_value=
ac_cv_env_CFLAGS_set=set
ac_cv_env_CFLAGS_value='-g3 -gdwarf-2'
ac_cv_env_CPPFLAGS_set=
ac_cv_env_CPPFLAGS_value=
ac_cv_env_CPP_set=
ac_cv_env_CPP_value=
ac_cv_env_CXXCPP_set=
ac_cv_env_CXXCPP_value=
ac_cv_env_CXXDEFS_set=
ac_cv_env_CXXDEFS_value=
ac_cv_env_CXXFLAGS_set=set
ac_cv_env_CXXFLAGS_value='-g3 -gdwarf-2'
ac_cv_env_CXX_set=set
ac_cv_env_CXX_value=/usr/bin/g++
ac_cv_env_DBG_CFLAGS_set=
ac_cv_env_DBG_CFLAGS_value=
ac_cv_env_DBG_CXXFLAGS_set=
ac_cv_env_DBG_CXXFLAGS_value=
ac_cv_env_DBG_FFLAGS_set=
ac_cv_env_DBG_FFLAGS_value=
ac_cv_env_F77_set=
ac_cv_env_F77_value=
ac_cv_env_FFLAGS_set=
ac_cv_env_FFLAGS_value=
ac_cv_env_LDFLAGS_set=
ac_cv_env_LDFLAGS_value=
ac_cv_env_MPICC_set=
ac_cv_env_MPICC_value=
ac_cv_env_MPICXX_set=
ac_cv_env_MPICXX_value=
ac_cv_env_MPIF77_set=
ac_cv_env_MPIF77_value=
ac_cv_env_OPT_CFLAGS_set=
ac_cv_env_OPT_CFLAGS_value=
ac_cv_env_OPT_CXXFLAGS_set=
ac_cv_env_OPT_CXXFLAGS_value=
ac_cv_env_OPT_FFLAGS_set=
ac_cv_env_OPT_FFLAGS_value=
ac_cv_env_PKG_CONFIG_set=
ac_cv_env_PKG_CONFIG_value=
ac_cv_env_build_alias_set=
ac_cv_env_build_alias_value=
ac_cv_env_host_alias_set=
ac_cv_env_host_alias_value=
ac_cv_env_target_alias_set=
ac_cv_env_target_alias_value=
ac_cv_exeext=
ac_cv_f77_compiler_gnu=yes
ac_cv_f77_dummy_main=none
ac_cv_f77_libs=' -L/usr/lib/gcc/x86_64-redhat-linux/4.9.2 -L/usr/lib/gcc/x86_64-redhat-linux/4.9.2/../../../../lib64 -L/lib/../lib64 -L/usr/lib/../lib64 -L/usr/lib/gcc/x86_64-redhat-linux/4.9.2/../../.. -lgfortran -lm -lquadmath'
ac_cv_f77_mangling='lower case, underscore, no extra underscore'
ac_cv_fortran_dummy_main=none
ac_cv_have_decl_finite=yes
ac_cv_have_decl_isfinite=no
ac_cv_have_decl_isnan=yes
ac_cv_header_bzlib_h=yes
ac_cv_header_cfloat=yes
ac_cv_header_cieeefp=no
ac_cv_header_cinttypes=no
ac_cv_header_cmath=yes
ac_cv_header_cstdint=no
ac_cv_header_dlfcn_h=yes
ac_cv_header_endian_h=yes
ac_cv_header_ieeefp_h=no
ac_cv_header_inttypes_h=yes
ac_cv_header_memory_h=yes
ac_cv_header_stdc=yes
ac_cv_header_stdint_h=yes
ac_cv_header_stdlib_h=yes
ac_cv_header_string_h=yes
ac_cv_header_strings_h=yes
ac_cv_header_sys_stat_h=yes
ac_cv_header_sys_types_h=yes
ac_cv_header_unistd_h=yes
ac_cv_header_windows_h=no
ac_cv_header_zlib_h=yes
ac_cv_host=x86_64-unknown-linux-gnu
ac_cv_host_alias=x86_64-unknown-linux-gnu
ac_cv_lib_bz2_BZ2_bzReadOpen=yes
ac_cv_lib_z_gzopen=yes
ac_cv_objext=o
ac_cv_path_install='/usr/bin/install -c'
ac_cv_prog_AWK=gawk
ac_cv_prog_CPP='/usr/bin/gcc -E'
ac_cv_prog_CXXCPP='/usr/bin/g++ -E'
ac_cv_prog_ac_ct_AR=ar
ac_cv_prog_ac_ct_F77=gfortran
ac_cv_prog_ac_ct_PKG_CONFIG=pkg-config
ac_cv_prog_ac_ct_RANLIB=ranlib
ac_cv_prog_ac_ct_STRIP=strip
ac_cv_prog_cc_g=yes
ac_cv_prog_cc_stdc=
ac_cv_prog_coin_doxy_usedot=YES
ac_cv_prog_coin_have_doxygen=yes
ac_cv_prog_cxx_g=yes
ac_cv_prog_egrep='grep -E'
ac_cv_prog_f77_g=yes
ac_cv_prog_f77_v=-v
ac_cv_prog_have_svnversion=yes
ac_cv_prog_make_make_set=yes
ac_cv_type_int64_t=yes
ac_cv_type_intptr_t=yes
am_cv_CC_dependencies_compiler_type=gcc3
am_cv_CXX_dependencies_compiler_type=gcc3
lt_cv_deplibs_check_method=pass_all
lt_cv_file_magic_cmd='$MAGIC_CMD'
lt_cv_file_magic_test_file=
lt_cv_ld_reload_flag=-r
lt_cv_objdir=.libs
lt_cv_path_LD=/usr/bin/ld
lt_cv_path_LDCXX='/usr/bin/ld -m elf_x86_64'
lt_cv_path_NM='/usr/bin/nm -B'
lt_cv_path_SED=/usr/bin/sed
lt_cv_prog_compiler_c_o=yes
lt_cv_prog_compiler_c_o_CXX=yes
lt_cv_prog_compiler_c_o_F77=yes
lt_cv_prog_compiler_rtti_exceptions=no
lt_cv_prog_gnu_ld=yes
lt_cv_prog_gnu_ldcxx=yes
lt_cv_sys_global_symbol_pipe='sed -n -e '\''s/^.*[ 	]\([ABCDGIRSTW][ABCDGIRSTW]*\)[ 	][ 	]*\([_A-Za-z][_A-Za-z0-9]*\)$/\1 \2 \2/p'\'''
lt_cv_sys_global_symbol_to_c_name_address='sed -n -e '\''s/^: \([^ ]*\) $/  {\"\1\", (lt_ptr) 0},/p'\'' -e '\''s/^[BCDEGRST] \([^ ]*\) \([^ ]*\)$/  {"\2", (lt_ptr) \&\2},/p'\'''
lt_cv_sys_global_symbol_to_cdecl='sed -n -e '\''s/^. .* \(.*\)$/extern int \1;/p'\'''
lt_cv_sys_max_cmd_len=32768
lt_lt_cv_prog_compiler_c_o='"yes"'
lt_lt_cv_prog_compiler_c_o_CXX='"yes"'
lt_lt_cv_prog_compiler_c_o_F77='"yes"'
lt_lt_cv_sys_global_symbol_pipe='"sed -n -e '\''s/^.*[ 	]\\([ABCDGIRSTW][ABCDGIRSTW]*\\)[ 	][ 	]*\\([_A-Za-z][_A-Za-z0-9]*\\)\$/\\1 \\2 \\2/p'\''"'
lt_lt_cv_sys_global_symbol_to_c_name_address='"sed -n -e '\''s/^: \\([^ ]*\\) \$/  {\\\"\\1\\\", (lt_ptr) 0},/p'\'' -e '\''s/^[BCDEGRST] \\([^ ]*\\) \\([^ ]*\\)\$/  {\"\\2\", (lt_ptr) \\&\\2},/p'\''"'
lt_lt_cv_sys_global_symbol_to_cdecl='"sed -n -e '\''s/^. .* \\(.*\\)\$/extern int \\1;/p'\''"'

## ----------------- ##
## Output variables. ##
## ----------------- ##

ABSBUILDDIR='/home/raffa/Documents/discOpt/CoinMP/CoinUtils'
ACLOCAL='${SHELL} /home/raffa/Documents/discOpt/CoinMP/CoinUtils/missing --run aclocal-1.9'
ADD_CFLAGS=''
ADD_CXXFLAGS=''
ADD_FFLAGS=''
ALWAYS_FALSE_FALSE=''
ALWAYS_FALSE_TRUE='#'
AMDEPBACKSLASH='\'
AMDEP_FALSE='#'
AMDEP_TRUE=''
AMTAR='${SHELL} /home/raffa/Documents/discOpt/CoinMP/CoinUtils/missing --run tar'
AR='ar'
AUTOCONF='${SHELL} /home/raffa/Documents/discOpt/CoinMP/CoinUtils/missing --run autoconf'
AUTOHEADER='${SHELL} /home/raffa/Documents/discOpt/CoinMP/CoinUtils/missing --run autoheader'
AUTOMAKE='${SHELL} /home/raffa/Documents/discOpt/CoinMP/CoinUtils/missing --run automake-1.9'
AUX_DIR=''
AWK='gawk'
BLAS_CFLAGS=''
BLAS_CFLAGS_INSTALLED=''
BLAS_DATA=''
BLAS_DATA_INSTALLED=''
BLAS_DEPENDENCIES=''
BLAS_LIBS='-lblas'
BLAS_LIBS_INSTALLED=''
BUILDTOOLSDIR=''
CC='/usr/bin/gcc'
CCDEPMODE='depmode=gcc3'
CDEFS=''
CFLAGS='-g3 -gdwarf-2   -DCOINUTILS_BUILD'
COINUTILSLIB_CFLAGS=''
COINUTILSLIB_CFLAGS_INSTALLED=''
COINUTILSLIB_DEPENDENCIES=''
COINUTILSLIB_LIBS='-lbz2 -lz -llapack -lblas -lm '
COINUTILSLIB_LIBS_INSTALLED='-lbz2 -lz -llapack -lblas -lm '
COINUTILSLIB_PCLIBS='-lbz2 -lz -llapack -lblas -lm '
COINUTILSLIB_PCREQUIRES=''
COINUTILS_SVN_REV='1808'
COIN_CC_IS_CL_FALSE=''
COIN_CC_IS_CL_TRUE='#'
COIN_CXX_IS_CL_FALSE=''
COIN_CXX_IS_CL_TRUE='#'
COIN_HAS_BLAS_FALSE='#'
COIN_HAS_BLAS_TRUE=''
COIN_HAS_GLPK_FALSE=''
COIN_HAS_GLPK_TRUE='#'
COIN_HAS_LAPACK_FALSE='#'
COIN_HAS_LAPACK_TRUE=''
COIN_HAS_NETLIB_FALSE=''
COIN_HAS_NETLIB_TRUE='#'
COIN_HAS_PKGCONFIG_FALSE='#'
COIN_HAS_PKGCONFIG_TRUE=''
COIN_HAS_SAMPLE_FALSE='#'
COIN_HAS_SAMPLE_TRUE=''
COIN_HAS_ZLIB_FALSE='#'
COIN_HAS_ZLIB_TRUE=''
COIN_PKG_CONFIG_PATH='/home/raffa/Documents/discOpt/CoinMP/lib64/pkgconfig:/home/raffa/Documents/discOpt/CoinMP/lib/pkgconfig:/home/raffa/Documents/discOpt/CoinMP/share/pkgconfig:'
COIN_PKG_CONFIG_PATH_UNINSTALLED='/home/raffa/Documents/discOpt/CoinMP/CoinMP:/home/raffa/Documents/discOpt/CoinMP/Cbc:/home/raffa/Documents/discOpt/CoinMP/Cgl:/home/raffa/Documents/discOpt/CoinMP/Clp:/home/raffa/Documents/discOpt/CoinMP/Osi:/home/raffa/Documents/discOpt/CoinMP/CoinUtils:/home/raffa/Documents/discOpt/CoinMP/Data/Sample:'
CPP='/usr/bin/gcc -E'
CPPFLAGS=''
CXX='/usr/bin/g++'
CXXCPP='/usr/bin/g++ -E'
CXXDEFS=''
CXXDEPMODE='depmode=gcc3'
CXXFLAGS='-g3 -gdwarf-2   -DCOINUTILS_BUILD'
CYGPATH_W='echo'
DBG_CFLAGS='-g3 -gdwarf-2  '
DBG_CXXFLAGS='-g3 -gdwarf-2  '
DBG_FFLAGS='-g -O0 -pipe  '
DEFS='-DHAVE_CONFIG_H'
DEPDIR='.deps'
DEPENDENCY_LINKING_FALSE=''
DEPENDENCY_LINKING_TRUE='#'
ECHO='echo'
ECHO_C=''
ECHO_N='-n'
ECHO_T=''
EGREP='grep -E'
EXEEXT=''
F77='gfortran'
FFLAGS='-O3 -pipe  '
FLIBS=' -L/usr/lib/gcc/x86_64-redhat-linux/4.9.2 -L/usr/lib/gcc/x86_64-redhat-linux/4.9.2/../../../../lib64 -L/lib/../lib64 -L/usr/lib/../lib64 -L/usr/lib/gcc/x86_64-redhat-linux/4.9.2/../../.. -lgfortran -lm -lquadmath'
GLPK_CFLAGS=''
GLPK_CFLAGS_INSTALLED=''
GLPK_DATA=''
GLPK_DATA_INSTALLED=''
GLPK_DEPENDENCIES=''
GLPK_LIBS=''
GLPK_LIBS_INSTALLED=''
HAVE_EXTERNALS_FALSE=''
HAVE_EXTERNALS_TRUE='#'
INSTALL_DATA='${INSTALL} -m 644'
INSTALL_PROGRAM='${INSTALL}'
INSTALL_SCRIPT='${INSTALL}'
INSTALL_STRIP_PROGRAM='${SHELL} $(install_sh) -c -s'
LAPACK_CFLAGS=''
LAPACK_CFLAGS_INSTALLED=''
LAPACK_DATA=''
LAPACK_DATA_INSTALLED=''
LAPACK_DEPENDENCIES=''
LAPACK_LIBS='-llapack'
LAPACK_LIBS_INSTALLED=''
LDFLAGS=''
LIBEXT='a'
LIBOBJS=''
LIBS=''
LIBTOOL='$(SHELL) $(top_builddir)/libtool'
LIBTOOLM4=''
LN_S='ln -s'
LTLIBOBJS=''
LT_LDFLAGS=''
MAINT='#'
MAINTAINER_MODE_FALSE=''
MAINTAINER_MODE_TRUE='#'
MAKEINFO='${SHELL} /home/raffa/Documents/discOpt/CoinMP/CoinUtils/missing --run makeinfo'
MPICC=''
MPICXX=''
MPIF77=''
NETLIB_CFLAGS=''
NETLIB_CFLAGS_INSTALLED=''
NETLIB_DATA=''
NETLIB_DATA_INSTALLED=''
NETLIB_DEPENDENCIES=''
NETLIB_LIBS=''
NETLIB_LIBS_INSTALLED=''
OBJEXT='o'
OPT_CFLAGS='-g3 -gdwarf-2  '
OPT_CXXFLAGS='-g3 -gdwarf-2  '
OPT_FFLAGS='-O3 -pipe  '
PACKAGE='coinutils'
PACKAGE_BUGREPORT='http://projects.coin-or.org/CoinUtils'
PACKAGE_NAME='CoinUtils'
PACKAGE_STRING='CoinUtils 2.9'
PACKAGE_TARNAME='coinutils'
PACKAGE_VERSION='2.9'
PATH_SEPARATOR=':'
PKG_CONFIG='pkg-config'
RANLIB='ranlib'
RPATH_FLAGS=' -Wl,--rpath -Wl,/home/raffa/Documents/discOpt/CoinMP/lib'
SAMPLE_CFLAGS=''
SAMPLE_CFLAGS_INSTALLED=''
SAMPLE_DATA='/home/raffa/Documents/discOpt/CoinMP/Data/Sample'
SAMPLE_DATA_INSTALLED=''
SAMPLE_DEPENDENCIES=' '
SAMPLE_LIBS=''
SAMPLE_LIBS_INSTALLED=''
SET_MAKE=''
SHELL='/bin/sh'
STRIP='strip'
VERSION='2.9'
VPATH_DISTCLEANFILES=''
abs_bin_dir='/home/raffa/Documents/discOpt/CoinMP/bin'
abs_include_dir='/home/raffa/Documents/discOpt/CoinMP/include'
abs_lib_dir='/home/raffa/Documents/discOpt/CoinMP/lib'
abs_source_dir='/home/raffa/Documents/discOpt/CoinMP/CoinUtils'
ac_c_preproc_warn_flag=''
ac_ct_AR='ar'
ac_ct_CC=''
ac_ct_CXX=''
ac_ct_F77='gfortran'
ac_ct_PKG_CONFIG='pkg-config'
ac_ct_RANLIB='ranlib'
ac_ct_STRIP='strip'
ac_cxx_preproc_warn_flag=''
am__fastdepCC_FALSE='#'
am__fastdepCC_TRUE=''
am__fastdepCXX_FALSE='#'
am__fastdepCXX_TRUE=''
am__include='include'
am__leading_dot='.'
am__quote=''
am__tar='${AMTAR} chof - "$$tardir"'
am__untar='${AMTAR} xf -'
bindir='${exec_prefix}/bin'
build='x86_64-unknown-linux-gnu'
build_alias=''
build_cpu='x86_64'
build_os='linux-gnu'
build_vendor='unknown'
coin_doxy_excludes=''
coin_doxy_logname='doxydoc/coinutils_doxy.log'
coin_doxy_tagfiles=''
coin_doxy_tagname='doxydoc/coinutils_doxy.tag'
coin_doxy_usedot='YES'
coin_have_doxygen='yes'
datadir='${prefix}/share'
exec_prefix='${prefix}'
have_autoconf=''
have_automake=''
have_svn=''
have_svnversion='yes'
host='x86_64-unknown-linux-gnu'
host_alias=''
host_cpu='x86_64'
host_os='linux-gnu'
host_vendor='unknown'
includedir='${prefix}/include'
infodir='${prefix}/info'
install_sh='/home/raffa/Documents/discOpt/CoinMP/CoinUtils/install-sh'
libdir='${exec_prefix}/lib'
libexecdir='${exec_prefix}/libexec'
localstatedir='${prefix}/var'
mandir='${prefix}/man'
mkdir_p='mkdir -p --'
oldincludedir='/usr/include'
prefix='/home/raffa/Documents/discOpt/CoinMP'
program_transform_name='s,x,x,'
sbindir='${exec_prefix}/sbin'
sharedstatedir='${prefix}/com'
sol_cc_compiler=''
sysconfdir='${prefix}/etc'
target_alias=''

## ----------- ##
## confdefs.h. ##
## ----------- ##

#define COINUTILS_HAS_STDINT_H 1
#define COINUTILS_MEMPOOL_MAXPOOLED -1
#define COINUTILS_SVN_REV 1808
#define COINUTILS_VERSION "2.9"
#define COINUTILS_VERSION_MAJOR 2
#define COINUTILS_VERSION_MINOR 9
#define COINUTILS_VERSION_RELEASE 9999
#define COIN_COINUTILS_CHECKLEVEL 0
#define COIN_COINUTILS_VERBOSITY 0
#define COIN_C_FINITE finite
#define COIN_C_ISNAN isnan
#define COIN_HAS_BLAS 1
#define COIN_HAS_BZLIB 1
#define COIN_HAS_LAPACK 1
#define COIN_HAS_SAMPLE 1
#define COIN_HAS_ZLIB 1
#define COIN_INT64_T int64_t
#define COIN_INTPTR_T intptr_t
#define COIN_UINT64_T int64_t
#define F77_FUNC(name,NAME) name ## _
#define F77_FUNC_(name,NAME) name ## _
#define HAVE_BZLIB_H 1
#define HAVE_CFLOAT 1
#define HAVE_CFLOAT 1
#define HAVE_CMATH 1
#define HAVE_CMATH 1
#define HAVE_DLFCN_H 1
#define HAVE_ENDIAN_H 1
#define HAVE_INTTYPES_H 1
#define HAVE_INTTYPES_H 1
#define HAVE_MEMORY_H 1
#define HAVE_STDINT_H 1
#define HAVE_STDINT_H 1
#define HAVE_STDLIB_H 1
#define HAVE_STRINGS_H 1
#define HAVE_STRING_H 1
#define HAVE_SYS_STAT_H 1
#define HAVE_SYS_TYPES_H 1
#define HAVE_UNISTD_H 1
#define HAVE_ZLIB_H 1
#define PACKAGE "coinutils"
#define PACKAGE_BUGREPORT "http://projects.coin-or.org/CoinUtils"
#define PACKAGE_NAME "CoinUtils"
#define PACKAGE_STRING "CoinUtils 2.9"
#define PACKAGE_TARNAME "coinutils"
#define PACKAGE_VERSION "2.9"
#define STDC_HEADERS 1
#define VERSION "2.9"
#endif
#ifdef __cplusplus
extern "C" void exit (int) throw ();

configure: exit 0
