This file contains any messages produced by compilers while
running configure, to aid debugging if configure makes a mistake.

It was created by Osi configure 0.106, which was
generated by GNU Autoconf 2.59.  Invocation command line was

  $ ./configure --prefix=/home/raffa/Documents/discOpt/CoinMP CC=/usr/bin/gcc CXX=/usr/bin/g++ CFLAGS=-g3 -gdwarf-2 CXXFLAGS=-g3 -gdwarf-2 --cache-file=/dev/null --srcdir=.

## --------- ##
## Platform. ##
## --------- ##

hostname = localhost.localdomain
uname -m = x86_64
uname -r = 3.18.8-201.fc21.x86_64
uname -s = Linux
uname -v = #1 SMP Fri Feb 27 18:18:27 UTC 2015

/usr/bin/uname -p = x86_64
/bin/uname -X     = unknown

/bin/arch              = x86_64
/usr/bin/arch -k       = unknown
/usr/convex/getsysinfo = unknown
hostinfo               = unknown
/bin/machine           = unknown
/usr/bin/oslevel       = unknown
/bin/universe          = unknown

PATH: /usr/bin
PATH: /usr/local/bin
PATH: /usr/local/sbin
PATH: /usr/bin
PATH: /usr/sbin
PATH: /bin
PATH: /sbin
PATH: /home/raffa/.local/bin
PATH: /home/raffa/bin


## ----------- ##
## Core tests. ##
## ----------- ##

configure:1684: checking build system type
configure:1702: result: x86_64-unknown-linux-gnu
configure:1772: checking for svnversion
configure:1788: found /usr/bin/svnversion
configure:1799: result: yes
configure:1828: checking whether we want to compile in debug mode
configure:1874: result: no
configure:2171: checking for C compiler version
configure:2174: /usr/bin/gcc --version </dev/null >&5
gcc (GCC) 4.9.2 20150212 (Red Hat 4.9.2-6)
Copyright (C) 2014 Free Software Foundation, Inc.
This is free software; see the source for copying conditions.  There is NO
warranty; not even for MERCHANTABILITY or FITNESS FOR A PARTICULAR PURPOSE.

configure:2177: $? = 0
configure:2179: /usr/bin/gcc -v </dev/null >&5
Using built-in specs.
COLLECT_GCC=/usr/bin/gcc
COLLECT_LTO_WRAPPER=/usr/libexec/gcc/x86_64-redhat-linux/4.9.2/lto-wrapper
Target: x86_64-redhat-linux
Configured with: ../configure --prefix=/usr --mandir=/usr/share/man --infodir=/usr/share/info --with-bugurl=http://bugzilla.redhat.com/bugzilla --enable-bootstrap --enable-shared --enable-threads=posix --enable-checking=release --enable-multilib --with-system-zlib --enable-__cxa_atexit --disable-libunwind-exceptions --enable-gnu-unique-object --enable-linker-build-id --with-linker-hash-style=gnu --enable-languages=c,c++,objc,obj-c++,fortran,ada,go,lto --enable-plugin --enable-initfini-array --disable-libgcj --with-isl=/builddir/build/BUILD/gcc-4.9.2-20150212/obj-x86_64-redhat-linux/isl-install --with-cloog=/builddir/build/BUILD/gcc-4.9.2-20150212/obj-x86_64-redhat-linux/cloog-install --enable-gnu-indirect-function --with-tune=generic --with-arch_32=i686 --build=x86_64-redhat-linux
Thread model: posix
gcc version 4.9.2 20150212 (Red Hat 4.9.2-6) (GCC) 
configure:2182: $? = 0
configure:2184: /usr/bin/gcc -V </dev/null >&5
gcc: error: unrecognized command line option '-V'
gcc: fatal error: no input files
compilation terminated.
configure:2187: $? = 4
configure:2210: checking for C compiler default output file name
configure:2213: /usr/bin/gcc -g3 -gdwarf-2   conftest.c  >&5
configure:2216: $? = 0
configure:2262: result: a.out
configure:2267: checking whether the C compiler works
configure:2273: ./a.out
configure:2276: $? = 0
configure:2293: result: yes
configure:2300: checking whether we are cross compiling
configure:2302: result: no
configure:2305: checking for suffix of executables
configure:2307: /usr/bin/gcc -o conftest -g3 -gdwarf-2   conftest.c  >&5
configure:2310: $? = 0
configure:2335: result: 
configure:2341: checking for suffix of object files
configure:2362: /usr/bin/gcc -c -g3 -gdwarf-2  conftest.c >&5
configure:2365: $? = 0
configure:2387: result: o
configure:2391: checking whether we are using the GNU C compiler
configure:2415: /usr/bin/gcc -c -g3 -gdwarf-2  conftest.c >&5
configure:2421: $? = 0
configure:2425: test -z 
			 || test ! -s conftest.err
configure:2428: $? = 0
configure:2431: test -s conftest.o
configure:2434: $? = 0
configure:2447: result: yes
configure:2453: checking whether /usr/bin/gcc accepts -g
configure:2474: /usr/bin/gcc -c -g  conftest.c >&5
configure:2480: $? = 0
configure:2484: test -z 
			 || test ! -s conftest.err
configure:2487: $? = 0
configure:2490: test -s conftest.o
configure:2493: $? = 0
configure:2504: result: yes
configure:2521: checking for /usr/bin/gcc option to accept ANSI C
configure:2591: /usr/bin/gcc  -c -g3 -gdwarf-2  conftest.c >&5
configure:2597: $? = 0
configure:2601: test -z 
			 || test ! -s conftest.err
configure:2604: $? = 0
configure:2607: test -s conftest.o
configure:2610: $? = 0
configure:2628: result: none needed
configure:2646: /usr/bin/gcc -c -g3 -gdwarf-2  conftest.c >&5
conftest.c:2:3: error: unknown type name 'choke'
   choke me
   ^
conftest.c:2:3: error: expected '=', ',', ';', 'asm' or '__attribute__' at end of input
configure:2652: $? = 1
configure: failed program was:
| #ifndef __cplusplus
|   choke me
| #endif
configure:3080: /usr/bin/gcc -o conftest -g3 -gdwarf-2   -DOSI_BUILD   conftest.c  >&5
configure:3086: $? = 0
configure:3090: test -z 
			 || test ! -s conftest.err
configure:3093: $? = 0
configure:3096: test -s conftest
configure:3099: $? = 0
configure:3166: C compiler options are: -g3 -gdwarf-2   -DOSI_BUILD
configure:3323: checking for C++ compiler version
configure:3326: /usr/bin/g++ --version </dev/null >&5
g++ (GCC) 4.9.2 20150212 (Red Hat 4.9.2-6)
Copyright (C) 2014 Free Software Foundation, Inc.
This is free software; see the source for copying conditions.  There is NO
warranty; not even for MERCHANTABILITY or FITNESS FOR A PARTICULAR PURPOSE.

configure:3329: $? = 0
configure:3331: /usr/bin/g++ -v </dev/null >&5
Using built-in specs.
COLLECT_GCC=/usr/bin/g++
COLLECT_LTO_WRAPPER=/usr/libexec/gcc/x86_64-redhat-linux/4.9.2/lto-wrapper
Target: x86_64-redhat-linux
Configured with: ../configure --prefix=/usr --mandir=/usr/share/man --infodir=/usr/share/info --with-bugurl=http://bugzilla.redhat.com/bugzilla --enable-bootstrap --enable-shared --enable-threads=posix --enable-checking=release --enable-multilib --with-system-zlib --enable-__cxa_atexit --disable-libunwind-exceptions --enable-gnu-unique-object --enable-linker-build-id --with-linker-hash-style=gnu --enable-languages=c,c++,objc,obj-c++,fortran,ada,go,lto --enable-plugin --enable-initfini-array --disable-libgcj --with-isl=/builddir/build/BUILD/gcc-4.9.2-20150212/obj-x86_64-redhat-linux/isl-install --with-cloog=/builddir/build/BUILD/gcc-4.9.2-20150212/obj-x86_64-redhat-linux/cloog-install --enable-gnu-indirect-function --with-tune=generic --with-arch_32=i686 --build=x86_64-redhat-linux
Thread model: posix
gcc version 4.9.2 20150212 (Red Hat 4.9.2-6) (GCC) 
configure:3334: $? = 0
configure:3336: /usr/bin/g++ -V </dev/null >&5
g++: error: unrecognized command line option '-V'
g++: fatal error: no input files
compilation terminated.
configure:3339: $? = 4
configure:3342: checking whether we are using the GNU C++ compiler
configure:3366: /usr/bin/g++ -c -g3 -gdwarf-2  conftest.cc >&5
configure:3372: $? = 0
configure:3376: test -z 
			 || test ! -s conftest.err
configure:3379: $? = 0
configure:3382: test -s conftest.o
configure:3385: $? = 0
configure:3398: result: yes
configure:3404: checking whether /usr/bin/g++ accepts -g
configure:3425: /usr/bin/g++ -c -g  conftest.cc >&5
configure:3431: $? = 0
configure:3435: test -z 
			 || test ! -s conftest.err
configure:3438: $? = 0
configure:3441: test -s conftest.o
configure:3444: $? = 0
configure:3455: result: yes
configure:3497: /usr/bin/g++ -c -g3 -gdwarf-2  conftest.cc >&5
configure:3503: $? = 0
configure:3507: test -z 
			 || test ! -s conftest.err
configure:3510: $? = 0
configure:3513: test -s conftest.o
configure:3516: $? = 0
configure:3542: /usr/bin/g++ -c -g3 -gdwarf-2  conftest.cc >&5
conftest.cc: In function 'int main()':
conftest.cc:20:9: error: 'exit' was not declared in this scope
 exit (42);
         ^
configure:3548: $? = 1
configure: failed program was:
| /* confdefs.h.  */
| 
| #define PACKAGE_NAME "Osi"
| #define PACKAGE_TARNAME "osi"
| #define PACKAGE_VERSION "0.106"
| #define PACKAGE_STRING "Osi 0.106"
| #define PACKAGE_BUGREPORT "osi@list.coin-or.org"
| #define OSI_VERSION "0.106"
| #define OSI_VERSION_MAJOR 0
| #define OSI_VERSION_MINOR 106
| #define OSI_VERSION_RELEASE 9999
| #define OSI_SVN_REV 2007
| #define COIN_OSI_VERBOSITY 0
| #define COIN_OSI_CHECKLEVEL 0
| /* end confdefs.h.  */
| 
| int
| main ()
| {
| exit (42);
|   ;
|   return 0;
| }
configure:3497: /usr/bin/g++ -c -g3 -gdwarf-2  conftest.cc >&5
conftest.cc:16:40: error: 'void std::exit(int)' should have been declared inside 'std'
 extern "C" void std::exit (int) throw (); using std::exit;
                                        ^
configure:3503: $? = 1
configure: failed program was:
| /* confdefs.h.  */
| 
| #define PACKAGE_NAME "Osi"
| #define PACKAGE_TARNAME "osi"
| #define PACKAGE_VERSION "0.106"
| #define PACKAGE_STRING "Osi 0.106"
| #define PACKAGE_BUGREPORT "osi@list.coin-or.org"
| #define OSI_VERSION "0.106"
| #define OSI_VERSION_MAJOR 0
| #define OSI_VERSION_MINOR 106
| #define OSI_VERSION_RELEASE 9999
| #define OSI_SVN_REV 2007
| #define COIN_OSI_VERBOSITY 0
| #define COIN_OSI_CHECKLEVEL 0
| /* end confdefs.h.  */
| extern "C" void std::exit (int) throw (); using std::exit;
| #include <stdlib.h>
| int
| main ()
| {
| exit (42);
|   ;
|   return 0;
| }
configure:3497: /usr/bin/g++ -c -g3 -gdwarf-2  conftest.cc >&5
conftest.cc:16:31: error: 'void std::exit(int)' should have been declared inside 'std'
 extern "C" void std::exit (int); using std::exit;
                               ^
In file included from conftest.cc:17:0:
/usr/include/stdlib.h:543:70: error: declaration of 'void std::exit(int) throw ()' has a different exception specifier
 extern void exit (int __status) __THROW __attribute__ ((__noreturn__));
                                                                      ^
conftest.cc:16:17: error: from previous declaration 'void std::exit(int)'
 extern "C" void std::exit (int); using std::exit;
                 ^
configure:3503: $? = 1
configure: failed program was:
| /* confdefs.h.  */
| 
| #define PACKAGE_NAME "Osi"
| #define PACKAGE_TARNAME "osi"
| #define PACKAGE_VERSION "0.106"
| #define PACKAGE_STRING "Osi 0.106"
| #define PACKAGE_BUGREPORT "osi@list.coin-or.org"
| #define OSI_VERSION "0.106"
| #define OSI_VERSION_MAJOR 0
| #define OSI_VERSION_MINOR 106
| #define OSI_VERSION_RELEASE 9999
| #define OSI_SVN_REV 2007
| #define COIN_OSI_VERBOSITY 0
| #define COIN_OSI_CHECKLEVEL 0
| /* end confdefs.h.  */
| extern "C" void std::exit (int); using std::exit;
| #include <stdlib.h>
| int
| main ()
| {
| exit (42);
|   ;
|   return 0;
| }
configure:3497: /usr/bin/g++ -c -g3 -gdwarf-2  conftest.cc >&5
configure:3503: $? = 0
configure:3507: test -z 
			 || test ! -s conftest.err
configure:3510: $? = 0
configure:3513: test -s conftest.o
configure:3516: $? = 0
configure:3542: /usr/bin/g++ -c -g3 -gdwarf-2  conftest.cc >&5
configure:3548: $? = 0
configure:3552: test -z 
			 || test ! -s conftest.err
configure:3555: $? = 0
configure:3558: test -s conftest.o
configure:3561: $? = 0
configure:3593: checking whether C++ compiler /usr/bin/g++ works
configure:3611: /usr/bin/g++ -c -g3 -gdwarf-2  conftest.cc >&5
configure:3617: $? = 0
configure:3621: test -z 
			 || test ! -s conftest.err
configure:3624: $? = 0
configure:3627: test -s conftest.o
configure:3630: $? = 0
configure:3632: result: yes
configure:3960: /usr/bin/g++ -o conftest -g3 -gdwarf-2   -DOSI_BUILD   conftest.cc  >&5
configure:3966: $? = 0
configure:3970: test -z 
			 || test ! -s conftest.err
configure:3973: $? = 0
configure:3976: test -s conftest
configure:3979: $? = 0
configure:4046: C++ compiler options are: -g3 -gdwarf-2   -DOSI_BUILD
configure:4166: checking for egrep
configure:4176: result: grep -E
configure:4181: checking whether ln -s works
configure:4185: result: yes
configure:4206: checking for a BSD-compatible install
configure:4261: result: /usr/bin/install -c
configure:4272: checking whether build environment is sane
configure:4315: result: yes
configure:4380: checking for gawk
configure:4396: found /usr/bin/gawk
configure:4406: result: gawk
configure:4416: checking whether make sets $(MAKE)
configure:4436: result: yes
configure:4466: checking for style of include used by make
configure:4494: result: GNU
configure:4675: checking dependency style of /usr/bin/gcc
configure:4765: result: gcc3
configure:4784: checking dependency style of /usr/bin/g++
configure:4874: result: gcc3
configure:4892: checking whether to enable maintainer-specific portions of Makefiles
configure:4901: result: no
configure:5351: checking host system type
configure:5365: result: x86_64-unknown-linux-gnu
configure:5373: checking for a sed that does not truncate output
configure:5427: result: /usr/bin/sed
configure:5441: checking for ld used by /usr/bin/gcc
configure:5508: result: /usr/bin/ld
configure:5517: checking if the linker (/usr/bin/ld) is GNU ld
configure:5532: result: yes
configure:5537: checking for /usr/bin/ld option to reload object files
configure:5544: result: -r
configure:5562: checking for BSD-compatible nm
configure:5611: result: /usr/bin/nm -B
configure:5615: checking how to recognise dependent libraries
configure:5791: result: pass_all
configure:5878: /usr/bin/gcc -c -g3 -gdwarf-2   -DOSI_BUILD  conftest.c >&5
configure:5881: $? = 0
configure:6027: checking how to run the C preprocessor
configure:6062: /usr/bin/gcc -E  conftest.c
configure:6068: $? = 0
configure:6100: /usr/bin/gcc -E  conftest.c
conftest.c:21:28: fatal error: ac_nonexistent.h: No such file or directory
 #include <ac_nonexistent.h>
                            ^
compilation terminated.
configure:6106: $? = 1
configure: failed program was:
| /* confdefs.h.  */
| 
| #define PACKAGE_NAME "Osi"
| #define PACKAGE_TARNAME "osi"
| #define PACKAGE_VERSION "0.106"
| #define PACKAGE_STRING "Osi 0.106"
| #define PACKAGE_BUGREPORT "osi@list.coin-or.org"
| #define OSI_VERSION "0.106"
| #define OSI_VERSION_MAJOR 0
| #define OSI_VERSION_MINOR 106
| #define OSI_VERSION_RELEASE 9999
| #define OSI_SVN_REV 2007
| #define COIN_OSI_VERBOSITY 0
| #define COIN_OSI_CHECKLEVEL 0
| #ifdef __cplusplus
| extern "C" void exit (int) throw ();
| #endif
| #define PACKAGE "osi"
| #define VERSION "0.106"
| /* end confdefs.h.  */
| #include <ac_nonexistent.h>
configure:6145: result: /usr/bin/gcc -E
configure:6169: /usr/bin/gcc -E  conftest.c
configure:6175: $? = 0
configure:6207: /usr/bin/gcc -E  conftest.c
conftest.c:21:28: fatal error: ac_nonexistent.h: No such file or directory
 #include <ac_nonexistent.h>
                            ^
compilation terminated.
configure:6213: $? = 1
configure: failed program was:
| /* confdefs.h.  */
| 
| #define PACKAGE_NAME "Osi"
| #define PACKAGE_TARNAME "osi"
| #define PACKAGE_VERSION "0.106"
| #define PACKAGE_STRING "Osi 0.106"
| #define PACKAGE_BUGREPORT "osi@list.coin-or.org"
| #define OSI_VERSION "0.106"
| #define OSI_VERSION_MAJOR 0
| #define OSI_VERSION_MINOR 106
| #define OSI_VERSION_RELEASE 9999
| #define OSI_SVN_REV 2007
| #define COIN_OSI_VERBOSITY 0
| #define COIN_OSI_CHECKLEVEL 0
| #ifdef __cplusplus
| extern "C" void exit (int) throw ();
| #endif
| #define PACKAGE "osi"
| #define VERSION "0.106"
| /* end confdefs.h.  */
| #include <ac_nonexistent.h>
configure:6257: checking for ANSI C header files
configure:6282: /usr/bin/gcc -c -g3 -gdwarf-2   -DOSI_BUILD  conftest.c >&5
configure:6288: $? = 0
configure:6292: test -z 
			 || test ! -s conftest.err
configure:6295: $? = 0
configure:6298: test -s conftest.o
configure:6301: $? = 0
configure:6390: /usr/bin/gcc -o conftest -g3 -gdwarf-2   -DOSI_BUILD   conftest.c  >&5
conftest.c: In function 'main':
conftest.c:38:7: warning: incompatible implicit declaration of built-in function 'exit'
       exit(2);
       ^
configure:6393: $? = 0
configure:6395: ./conftest
configure:6398: $? = 0
configure:6413: result: yes
configure:6437: checking for sys/types.h
configure:6453: /usr/bin/gcc -c -g3 -gdwarf-2   -DOSI_BUILD  conftest.c >&5
configure:6459: $? = 0
configure:6463: test -z 
			 || test ! -s conftest.err
configure:6466: $? = 0
configure:6469: test -s conftest.o
configure:6472: $? = 0
configure:6483: result: yes
configure:6437: checking for sys/stat.h
configure:6453: /usr/bin/gcc -c -g3 -gdwarf-2   -DOSI_BUILD  conftest.c >&5
configure:6459: $? = 0
configure:6463: test -z 
			 || test ! -s conftest.err
configure:6466: $? = 0
configure:6469: test -s conftest.o
configure:6472: $? = 0
configure:6483: result: yes
configure:6437: checking for stdlib.h
configure:6453: /usr/bin/gcc -c -g3 -gdwarf-2   -DOSI_BUILD  conftest.c >&5
configure:6459: $? = 0
configure:6463: test -z 
			 || test ! -s conftest.err
configure:6466: $? = 0
configure:6469: test -s conftest.o
configure:6472: $? = 0
configure:6483: result: yes
configure:6437: checking for string.h
configure:6453: /usr/bin/gcc -c -g3 -gdwarf-2   -DOSI_BUILD  conftest.c >&5
configure:6459: $? = 0
configure:6463: test -z 
			 || test ! -s conftest.err
configure:6466: $? = 0
configure:6469: test -s conftest.o
configure:6472: $? = 0
configure:6483: result: yes
configure:6437: checking for memory.h
configure:6453: /usr/bin/gcc -c -g3 -gdwarf-2   -DOSI_BUILD  conftest.c >&5
configure:6459: $? = 0
configure:6463: test -z 
			 || test ! -s conftest.err
configure:6466: $? = 0
configure:6469: test -s conftest.o
configure:6472: $? = 0
configure:6483: result: yes
configure:6437: checking for strings.h
configure:6453: /usr/bin/gcc -c -g3 -gdwarf-2   -DOSI_BUILD  conftest.c >&5
configure:6459: $? = 0
configure:6463: test -z 
			 || test ! -s conftest.err
configure:6466: $? = 0
configure:6469: test -s conftest.o
configure:6472: $? = 0
configure:6483: result: yes
configure:6437: checking for inttypes.h
configure:6453: /usr/bin/gcc -c -g3 -gdwarf-2   -DOSI_BUILD  conftest.c >&5
configure:6459: $? = 0
configure:6463: test -z 
			 || test ! -s conftest.err
configure:6466: $? = 0
configure:6469: test -s conftest.o
configure:6472: $? = 0
configure:6483: result: yes
configure:6437: checking for stdint.h
configure:6453: /usr/bin/gcc -c -g3 -gdwarf-2   -DOSI_BUILD  conftest.c >&5
configure:6459: $? = 0
configure:6463: test -z 
			 || test ! -s conftest.err
configure:6466: $? = 0
configure:6469: test -s conftest.o
configure:6472: $? = 0
configure:6483: result: yes
configure:6437: checking for unistd.h
configure:6453: /usr/bin/gcc -c -g3 -gdwarf-2   -DOSI_BUILD  conftest.c >&5
configure:6459: $? = 0
configure:6463: test -z 
			 || test ! -s conftest.err
configure:6466: $? = 0
configure:6469: test -s conftest.o
configure:6472: $? = 0
configure:6483: result: yes
configure:6509: checking dlfcn.h usability
configure:6521: /usr/bin/gcc -c -g3 -gdwarf-2   -DOSI_BUILD  conftest.c >&5
configure:6527: $? = 0
configure:6531: test -z 
			 || test ! -s conftest.err
configure:6534: $? = 0
configure:6537: test -s conftest.o
configure:6540: $? = 0
configure:6550: result: yes
configure:6554: checking dlfcn.h presence
configure:6564: /usr/bin/gcc -E  conftest.c
configure:6570: $? = 0
configure:6590: result: yes
configure:6625: checking for dlfcn.h
configure:6632: result: yes
configure:6655: checking how to run the C++ preprocessor
configure:6686: /usr/bin/g++ -E  conftest.cc
configure:6692: $? = 0
configure:6724: /usr/bin/g++ -E  conftest.cc
conftest.cc:32:28: fatal error: ac_nonexistent.h: No such file or directory
 #include <ac_nonexistent.h>
                            ^
compilation terminated.
configure:6730: $? = 1
configure: failed program was:
| /* confdefs.h.  */
| 
| #define PACKAGE_NAME "Osi"
| #define PACKAGE_TARNAME "osi"
| #define PACKAGE_VERSION "0.106"
| #define PACKAGE_STRING "Osi 0.106"
| #define PACKAGE_BUGREPORT "osi@list.coin-or.org"
| #define OSI_VERSION "0.106"
| #define OSI_VERSION_MAJOR 0
| #define OSI_VERSION_MINOR 106
| #define OSI_VERSION_RELEASE 9999
| #define OSI_SVN_REV 2007
| #define COIN_OSI_VERBOSITY 0
| #define COIN_OSI_CHECKLEVEL 0
| #ifdef __cplusplus
| extern "C" void exit (int) throw ();
| #endif
| #define PACKAGE "osi"
| #define VERSION "0.106"
| #define STDC_HEADERS 1
| #define HAVE_SYS_TYPES_H 1
| #define HAVE_SYS_STAT_H 1
| #define HAVE_STDLIB_H 1
| #define HAVE_STRING_H 1
| #define HAVE_MEMORY_H 1
| #define HAVE_STRINGS_H 1
| #define HAVE_INTTYPES_H 1
| #define HAVE_STDINT_H 1
| #define HAVE_UNISTD_H 1
| #define HAVE_DLFCN_H 1
| /* end confdefs.h.  */
| #include <ac_nonexistent.h>
configure:6769: result: /usr/bin/g++ -E
configure:6793: /usr/bin/g++ -E  conftest.cc
configure:6799: $? = 0
configure:6831: /usr/bin/g++ -E  conftest.cc
conftest.cc:32:28: fatal error: ac_nonexistent.h: No such file or directory
 #include <ac_nonexistent.h>
                            ^
compilation terminated.
configure:6837: $? = 1
configure: failed program was:
| /* confdefs.h.  */
| 
| #define PACKAGE_NAME "Osi"
| #define PACKAGE_TARNAME "osi"
| #define PACKAGE_VERSION "0.106"
| #define PACKAGE_STRING "Osi 0.106"
| #define PACKAGE_BUGREPORT "osi@list.coin-or.org"
| #define OSI_VERSION "0.106"
| #define OSI_VERSION_MAJOR 0
| #define OSI_VERSION_MINOR 106
| #define OSI_VERSION_RELEASE 9999
| #define OSI_SVN_REV 2007
| #define COIN_OSI_VERBOSITY 0
| #define COIN_OSI_CHECKLEVEL 0
| #ifdef __cplusplus
| extern "C" void exit (int) throw ();
| #endif
| #define PACKAGE "osi"
| #define VERSION "0.106"
| #define STDC_HEADERS 1
| #define HAVE_SYS_TYPES_H 1
| #define HAVE_SYS_STAT_H 1
| #define HAVE_STDLIB_H 1
| #define HAVE_STRING_H 1
| #define HAVE_MEMORY_H 1
| #define HAVE_STRINGS_H 1
| #define HAVE_INTTYPES_H 1
| #define HAVE_STDINT_H 1
| #define HAVE_UNISTD_H 1
| #define HAVE_DLFCN_H 1
| /* end confdefs.h.  */
| #include <ac_nonexistent.h>
configure:6933: checking for g77
configure:6962: result: no
configure:6933: checking for f77
configure:6962: result: no
configure:6933: checking for xlf
configure:6962: result: no
configure:6933: checking for frt
configure:6962: result: no
configure:6933: checking for pgf77
configure:6962: result: no
configure:6933: checking for fort77
configure:6962: result: no
configure:6933: checking for fl32
configure:6962: result: no
configure:6933: checking for af77
configure:6962: result: no
configure:6933: checking for f90
configure:6962: result: no
configure:6933: checking for xlf90
configure:6962: result: no
configure:6933: checking for pgf90
configure:6962: result: no
configure:6933: checking for epcf90
configure:6962: result: no
configure:6933: checking for f95
configure:6949: found /usr/bin/f95
configure:6959: result: f95
configure:6974: checking for Fortran 77 compiler version
configure:6977: f95 --version </dev/null >&5
GNU Fortran (GCC) 4.9.2 20150212 (Red Hat 4.9.2-6)
Copyright (C) 2014 Free Software Foundation, Inc.

GNU Fortran comes with NO WARRANTY, to the extent permitted by law.
You may redistribute copies of GNU Fortran
under the terms of the GNU General Public License.
For more information about these matters, see the file named COPYING

configure:6980: $? = 0
configure:6982: f95 -v </dev/null >&5
Using built-in specs.
COLLECT_GCC=f95
COLLECT_LTO_WRAPPER=/usr/libexec/gcc/x86_64-redhat-linux/4.9.2/lto-wrapper
Target: x86_64-redhat-linux
Configured with: ../configure --prefix=/usr --mandir=/usr/share/man --infodir=/usr/share/info --with-bugurl=http://bugzilla.redhat.com/bugzilla --enable-bootstrap --enable-shared --enable-threads=posix --enable-checking=release --enable-multilib --with-system-zlib --enable-__cxa_atexit --disable-libunwind-exceptions --enable-gnu-unique-object --enable-linker-build-id --with-linker-hash-style=gnu --enable-languages=c,c++,objc,obj-c++,fortran,ada,go,lto --enable-plugin --enable-initfini-array --disable-libgcj --with-isl=/builddir/build/BUILD/gcc-4.9.2-20150212/obj-x86_64-redhat-linux/isl-install --with-cloog=/builddir/build/BUILD/gcc-4.9.2-20150212/obj-x86_64-redhat-linux/cloog-install --enable-gnu-indirect-function --with-tune=generic --with-arch_32=i686 --build=x86_64-redhat-linux
Thread model: posix
gcc version 4.9.2 20150212 (Red Hat 4.9.2-6) (GCC) 
configure:6985: $? = 0
configure:6987: f95 -V </dev/null >&5
f95: error: unrecognized command line option '-V'
f95: fatal error: no input files
compilation terminated.
configure:6990: $? = 4
configure:6998: checking whether we are using the GNU Fortran 77 compiler
configure:7012: f95 -c  conftest.F >&5
configure:7018: $? = 0
configure:7022: test -z 
			 || test ! -s conftest.err
configure:7025: $? = 0
configure:7028: test -s conftest.o
configure:7031: $? = 0
configure:7044: result: yes
configure:7050: checking whether f95 accepts -g
configure:7062: f95 -c -g conftest.f >&5
configure:7068: $? = 0
configure:7072: test -z 
			 || test ! -s conftest.err
configure:7075: $? = 0
configure:7078: test -s conftest.o
configure:7081: $? = 0
configure:7093: result: yes
configure:7123: checking the maximum length of command line arguments
configure:7232: result: 32768
configure:7243: checking command to parse /usr/bin/nm -B output from /usr/bin/gcc object
configure:7348: /usr/bin/gcc -c -g3 -gdwarf-2   -DOSI_BUILD  conftest.c >&5
configure:7351: $? = 0
configure:7355: /usr/bin/nm -B conftest.o \| sed -n -e 's/^.*[ 	]\([ABCDGIRSTW][ABCDGIRSTW]*\)[ 	][ 	]*\([_A-Za-z][_A-Za-z0-9]*\)$/\1 \2 \2/p' \> conftest.nm
configure:7358: $? = 0
configure:7410: /usr/bin/gcc -o conftest -g3 -gdwarf-2   -DOSI_BUILD   conftest.c conftstm.o >&5
configure:7413: $? = 0
configure:7451: result: ok
configure:7455: checking for objdir
configure:7470: result: .libs
configure:7560: checking for ar
configure:7576: found /usr/bin/ar
configure:7587: result: ar
configure:7640: checking for ranlib
configure:7656: found /usr/bin/ranlib
configure:7667: result: ranlib
configure:7720: checking for strip
configure:7736: found /usr/bin/strip
configure:7747: result: strip
configure:8023: checking if /usr/bin/gcc supports -fno-rtti -fno-exceptions
configure:8041: /usr/bin/gcc -c -g3 -gdwarf-2   -DOSI_BUILD  -fno-rtti -fno-exceptions conftest.c >&5
cc1: warning: command line option '-fno-rtti' is valid for C++/ObjC++ but not for C
configure:8045: $? = 0
configure:8058: result: no
configure:8073: checking for /usr/bin/gcc option to produce PIC
configure:8283: result: -fPIC
configure:8291: checking if /usr/bin/gcc PIC flag -fPIC works
configure:8309: /usr/bin/gcc -c -g3 -gdwarf-2   -DOSI_BUILD  -fPIC -DPIC conftest.c >&5
configure:8313: $? = 0
configure:8326: result: yes
configure:8354: checking if /usr/bin/gcc static flag -static works
configure:8382: result: no
configure:8392: checking if /usr/bin/gcc supports -c -o file.o
configure:8413: /usr/bin/gcc -c -g3 -gdwarf-2   -DOSI_BUILD  -o out/conftest2.o conftest.c >&5
configure:8417: $? = 0
configure:8439: result: yes
configure:8465: checking whether the /usr/bin/gcc linker (/usr/bin/ld -m elf_x86_64) supports shared libraries
configure:9423: result: yes
configure:9444: checking whether -lc should be explicitly linked in
configure:9449: /usr/bin/gcc -c -g3 -gdwarf-2   -DOSI_BUILD  conftest.c >&5
configure:9452: $? = 0
configure:9467: /usr/bin/gcc -shared conftest.o  -v -Wl,-soname -Wl,conftest -o conftest 2\>\&1 \| grep  -lc  \>/dev/null 2\>\&1
configure:9470: $? = 0
configure:9482: result: no
configure:9490: checking dynamic linker characteristics
configure:10078: result: GNU/Linux ld.so
configure:10087: checking how to hardcode library paths into programs
configure:10112: result: immediate
configure:10126: checking whether stripping libraries is possible
configure:10131: result: yes
configure:10965: checking if libtool supports shared libraries
configure:10967: result: yes
configure:10970: checking whether to build shared libraries
configure:10991: result: yes
configure:10994: checking whether to build static libraries
configure:10998: result: no
configure:11090: creating libtool
configure:11678: checking for ld used by /usr/bin/g++
configure:11745: result: /usr/bin/ld -m elf_x86_64
configure:11754: checking if the linker (/usr/bin/ld -m elf_x86_64) is GNU ld
configure:11769: result: yes
configure:11820: checking whether the /usr/bin/g++ linker (/usr/bin/ld -m elf_x86_64) supports shared libraries
configure:12758: result: yes
configure:12780: /usr/bin/g++ -c -g3 -gdwarf-2   -DOSI_BUILD  conftest.cpp >&5
configure:12783: $? = 0
configure:12902: checking for /usr/bin/g++ option to produce PIC
configure:13176: result: -fPIC
configure:13184: checking if /usr/bin/g++ PIC flag -fPIC works
configure:13202: /usr/bin/g++ -c -g3 -gdwarf-2   -DOSI_BUILD  -fPIC -DPIC conftest.cpp >&5
configure:13206: $? = 0
configure:13219: result: yes
configure:13247: checking if /usr/bin/g++ static flag -static works
configure:13275: result: no
configure:13285: checking if /usr/bin/g++ supports -c -o file.o
configure:13306: /usr/bin/g++ -c -g3 -gdwarf-2   -DOSI_BUILD  -o out/conftest2.o conftest.cpp >&5
configure:13310: $? = 0
configure:13332: result: yes
configure:13358: checking whether the /usr/bin/g++ linker (/usr/bin/ld -m elf_x86_64) supports shared libraries
configure:13383: result: yes
configure:13450: checking dynamic linker characteristics
configure:14038: result: GNU/Linux ld.so
configure:14047: checking how to hardcode library paths into programs
configure:14072: result: immediate
configure:14598: checking if libtool supports shared libraries
configure:14600: result: yes
configure:14603: checking whether to build shared libraries
configure:14623: result: yes
configure:14626: checking whether to build static libraries
configure:14630: result: no
configure:14640: checking for f95 option to produce PIC
configure:14850: result: -fPIC
configure:14858: checking if f95 PIC flag -fPIC works
configure:14876: f95 -c -g -O2 -fPIC conftest.f >&5
configure:14880: $? = 0
configure:14893: result: yes
configure:14921: checking if f95 static flag -static works
configure:14949: result: no
configure:14959: checking if f95 supports -c -o file.o
configure:14980: f95 -c -g -O2 -o out/conftest2.o conftest.f >&5
configure:14984: $? = 0
configure:15006: result: yes
configure:15032: checking whether the f95 linker (/usr/bin/ld -m elf_x86_64) supports shared libraries
configure:15970: result: yes
configure:16037: checking dynamic linker characteristics
configure:16625: result: GNU/Linux ld.so
configure:16634: checking how to hardcode library paths into programs
configure:16659: result: immediate
configure:20245: Build is "x86_64-unknown-linux-gnu".
configure:20475: checking if library version is set
configure:20482: result: no
configure:20552: checking for pkg-config
configure:20568: found /usr/bin/pkg-config
configure:20578: result: pkg-config
configure:20593: checking pkg-config is at least version 0.16.0
configure:20596: result: yes
configure:20692: checking for COIN-OR package CoinUtils
configure:20834: result: yes: 2.9 
configure:21207: checking for COIN-OR package Glpk
configure:21371: result: not given: No package 'coinglpk' found
configure:21717: checking for COIN-OR package SoPlex
configure:21881: result: not given: No package 'coinsoplex' found
configure:22227: checking for COIN-OR package Sample
configure:22358: result: yes: 1.2 
configure:22707: checking for COIN-OR package Netlib
configure:22856: result: not given: No package 'coindatanetlib' found
configure:23197: checking if user provides library for Cplex
configure:23242: result: no
configure:23380: checking if user provides library for Mosek
configure:23425: result: no
configure:23563: checking if user provides library for Xpress
configure:23608: result: no
configure:23746: checking if user provides library for Gurobi
configure:23791: result: no
configure:23966: WARNING: No solver available, examples will not work.
configure:24003: configuring doxygen documentation options
configure:24010: checking for doxygen
configure:24026: found /usr/bin/doxygen
configure:24037: result: yes
configure:24065: checking for dot
configure:24081: found /usr/bin/dot
configure:24092: result: YES
configure:24123: checking for doxygen doc'n for CoinUtils 
configure:24159: result: /home/raffa/Documents/discOpt/CoinMP/share/coin/doc/CoinUtils/doxydoc (tag)
configure:24199: checking cmath usability
configure:24211: /usr/bin/g++ -c -g3 -gdwarf-2   -DOSI_BUILD  conftest.cc >&5
configure:24217: $? = 0
configure:24221: test -z 
			 || test ! -s conftest.err
configure:24224: $? = 0
configure:24227: test -s conftest.o
configure:24230: $? = 0
configure:24240: result: yes
configure:24244: checking cmath presence
configure:24254: /usr/bin/g++ -E  conftest.cc
configure:24260: $? = 0
configure:24280: result: yes
configure:24315: checking for cmath
configure:24322: result: yes
configure:24528: checking cfloat usability
configure:24540: /usr/bin/g++ -c -g3 -gdwarf-2   -DOSI_BUILD  conftest.cc >&5
configure:24546: $? = 0
configure:24550: test -z 
			 || test ! -s conftest.err
configure:24553: $? = 0
configure:24556: test -s conftest.o
configure:24559: $? = 0
configure:24569: result: yes
configure:24573: checking cfloat presence
configure:24583: /usr/bin/g++ -E  conftest.cc
configure:24589: $? = 0
configure:24609: result: yes
configure:24644: checking for cfloat
configure:24651: result: yes
configure:24857: checking cieeefp usability
configure:24869: /usr/bin/g++ -c -g3 -gdwarf-2   -DOSI_BUILD  conftest.cc >&5
conftest.cc:71:19: fatal error: cieeefp: No such file or directory
 #include <cieeefp>
                   ^
compilation terminated.
configure:24875: $? = 1
configure: failed program was:
| /* confdefs.h.  */
| 
| #define PACKAGE_NAME "Osi"
| #define PACKAGE_TARNAME "osi"
| #define PACKAGE_VERSION "0.106"
| #define PACKAGE_STRING "Osi 0.106"
| #define PACKAGE_BUGREPORT "osi@list.coin-or.org"
| #define OSI_VERSION "0.106"
| #define OSI_VERSION_MAJOR 0
| #define OSI_VERSION_MINOR 106
| #define OSI_VERSION_RELEASE 9999
| #define OSI_SVN_REV 2007
| #define COIN_OSI_VERBOSITY 0
| #define COIN_OSI_CHECKLEVEL 0
| #ifdef __cplusplus
| extern "C" void exit (int) throw ();
| #endif
| #define PACKAGE "osi"
| #define VERSION "0.106"
| #define STDC_HEADERS 1
| #define HAVE_SYS_TYPES_H 1
| #define HAVE_SYS_STAT_H 1
| #define HAVE_STDLIB_H 1
| #define HAVE_STRING_H 1
| #define HAVE_MEMORY_H 1
| #define HAVE_STRINGS_H 1
| #define HAVE_INTTYPES_H 1
| #define HAVE_STDINT_H 1
| #define HAVE_UNISTD_H 1
| #define HAVE_DLFCN_H 1
| #define COIN_HAS_COINUTILS 1
| #define COIN_HAS_SAMPLE 1
| #define GLPK_HAS_INTOPT 1
| #define HAVE_CMATH 1
| #define HAVE_CFLOAT 1
| /* end confdefs.h.  */
| #include <stdio.h>
| #if HAVE_SYS_TYPES_H
| # include <sys/types.h>
| #endif
| #if HAVE_SYS_STAT_H
| # include <sys/stat.h>
| #endif
| #if STDC_HEADERS
| # include <stdlib.h>
| # include <stddef.h>
| #else
| # if HAVE_STDLIB_H
| #  include <stdlib.h>
| # endif
| #endif
| #if HAVE_STRING_H
| # if !STDC_HEADERS && HAVE_MEMORY_H
| #  include <memory.h>
| # endif
| # include <string.h>
| #endif
| #if HAVE_STRINGS_H
| # include <strings.h>
| #endif
| #if HAVE_INTTYPES_H
| # include <inttypes.h>
| #else
| # if HAVE_STDINT_H
| #  include <stdint.h>
| # endif
| #endif
| #if HAVE_UNISTD_H
| # include <unistd.h>
| #endif
| #include <cieeefp>
configure:24898: result: no
configure:24902: checking cieeefp presence
configure:24912: /usr/bin/g++ -E  conftest.cc
conftest.cc:37:19: fatal error: cieeefp: No such file or directory
 #include <cieeefp>
                   ^
compilation terminated.
configure:24918: $? = 1
configure: failed program was:
| /* confdefs.h.  */
| 
| #define PACKAGE_NAME "Osi"
| #define PACKAGE_TARNAME "osi"
| #define PACKAGE_VERSION "0.106"
| #define PACKAGE_STRING "Osi 0.106"
| #define PACKAGE_BUGREPORT "osi@list.coin-or.org"
| #define OSI_VERSION "0.106"
| #define OSI_VERSION_MAJOR 0
| #define OSI_VERSION_MINOR 106
| #define OSI_VERSION_RELEASE 9999
| #define OSI_SVN_REV 2007
| #define COIN_OSI_VERBOSITY 0
| #define COIN_OSI_CHECKLEVEL 0
| #ifdef __cplusplus
| extern "C" void exit (int) throw ();
| #endif
| #define PACKAGE "osi"
| #define VERSION "0.106"
| #define STDC_HEADERS 1
| #define HAVE_SYS_TYPES_H 1
| #define HAVE_SYS_STAT_H 1
| #define HAVE_STDLIB_H 1
| #define HAVE_STRING_H 1
| #define HAVE_MEMORY_H 1
| #define HAVE_STRINGS_H 1
| #define HAVE_INTTYPES_H 1
| #define HAVE_STDINT_H 1
| #define HAVE_UNISTD_H 1
| #define HAVE_DLFCN_H 1
| #define COIN_HAS_COINUTILS 1
| #define COIN_HAS_SAMPLE 1
| #define GLPK_HAS_INTOPT 1
| #define HAVE_CMATH 1
| #define HAVE_CFLOAT 1
| /* end confdefs.h.  */
| #include <cieeefp>
configure:24938: result: no
configure:24973: checking for cieeefp
configure:24980: result: no
configure:25015: checking ieeefp.h usability
configure:25027: /usr/bin/g++ -c -g3 -gdwarf-2   -DOSI_BUILD  conftest.cc >&5
conftest.cc:71:20: fatal error: ieeefp.h: No such file or directory
 #include <ieeefp.h>
                    ^
compilation terminated.
configure:25033: $? = 1
configure: failed program was:
| /* confdefs.h.  */
| 
| #define PACKAGE_NAME "Osi"
| #define PACKAGE_TARNAME "osi"
| #define PACKAGE_VERSION "0.106"
| #define PACKAGE_STRING "Osi 0.106"
| #define PACKAGE_BUGREPORT "osi@list.coin-or.org"
| #define OSI_VERSION "0.106"
| #define OSI_VERSION_MAJOR 0
| #define OSI_VERSION_MINOR 106
| #define OSI_VERSION_RELEASE 9999
| #define OSI_SVN_REV 2007
| #define COIN_OSI_VERBOSITY 0
| #define COIN_OSI_CHECKLEVEL 0
| #ifdef __cplusplus
| extern "C" void exit (int) throw ();
| #endif
| #define PACKAGE "osi"
| #define VERSION "0.106"
| #define STDC_HEADERS 1
| #define HAVE_SYS_TYPES_H 1
| #define HAVE_SYS_STAT_H 1
| #define HAVE_STDLIB_H 1
| #define HAVE_STRING_H 1
| #define HAVE_MEMORY_H 1
| #define HAVE_STRINGS_H 1
| #define HAVE_INTTYPES_H 1
| #define HAVE_STDINT_H 1
| #define HAVE_UNISTD_H 1
| #define HAVE_DLFCN_H 1
| #define COIN_HAS_COINUTILS 1
| #define COIN_HAS_SAMPLE 1
| #define GLPK_HAS_INTOPT 1
| #define HAVE_CMATH 1
| #define HAVE_CFLOAT 1
| /* end confdefs.h.  */
| #include <stdio.h>
| #if HAVE_SYS_TYPES_H
| # include <sys/types.h>
| #endif
| #if HAVE_SYS_STAT_H
| # include <sys/stat.h>
| #endif
| #if STDC_HEADERS
| # include <stdlib.h>
| # include <stddef.h>
| #else
| # if HAVE_STDLIB_H
| #  include <stdlib.h>
| # endif
| #endif
| #if HAVE_STRING_H
| # if !STDC_HEADERS && HAVE_MEMORY_H
| #  include <memory.h>
| # endif
| # include <string.h>
| #endif
| #if HAVE_STRINGS_H
| # include <strings.h>
| #endif
| #if HAVE_INTTYPES_H
| # include <inttypes.h>
| #else
| # if HAVE_STDINT_H
| #  include <stdint.h>
| # endif
| #endif
| #if HAVE_UNISTD_H
| # include <unistd.h>
| #endif
| #include <ieeefp.h>
configure:25056: result: no
configure:25060: checking ieeefp.h presence
configure:25070: /usr/bin/g++ -E  conftest.cc
conftest.cc:37:20: fatal error: ieeefp.h: No such file or directory
 #include <ieeefp.h>
                    ^
compilation terminated.
configure:25076: $? = 1
configure: failed program was:
| /* confdefs.h.  */
| 
| #define PACKAGE_NAME "Osi"
| #define PACKAGE_TARNAME "osi"
| #define PACKAGE_VERSION "0.106"
| #define PACKAGE_STRING "Osi 0.106"
| #define PACKAGE_BUGREPORT "osi@list.coin-or.org"
| #define OSI_VERSION "0.106"
| #define OSI_VERSION_MAJOR 0
| #define OSI_VERSION_MINOR 106
| #define OSI_VERSION_RELEASE 9999
| #define OSI_SVN_REV 2007
| #define COIN_OSI_VERBOSITY 0
| #define COIN_OSI_CHECKLEVEL 0
| #ifdef __cplusplus
| extern "C" void exit (int) throw ();
| #endif
| #define PACKAGE "osi"
| #define VERSION "0.106"
| #define STDC_HEADERS 1
| #define HAVE_SYS_TYPES_H 1
| #define HAVE_SYS_STAT_H 1
| #define HAVE_STDLIB_H 1
| #define HAVE_STRING_H 1
| #define HAVE_MEMORY_H 1
| #define HAVE_STRINGS_H 1
| #define HAVE_INTTYPES_H 1
| #define HAVE_STDINT_H 1
| #define HAVE_UNISTD_H 1
| #define HAVE_DLFCN_H 1
| #define COIN_HAS_COINUTILS 1
| #define COIN_HAS_SAMPLE 1
| #define GLPK_HAS_INTOPT 1
| #define HAVE_CMATH 1
| #define HAVE_CFLOAT 1
| /* end confdefs.h.  */
| #include <ieeefp.h>
configure:25096: result: no
configure:25131: checking for ieeefp.h
configure:25138: result: no
configure:25212: checking which command should be used to link input files
configure:25220: result: ln -s
configure:25533: creating ./config.status

## ---------------------- ##
## Running config.status. ##
## ---------------------- ##

This file was extended by Osi config.status 0.106, which was
generated by GNU Autoconf 2.59.  Invocation command line was

  CONFIG_FILES    = 
  CONFIG_HEADERS  = 
  CONFIG_LINKS    = 
  CONFIG_COMMANDS = 
  $ ./config.status 

on localhost.localdomain

config.status:883: creating Makefile
config.status:883: creating examples/Makefile
config.status:883: creating src/Osi/Makefile
config.status:883: creating src/OsiCpx/Makefile
config.status:883: creating src/OsiGlpk/Makefile
config.status:883: creating src/OsiMsk/Makefile
config.status:883: creating src/OsiXpr/Makefile
config.status:883: creating src/OsiGrb/Makefile
config.status:883: creating src/OsiSpx/Makefile
config.status:883: creating src/OsiCommonTest/Makefile
config.status:883: creating test/Makefile
config.status:883: creating osi.pc
config.status:883: creating osi-uninstalled.pc
config.status:883: creating osi-unittests.pc
config.status:883: creating osi-unittests-uninstalled.pc
config.status:883: creating doxydoc/doxygen.conf
config.status:987: creating src/Osi/config.h
config.status:1119: src/Osi/config.h is unchanged
config.status:987: creating src/Osi/config_osi.h
config.status:1119: src/Osi/config_osi.h is unchanged
config.status:1299: executing depfiles commands
configure:27067: In case of trouble, first consult the troubleshooting page at https://projects.coin-or.org/BuildTools/wiki/user-troubleshooting
configure:27070: Configuration of Osi successful

## ---------------- ##
## Cache variables. ##
## ---------------- ##

ac_cv_build=x86_64-unknown-linux-gnu
ac_cv_build_alias=x86_64-unknown-linux-gnu
ac_cv_c_compiler_gnu=yes
ac_cv_cxx_compiler_gnu=yes
ac_cv_env_ADD_CFLAGS_set=
ac_cv_env_ADD_CFLAGS_value=
ac_cv_env_ADD_CXXFLAGS_set=
ac_cv_env_ADD_CXXFLAGS_value=
ac_cv_env_CC_set=set
ac_cv_env_CC_value=/usr/bin/gcc
ac_cv_env_CDEFS_set=
ac_cv_env_CDEFS_value=
ac_cv_env_CFLAGS_set=set
ac_cv_env_CFLAGS_value='-g3 -gdwarf-2'
ac_cv_env_CPPFLAGS_set=
ac_cv_env_CPPFLAGS_value=
ac_cv_env_CPP_set=
ac_cv_env_CPP_value=
ac_cv_env_CXXCPP_set=
ac_cv_env_CXXCPP_value=
ac_cv_env_CXXDEFS_set=
ac_cv_env_CXXDEFS_value=
ac_cv_env_CXXFLAGS_set=set
ac_cv_env_CXXFLAGS_value='-g3 -gdwarf-2'
ac_cv_env_CXX_set=set
ac_cv_env_CXX_value=/usr/bin/g++
ac_cv_env_DBG_CFLAGS_set=
ac_cv_env_DBG_CFLAGS_value=
ac_cv_env_DBG_CXXFLAGS_set=
ac_cv_env_DBG_CXXFLAGS_value=
ac_cv_env_F77_set=
ac_cv_env_F77_value=
ac_cv_env_FFLAGS_set=
ac_cv_env_FFLAGS_value=
ac_cv_env_LDFLAGS_set=
ac_cv_env_LDFLAGS_value=
ac_cv_env_MPICC_set=
ac_cv_env_MPICC_value=
ac_cv_env_MPICXX_set=
ac_cv_env_MPICXX_value=
ac_cv_env_OPT_CFLAGS_set=
ac_cv_env_OPT_CFLAGS_value=
ac_cv_env_OPT_CXXFLAGS_set=
ac_cv_env_OPT_CXXFLAGS_value=
ac_cv_env_PKG_CONFIG_set=
ac_cv_env_PKG_CONFIG_value=
ac_cv_env_build_alias_set=
ac_cv_env_build_alias_value=
ac_cv_env_host_alias_set=
ac_cv_env_host_alias_value=
ac_cv_env_target_alias_set=
ac_cv_env_target_alias_value=
ac_cv_exeext=
ac_cv_f77_compiler_gnu=yes
ac_cv_header_cfloat=yes
ac_cv_header_cieeefp=no
ac_cv_header_cmath=yes
ac_cv_header_dlfcn_h=yes
ac_cv_header_ieeefp_h=no
ac_cv_header_inttypes_h=yes
ac_cv_header_memory_h=yes
ac_cv_header_stdc=yes
ac_cv_header_stdint_h=yes
ac_cv_header_stdlib_h=yes
ac_cv_header_string_h=yes
ac_cv_header_strings_h=yes
ac_cv_header_sys_stat_h=yes
ac_cv_header_sys_types_h=yes
ac_cv_header_unistd_h=yes
ac_cv_host=x86_64-unknown-linux-gnu
ac_cv_host_alias=x86_64-unknown-linux-gnu
ac_cv_objext=o
ac_cv_path_install='/usr/bin/install -c'
ac_cv_prog_AWK=gawk
ac_cv_prog_CPP='/usr/bin/gcc -E'
ac_cv_prog_CXXCPP='/usr/bin/g++ -E'
ac_cv_prog_ac_ct_AR=ar
ac_cv_prog_ac_ct_F77=f95
ac_cv_prog_ac_ct_PKG_CONFIG=pkg-config
ac_cv_prog_ac_ct_RANLIB=ranlib
ac_cv_prog_ac_ct_STRIP=strip
ac_cv_prog_cc_g=yes
ac_cv_prog_cc_stdc=
ac_cv_prog_coin_doxy_usedot=YES
ac_cv_prog_coin_have_doxygen=yes
ac_cv_prog_cxx_g=yes
ac_cv_prog_egrep='grep -E'
ac_cv_prog_f77_g=yes
ac_cv_prog_have_svnversion=yes
ac_cv_prog_make_make_set=yes
am_cv_CC_dependencies_compiler_type=gcc3
am_cv_CXX_dependencies_compiler_type=gcc3
lt_cv_deplibs_check_method=pass_all
lt_cv_file_magic_cmd='$MAGIC_CMD'
lt_cv_file_magic_test_file=
lt_cv_ld_reload_flag=-r
lt_cv_objdir=.libs
lt_cv_path_LD=/usr/bin/ld
lt_cv_path_LDCXX='/usr/bin/ld -m elf_x86_64'
lt_cv_path_NM='/usr/bin/nm -B'
lt_cv_path_SED=/usr/bin/sed
lt_cv_prog_compiler_c_o=yes
lt_cv_prog_compiler_c_o_CXX=yes
lt_cv_prog_compiler_c_o_F77=yes
lt_cv_prog_compiler_rtti_exceptions=no
lt_cv_prog_gnu_ld=yes
lt_cv_prog_gnu_ldcxx=yes
lt_cv_sys_global_symbol_pipe='sed -n -e '\''s/^.*[ 	]\([ABCDGIRSTW][ABCDGIRSTW]*\)[ 	][ 	]*\([_A-Za-z][_A-Za-z0-9]*\)$/\1 \2 \2/p'\'''
lt_cv_sys_global_symbol_to_c_name_address='sed -n -e '\''s/^: \([^ ]*\) $/  {\"\1\", (lt_ptr) 0},/p'\'' -e '\''s/^[BCDEGRST] \([^ ]*\) \([^ ]*\)$/  {"\2", (lt_ptr) \&\2},/p'\'''
lt_cv_sys_global_symbol_to_cdecl='sed -n -e '\''s/^. .* \(.*\)$/extern int \1;/p'\'''
lt_cv_sys_max_cmd_len=32768
lt_lt_cv_prog_compiler_c_o='"yes"'
lt_lt_cv_prog_compiler_c_o_CXX='"yes"'
lt_lt_cv_prog_compiler_c_o_F77='"yes"'
lt_lt_cv_sys_global_symbol_pipe='"sed -n -e '\''s/^.*[ 	]\\([ABCDGIRSTW][ABCDGIRSTW]*\\)[ 	][ 	]*\\([_A-Za-z][_A-Za-z0-9]*\\)\$/\\1 \\2 \\2/p'\''"'
lt_lt_cv_sys_global_symbol_to_c_name_address='"sed -n -e '\''s/^: \\([^ ]*\\) \$/  {\\\"\\1\\\", (lt_ptr) 0},/p'\'' -e '\''s/^[BCDEGRST] \\([^ ]*\\) \\([^ ]*\\)\$/  {\"\\2\", (lt_ptr) \\&\\2},/p'\''"'
lt_lt_cv_sys_global_symbol_to_cdecl='"sed -n -e '\''s/^. .* \\(.*\\)\$/extern int \\1;/p'\''"'

## ----------------- ##
## Output variables. ##
## ----------------- ##

ABSBUILDDIR='/home/raffa/Documents/discOpt/CoinMP/Osi'
ACLOCAL='${SHELL} /home/raffa/Documents/discOpt/CoinMP/Osi/missing --run aclocal-1.9'
ADD_CFLAGS=''
ADD_CXXFLAGS=''
ALWAYS_FALSE_FALSE=''
ALWAYS_FALSE_TRUE='#'
AMDEPBACKSLASH='\'
AMDEP_FALSE='#'
AMDEP_TRUE=''
AMTAR='${SHELL} /home/raffa/Documents/discOpt/CoinMP/Osi/missing --run tar'
AR='ar'
AUTOCONF='${SHELL} /home/raffa/Documents/discOpt/CoinMP/Osi/missing --run autoconf'
AUTOHEADER='${SHELL} /home/raffa/Documents/discOpt/CoinMP/Osi/missing --run autoheader'
AUTOMAKE='${SHELL} /home/raffa/Documents/discOpt/CoinMP/Osi/missing --run automake-1.9'
AUX_DIR=''
AWK='gawk'
BUILDTOOLSDIR=''
CC='/usr/bin/gcc'
CCDEPMODE='depmode=gcc3'
CDEFS=''
CFLAGS='-g3 -gdwarf-2   -DOSI_BUILD'
COINUTILS_CFLAGS='-I/home/raffa/Documents/discOpt/CoinMP/CoinUtils/src '
COINUTILS_CFLAGS_INSTALLED=''
COINUTILS_DATA=''
COINUTILS_DATA_INSTALLED=''
COINUTILS_DEPENDENCIES=' /home/raffa/Documents/discOpt/CoinMP/CoinUtils/src/libCoinUtils.la '
COINUTILS_LIBS='/home/raffa/Documents/discOpt/CoinMP/CoinUtils/src/libCoinUtils.la -lbz2 -lz -llapack -lblas -lm '
COINUTILS_LIBS_INSTALLED=''
COIN_CC_IS_CL_FALSE=''
COIN_CC_IS_CL_TRUE='#'
COIN_CXX_IS_CL_FALSE=''
COIN_CXX_IS_CL_TRUE='#'
COIN_HAS_COINUTILS_FALSE='#'
COIN_HAS_COINUTILS_TRUE=''
COIN_HAS_CPX_FALSE=''
COIN_HAS_CPX_TRUE='#'
COIN_HAS_GLPK_FALSE=''
COIN_HAS_GLPK_TRUE='#'
COIN_HAS_GRB_FALSE=''
COIN_HAS_GRB_TRUE='#'
COIN_HAS_MSK_FALSE=''
COIN_HAS_MSK_TRUE='#'
COIN_HAS_NETLIB_FALSE=''
COIN_HAS_NETLIB_TRUE='#'
COIN_HAS_PKGCONFIG_FALSE='#'
COIN_HAS_PKGCONFIG_TRUE=''
COIN_HAS_SAMPLE_FALSE='#'
COIN_HAS_SAMPLE_TRUE=''
COIN_HAS_SOPLEX_FALSE=''
COIN_HAS_SOPLEX_TRUE='#'
COIN_HAS_XPR_FALSE=''
COIN_HAS_XPR_TRUE='#'
COIN_PKG_CONFIG_PATH='/home/raffa/Documents/discOpt/CoinMP/lib64/pkgconfig:/home/raffa/Documents/discOpt/CoinMP/lib/pkgconfig:/home/raffa/Documents/discOpt/CoinMP/share/pkgconfig:'
COIN_PKG_CONFIG_PATH_UNINSTALLED='/home/raffa/Documents/discOpt/CoinMP/CoinMP:/home/raffa/Documents/discOpt/CoinMP/Cbc:/home/raffa/Documents/discOpt/CoinMP/Cgl:/home/raffa/Documents/discOpt/CoinMP/Clp:/home/raffa/Documents/discOpt/CoinMP/Osi:/home/raffa/Documents/discOpt/CoinMP/CoinUtils:/home/raffa/Documents/discOpt/CoinMP/Data/Sample:'
CPP='/usr/bin/gcc -E'
CPPFLAGS=''
CPXINCDIR=''
CPXLIB=''
CXX='/usr/bin/g++'
CXXCPP='/usr/bin/g++ -E'
CXXDEFS=''
CXXDEPMODE='depmode=gcc3'
CXXFLAGS='-g3 -gdwarf-2   -DOSI_BUILD'
CYGPATH_W='echo'
DBG_CFLAGS='-g3 -gdwarf-2  '
DBG_CXXFLAGS='-g3 -gdwarf-2  '
DEFS='-DHAVE_CONFIG_H'
DEPDIR='.deps'
DEPENDENCY_LINKING_FALSE=''
DEPENDENCY_LINKING_TRUE='#'
ECHO='echo'
ECHO_C=''
ECHO_N='-n'
ECHO_T=''
EGREP='grep -E'
EXEEXT=''
F77='f95'
FFLAGS='-g -O2'
GLPK_CFLAGS=''
GLPK_CFLAGS_INSTALLED=''
GLPK_DATA=''
GLPK_DATA_INSTALLED=''
GLPK_DEPENDENCIES=''
GLPK_LIBS=''
GLPK_LIBS_INSTALLED=''
GRBINCDIR=''
GRBLIB=''
HAVE_EXTERNALS_FALSE=''
HAVE_EXTERNALS_TRUE='#'
INSTALL_DATA='${INSTALL} -m 644'
INSTALL_PROGRAM='${INSTALL}'
INSTALL_SCRIPT='${INSTALL}'
INSTALL_STRIP_PROGRAM='${SHELL} $(install_sh) -c -s'
LDFLAGS=''
LIBEXT='a'
LIBOBJS=''
LIBS=''
LIBTOOL='$(SHELL) $(top_builddir)/libtool'
LIBTOOLM4=''
LN_S='ln -s'
LTLIBOBJS=''
LT_LDFLAGS=''
MAINT='#'
MAINTAINER_MODE_FALSE=''
MAINTAINER_MODE_TRUE='#'
MAKEINFO='${SHELL} /home/raffa/Documents/discOpt/CoinMP/Osi/missing --run makeinfo'
MPICC=''
MPICXX=''
MSKINCDIR=''
MSKLIB=''
NETLIB_CFLAGS=''
NETLIB_CFLAGS_INSTALLED=''
NETLIB_DATA=''
NETLIB_DATA_INSTALLED=''
NETLIB_DEPENDENCIES=''
NETLIB_LIBS=''
NETLIB_LIBS_INSTALLED=''
OBJEXT='o'
OPT_CFLAGS='-g3 -gdwarf-2  '
OPT_CXXFLAGS='-g3 -gdwarf-2  '
OSIGLPKLIB_CFLAGS=''
OSIGLPKLIB_CFLAGS_INSTALLED=''
OSIGLPKLIB_DEPENDENCIES=''
OSIGLPKLIB_LIBS=''
OSIGLPKLIB_LIBS_INSTALLED=''
OSIGLPKLIB_PCLIBS=''
OSIGLPKLIB_PCREQUIRES=''
OSILIB_CFLAGS='-I/home/raffa/Documents/discOpt/CoinMP/CoinUtils/src  '
OSILIB_CFLAGS_INSTALLED=''
OSILIB_DEPENDENCIES=' /home/raffa/Documents/discOpt/CoinMP/CoinUtils/src/libCoinUtils.la   '
OSILIB_LIBS='/home/raffa/Documents/discOpt/CoinMP/CoinUtils/src/libCoinUtils.la -lbz2 -lz -llapack -lblas -lm  '
OSILIB_LIBS_INSTALLED=''
OSILIB_PCLIBS=''
OSILIB_PCREQUIRES='coinutils '
OSISPXLIB_CFLAGS=''
OSISPXLIB_CFLAGS_INSTALLED=''
OSISPXLIB_DEPENDENCIES=''
OSISPXLIB_LIBS=''
OSISPXLIB_LIBS_INSTALLED=''
OSISPXLIB_PCLIBS=''
OSISPXLIB_PCREQUIRES=''
OSI_EXAMPLES_SOLVER_CFLAGS=''
OSI_EXAMPLES_SOLVER_LIBS=''
OSI_EXAMPLES_SOLVER_NAME=''
OSI_EXAMPLES_SOLVER_PCNAME=''
OSI_SVN_REV='2007'
PACKAGE='osi'
PACKAGE_BUGREPORT='osi@list.coin-or.org'
PACKAGE_NAME='Osi'
PACKAGE_STRING='Osi 0.106'
PACKAGE_TARNAME='osi'
PACKAGE_VERSION='0.106'
PATH_SEPARATOR=':'
PKG_CONFIG='pkg-config'
RANLIB='ranlib'
RPATH_FLAGS=' -Wl,--rpath -Wl,/home/raffa/Documents/discOpt/CoinMP/lib'
SAMPLE_CFLAGS=''
SAMPLE_CFLAGS_INSTALLED=''
SAMPLE_DATA='/home/raffa/Documents/discOpt/CoinMP/Data/Sample'
SAMPLE_DATA_INSTALLED=''
SAMPLE_DEPENDENCIES=' '
SAMPLE_LIBS=''
SAMPLE_LIBS_INSTALLED=''
SET_MAKE=''
SHELL='/bin/sh'
SOPLEX_CFLAGS=''
SOPLEX_CFLAGS_INSTALLED=''
SOPLEX_DATA=''
SOPLEX_DATA_INSTALLED=''
SOPLEX_DEPENDENCIES=''
SOPLEX_LIBS=''
SOPLEX_LIBS_INSTALLED=''
STRIP='strip'
VERSION='0.106'
VPATH_DISTCLEANFILES=''
XPRINCDIR=''
XPRLIB=''
abs_bin_dir='/home/raffa/Documents/discOpt/CoinMP/bin'
abs_include_dir='/home/raffa/Documents/discOpt/CoinMP/include'
abs_lib_dir='/home/raffa/Documents/discOpt/CoinMP/lib'
abs_source_dir='/home/raffa/Documents/discOpt/CoinMP/Osi'
ac_c_preproc_warn_flag=''
ac_ct_AR='ar'
ac_ct_CC=''
ac_ct_CXX=''
ac_ct_F77='f95'
ac_ct_PKG_CONFIG='pkg-config'
ac_ct_RANLIB='ranlib'
ac_ct_STRIP='strip'
ac_cxx_preproc_warn_flag=''
am__fastdepCC_FALSE='#'
am__fastdepCC_TRUE=''
am__fastdepCXX_FALSE='#'
am__fastdepCXX_TRUE=''
am__include='include'
am__leading_dot='.'
am__quote=''
am__tar='${AMTAR} chof - "$$tardir"'
am__untar='${AMTAR} xf -'
bindir='${exec_prefix}/bin'
build='x86_64-unknown-linux-gnu'
build_alias=''
build_cpu='x86_64'
build_os='linux-gnu'
build_vendor='unknown'
coin_doxy_excludes=''
coin_doxy_logname='doxydoc/osi_doxy.log'
coin_doxy_tagfiles=' /home/raffa/Documents/discOpt/CoinMP/share/coin/doc/CoinUtils/doxydoc/coinutils_doxy.tag=/home/raffa/Documents/discOpt/CoinMP/share/coin/doc/CoinUtils/doxydoc/html'
coin_doxy_tagname='doxydoc/osi_doxy.tag'
coin_doxy_usedot='YES'
coin_have_doxygen='yes'
datadir='${prefix}/share'
exec_prefix='${prefix}'
have_autoconf=''
have_automake=''
have_svn=''
have_svnversion='yes'
host='x86_64-unknown-linux-gnu'
host_alias=''
host_cpu='x86_64'
host_os='linux-gnu'
host_vendor='unknown'
includedir='${prefix}/include'
infodir='${prefix}/info'
install_sh='/home/raffa/Documents/discOpt/CoinMP/Osi/install-sh'
libdir='${exec_prefix}/lib'
libexecdir='${exec_prefix}/libexec'
localstatedir='${prefix}/var'
mandir='${prefix}/man'
mkdir_p='mkdir -p --'
oldincludedir='/usr/include'
prefix='/home/raffa/Documents/discOpt/CoinMP'
program_transform_name='s,x,x,'
sbindir='${exec_prefix}/sbin'
sharedstatedir='${prefix}/com'
sol_cc_compiler=''
sysconfdir='${prefix}/etc'
target_alias=''

## ----------- ##
## confdefs.h. ##
## ----------- ##

#define COIN_HAS_COINUTILS 1
#define COIN_HAS_SAMPLE 1
#define COIN_OSI_CHECKLEVEL 0
#define COIN_OSI_VERBOSITY 0
#define GLPK_HAS_INTOPT 1
#define HAVE_CFLOAT 1
#define HAVE_CMATH 1
#define HAVE_DLFCN_H 1
#define HAVE_INTTYPES_H 1
#define HAVE_MEMORY_H 1
#define HAVE_STDINT_H 1
#define HAVE_STDLIB_H 1
#define HAVE_STRINGS_H 1
#define HAVE_STRING_H 1
#define HAVE_SYS_STAT_H 1
#define HAVE_SYS_TYPES_H 1
#define HAVE_UNISTD_H 1
#define OSI_SVN_REV 2007
#define OSI_VERSION "0.106"
#define OSI_VERSION_MAJOR 0
#define OSI_VERSION_MINOR 106
#define OSI_VERSION_RELEASE 9999
#define PACKAGE "osi"
#define PACKAGE_BUGREPORT "osi@list.coin-or.org"
#define PACKAGE_NAME "Osi"
#define PACKAGE_STRING "Osi 0.106"
#define PACKAGE_TARNAME "osi"
#define PACKAGE_VERSION "0.106"
#define STDC_HEADERS 1
#define VERSION "0.106"
#endif
#ifdef __cplusplus
extern "C" void exit (int) throw ();

configure: exit 0
