This file contains any messages produced by compilers while
running configure, to aid debugging if configure makes a mistake.

It was created by CoinMP configure 1.7, which was
generated by GNU Autoconf 2.59.  Invocation command line was

  $ ./configure CC=/usr/bin/gcc CXX=/usr/bin/g++ CFLAGS=-g3 -gdwarf-2 CXXFLAGS=-g3 -gdwarf-2

## --------- ##
## Platform. ##
## --------- ##

hostname = localhost.localdomain
uname -m = x86_64
uname -r = 3.18.8-201.fc21.x86_64
uname -s = Linux
uname -v = #1 SMP Fri Feb 27 18:18:27 UTC 2015

/usr/bin/uname -p = x86_64
/bin/uname -X     = unknown

/bin/arch              = x86_64
/usr/bin/arch -k       = unknown
/usr/convex/getsysinfo = unknown
hostinfo               = unknown
/bin/machine           = unknown
/usr/bin/oslevel       = unknown
/bin/universe          = unknown

PATH: /usr/bin
PATH: /usr/local/bin
PATH: /usr/local/sbin
PATH: /usr/bin
PATH: /usr/sbin
PATH: /bin
PATH: /sbin
PATH: /home/raffa/.local/bin
PATH: /home/raffa/bin


## ----------- ##
## Core tests. ##
## ----------- ##

configure:1326: checking for egrep
configure:1336: result: grep -E
configure:1341: checking whether ln -s works
configure:1345: result: yes
configure:1391: checking for a BSD-compatible install
configure:1446: result: /usr/bin/install -c
configure:1457: checking whether build environment is sane
configure:1500: result: yes
configure:1565: checking for gawk
configure:1581: found /usr/bin/gawk
configure:1591: result: gawk
configure:1601: checking whether make sets $(MAKE)
configure:1621: result: yes
configure:1794: checking whether to enable maintainer-specific portions of Makefiles
configure:1803: result: no
configure:2195: checking whether source of project Sample is available and should be compiled
configure:2296: result: yes, source in Data/Sample
configure:2311: checking whether source of project CoinUtils is available and should be compiled
configure:2408: result: yes, source in CoinUtils
configure:2423: checking whether source of project Osi is available and should be compiled
configure:2520: result: yes, source in Osi
configure:2535: checking whether source of project Clp is available and should be compiled
configure:2632: result: yes, source in Clp
configure:2647: checking whether source of project Cgl is available and should be compiled
configure:2744: result: yes, source in Cgl
configure:2759: checking whether source of project Cbc is available and should be compiled
configure:2856: result: yes, source in Cbc
configure:2871: checking whether source of project CoinMP is available and should be compiled
configure:2968: result: yes, source in CoinMP
configure:2997: checking which command should be used to link input files
configure:3005: result: ln -s
configure:3195: creating ./config.status

## ---------------------- ##
## Running config.status. ##
## ---------------------- ##

This file was extended by CoinMP config.status 1.7, which was
generated by GNU Autoconf 2.59.  Invocation command line was

  CONFIG_FILES    = 
  CONFIG_HEADERS  = 
  CONFIG_LINKS    = 
  CONFIG_COMMANDS = 
  $ ./config.status 

on localhost.localdomain

config.status:673: creating Makefile
configure:4064: configuring in Data/Sample
configure:4181: running /bin/sh './configure' --prefix=/home/raffa/Documents/discOpt/CoinMP  'CC=/usr/bin/gcc' 'CXX=/usr/bin/g++' 'CFLAGS=-g3 -gdwarf-2' 'CXXFLAGS=-g3 -gdwarf-2' --cache-file=/dev/null --srcdir=.
configure:4064: configuring in CoinUtils
configure:4181: running /bin/sh './configure' --prefix=/home/raffa/Documents/discOpt/CoinMP  'CC=/usr/bin/gcc' 'CXX=/usr/bin/g++' 'CFLAGS=-g3 -gdwarf-2' 'CXXFLAGS=-g3 -gdwarf-2' --cache-file=/dev/null --srcdir=.
configure:4064: configuring in Osi
configure:4181: running /bin/sh './configure' --prefix=/home/raffa/Documents/discOpt/CoinMP  'CC=/usr/bin/gcc' 'CXX=/usr/bin/g++' 'CFLAGS=-g3 -gdwarf-2' 'CXXFLAGS=-g3 -gdwarf-2' --cache-file=/dev/null --srcdir=.
configure:4064: configuring in Clp
configure:4181: running /bin/sh './configure' --prefix=/home/raffa/Documents/discOpt/CoinMP  'CC=/usr/bin/gcc' 'CXX=/usr/bin/g++' 'CFLAGS=-g3 -gdwarf-2' 'CXXFLAGS=-g3 -gdwarf-2' --cache-file=/dev/null --srcdir=.
configure:4064: configuring in Cgl
configure:4181: running /bin/sh './configure' --prefix=/home/raffa/Documents/discOpt/CoinMP  'CC=/usr/bin/gcc' 'CXX=/usr/bin/g++' 'CFLAGS=-g3 -gdwarf-2' 'CXXFLAGS=-g3 -gdwarf-2' --cache-file=/dev/null --srcdir=.
configure:4064: configuring in Cbc
configure:4181: running /bin/sh './configure' --prefix=/home/raffa/Documents/discOpt/CoinMP  'CC=/usr/bin/gcc' 'CXX=/usr/bin/g++' 'CFLAGS=-g3 -gdwarf-2' 'CXXFLAGS=-g3 -gdwarf-2' --cache-file=/dev/null --srcdir=.
configure:4064: configuring in CoinMP
configure:4181: running /bin/sh './configure' --prefix=/home/raffa/Documents/discOpt/CoinMP  'CC=/usr/bin/gcc' 'CXX=/usr/bin/g++' 'CFLAGS=-g3 -gdwarf-2' 'CXXFLAGS=-g3 -gdwarf-2' --cache-file=/dev/null --srcdir=.
configure:4250: In case of trouble, first consult the troubleshooting page at https://projects.coin-or.org/BuildTools/wiki/user-troubleshooting
configure:4256: Main configuration of CoinMP successful

## ---------------- ##
## Cache variables. ##
## ---------------- ##

ac_cv_env_COIN_SKIP_PROJECTS_set=
ac_cv_env_COIN_SKIP_PROJECTS_value=
ac_cv_env_build_alias_set=
ac_cv_env_build_alias_value=
ac_cv_env_host_alias_set=
ac_cv_env_host_alias_value=
ac_cv_env_target_alias_set=
ac_cv_env_target_alias_value=
ac_cv_path_install='/usr/bin/install -c'
ac_cv_prog_AWK=gawk
ac_cv_prog_egrep='grep -E'
ac_cv_prog_make_make_set=yes

## ----------------- ##
## Output variables. ##
## ----------------- ##

ABSBUILDDIR=''
ACLOCAL='${SHELL} /home/raffa/Documents/discOpt/CoinMP/missing --run aclocal-1.9'
AMTAR='${SHELL} /home/raffa/Documents/discOpt/CoinMP/missing --run tar'
AUTOCONF='${SHELL} /home/raffa/Documents/discOpt/CoinMP/missing --run autoconf'
AUTOHEADER='${SHELL} /home/raffa/Documents/discOpt/CoinMP/missing --run autoheader'
AUTOMAKE='${SHELL} /home/raffa/Documents/discOpt/CoinMP/missing --run automake-1.9'
AUX_DIR=''
AWK='gawk'
BUILDTOOLSDIR=''
COIN_SKIP_PROJECTS=''
CYGPATH_W='echo'
DEFS='-DPACKAGE_NAME=\"CoinMP\" -DPACKAGE_TARNAME=\"coinmp\" -DPACKAGE_VERSION=\"1.7\" -DPACKAGE_STRING=\"CoinMP\ 1.7\" -DPACKAGE_BUGREPORT=\"coinmp@list.coin-or.org\" -DPACKAGE=\"coinmp\" -DVERSION=\"1.7\" '
ECHO_C=''
ECHO_N='-n'
ECHO_T=''
EGREP='grep -E'
HAVE_EXTERNALS_FALSE=''
HAVE_EXTERNALS_TRUE='#'
INSTALL_DATA='${INSTALL} -m 644'
INSTALL_PROGRAM='${INSTALL}'
INSTALL_SCRIPT='${INSTALL}'
INSTALL_STRIP_PROGRAM='${SHELL} $(install_sh) -c -s'
LIBEXT='a'
LIBOBJS=''
LIBS=''
LIBTOOLM4=''
LN_S='ln -s'
LTLIBOBJS=''
MAINT='#'
MAINTAINER_MODE_FALSE=''
MAINTAINER_MODE_TRUE='#'
MAKEINFO='${SHELL} /home/raffa/Documents/discOpt/CoinMP/missing --run makeinfo'
PACKAGE='coinmp'
PACKAGE_BUGREPORT='coinmp@list.coin-or.org'
PACKAGE_NAME='CoinMP'
PACKAGE_STRING='CoinMP 1.7'
PACKAGE_TARNAME='coinmp'
PACKAGE_VERSION='1.7'
PATH_SEPARATOR=':'
SET_MAKE=''
SHELL='/bin/sh'
STRIP=''
VERSION='1.7'
VPATH_DISTCLEANFILES=''
abs_bin_dir='/home/raffa/Documents/discOpt/CoinMP/bin'
abs_include_dir='/home/raffa/Documents/discOpt/CoinMP/include'
abs_lib_dir='/home/raffa/Documents/discOpt/CoinMP/lib'
abs_source_dir='/home/raffa/Documents/discOpt/CoinMP'
ac_ct_STRIP=''
am__leading_dot='.'
am__tar='${AMTAR} chof - "$$tardir"'
am__untar='${AMTAR} xf -'
bindir='${exec_prefix}/bin'
build_alias=''
datadir='${prefix}/share'
exec_prefix='${prefix}'
have_autoconf=''
have_automake=''
have_svn=''
host_alias=''
includedir='${prefix}/include'
infodir='${prefix}/info'
install_sh='/home/raffa/Documents/discOpt/CoinMP/install-sh'
libdir='${exec_prefix}/lib'
libexecdir='${exec_prefix}/libexec'
localstatedir='${prefix}/var'
mandir='${prefix}/man'
mkdir_p='mkdir -p --'
oldincludedir='/usr/include'
prefix='/home/raffa/Documents/discOpt/CoinMP'
program_transform_name='s,x,x,'
sbindir='${exec_prefix}/sbin'
sharedstatedir='${prefix}/com'
subdirs=' Data/Sample CoinUtils Osi Clp Cgl Cbc CoinMP'
sysconfdir='${prefix}/etc'
target_alias=''

## ----------- ##
## confdefs.h. ##
## ----------- ##

#define PACKAGE "coinmp"
#define PACKAGE_BUGREPORT "coinmp@list.coin-or.org"
#define PACKAGE_NAME "CoinMP"
#define PACKAGE_STRING "CoinMP 1.7"
#define PACKAGE_TARNAME "coinmp"
#define PACKAGE_VERSION "1.7"
#define VERSION "1.7"

configure: exit 0
