configure: loading cache config.cache
checking for egrep... (cached) grep -E
checking whether ln -s works... yes
checking for a BSD-compatible install... (cached) /usr/bin/install -c
checking whether build environment is sane... yes
checking for gawk... (cached) gawk
checking whether make sets $(MAKE)... (cached) yes
checking whether to enable maintainer-specific portions of Makefiles... no
checking whether source of project Sample is available and should be compiled... yes, source in Data/Sample
checking whether source of project CoinUtils is available and should be compiled... yes, source in CoinUtils
checking whether source of project Osi is available and should be compiled... yes, source in Osi
checking whether source of project Clp is available and should be compiled... yes, source in Clp
checking whether source of project Cgl is available and should be compiled... yes, source in Cgl
checking whether source of project Cbc is available and should be compiled... yes, source in Cbc
checking whether source of project CoinMP is available and should be compiled... yes, source in CoinMP
checking which command should be used to link input files... ln -s
configure: creating ./config.status
config.status: creating Makefile
configure: configuring in Data/Sample
configure: running /bin/sh './configure' --prefix=/home/raffa/Downloads/discOpt/CoinMP  '-C' --cache-file=../../config.cache --srcdir=.
configure: loading cache ../../config.cache
checking for svnversion... (cached) yes
checking for egrep... (cached) grep -E
checking whether ln -s works... yes
checking for a BSD-compatible install... (cached) /usr/bin/install -c
checking whether build environment is sane... yes
checking for gawk... (cached) gawk
checking whether make sets $(MAKE)... (cached) yes
checking whether to enable maintainer-specific portions of Makefiles... no
checking whether this is a VPATH configuration... no
checking build system type... (cached) x86_64-unknown-linux-gnu
checking which command should be used to link input files... ln -s
configure: creating ./config.status
config.status: creating Makefile
config.status: creating coindatasample.pc
config.status: creating coindatasample-uninstalled.pc
configure: In case of trouble, first consult the troubleshooting page at https://projects.coin-or.org/BuildTools/wiki/user-troubleshooting
configure: Configuration of DataSample successful
configure: configuring in CoinUtils
configure: running /bin/sh './configure' --prefix=/home/raffa/Downloads/discOpt/CoinMP  '-C' --cache-file=../config.cache --srcdir=.
configure: loading cache ../config.cache
checking build system type... (cached) x86_64-unknown-linux-gnu
checking for svnversion... (cached) yes
checking whether we want to compile in debug mode... no
checking for gcc... (cached) gcc
checking for C compiler default output file name... a.out
checking whether the C compiler works... yes
checking whether we are cross compiling... no
checking for suffix of executables... 
checking for suffix of object files... (cached) o
checking whether we are using the GNU C compiler... (cached) yes
checking whether gcc accepts -g... (cached) yes
checking for gcc option to accept ANSI C... (cached) none needed
configure: C compiler options are: -O3 -pipe -DNDEBUG -pedantic-errors -Wimplicit -Wparentheses -Wsequence-point -Wreturn-type -Wcast-qual -Wall -Wno-unknown-pragmas -Wno-long-long   -DCOINUTILS_BUILD
checking for g++... (cached) g++
checking whether we are using the GNU C++ compiler... (cached) yes
checking whether g++ accepts -g... (cached) yes
checking whether C++ compiler g++ works... yes
configure: C++ compiler options are: -O3 -pipe -DNDEBUG -pedantic-errors -Wparentheses -Wreturn-type -Wcast-qual -Wall -Wpointer-arith -Wwrite-strings -Wconversion -Wno-unknown-pragmas -Wno-long-long   -DCOINUTILS_BUILD
configure: Trying to determine Fortran compiler name
checking for gfortran... (cached) gfortran
checking whether we are using the GNU Fortran 77 compiler... (cached) yes
checking whether gfortran accepts -g... (cached) yes
configure: Fortran compiler options are: -O3 -pipe  
checking how to get verbose linking output from gfortran... (cached) -v
checking for Fortran libraries of gfortran... (cached)  -L/usr/lib/gcc/x86_64-redhat-linux/4.9.2 -L/usr/lib/gcc/x86_64-redhat-linux/4.9.2/../../../../lib64 -L/lib/../lib64 -L/usr/lib/../lib64 -L/usr/lib/gcc/x86_64-redhat-linux/4.9.2/../../.. -lgfortran -lm -lquadmath
checking for dummy main to link with Fortran libraries... (cached) none
checking for Fortran name-mangling scheme... (cached) lower case, underscore, no extra underscore
checking for egrep... (cached) grep -E
checking whether ln -s works... yes
checking for a BSD-compatible install... (cached) /usr/bin/install -c
checking whether build environment is sane... yes
checking for gawk... (cached) gawk
checking whether make sets $(MAKE)... (cached) yes
checking for style of include used by make... GNU
checking dependency style of gcc... (cached) gcc3
checking dependency style of g++... (cached) gcc3
checking whether to enable maintainer-specific portions of Makefiles... no
checking host system type... (cached) x86_64-unknown-linux-gnu
checking for a sed that does not truncate output... (cached) /usr/bin/sed
checking for ld used by gcc... (cached) /usr/bin/ld
checking if the linker (/usr/bin/ld) is GNU ld... (cached) yes
checking for /usr/bin/ld option to reload object files... (cached) -r
checking for BSD-compatible nm... (cached) /usr/bin/nm -B
checking how to recognise dependent libraries... (cached) pass_all
checking how to run the C preprocessor... (cached) gcc -E
checking for ANSI C header files... (cached) yes
checking for sys/types.h... (cached) yes
checking for sys/stat.h... (cached) yes
checking for stdlib.h... (cached) yes
checking for string.h... (cached) yes
checking for memory.h... (cached) yes
checking for strings.h... (cached) yes
checking for inttypes.h... (cached) yes
checking for stdint.h... (cached) yes
checking for unistd.h... (cached) yes
checking for dlfcn.h... (cached) yes
checking how to run the C++ preprocessor... (cached) g++ -E
checking the maximum length of command line arguments... (cached) 32768
checking command to parse /usr/bin/nm -B output from gcc object... (cached) ok
checking for objdir... (cached) .libs
checking for ar... (cached) ar
checking for ranlib... (cached) ranlib
checking for strip... (cached) strip
checking if gcc supports -fno-rtti -fno-exceptions... (cached) no
checking for gcc option to produce PIC... -fPIC
checking if gcc PIC flag -fPIC works... yes
checking if gcc static flag -static works... no
checking if gcc supports -c -o file.o... (cached) yes
checking whether the gcc linker (/usr/bin/ld -m elf_x86_64) supports shared libraries... yes
checking whether -lc should be explicitly linked in... no
checking dynamic linker characteristics... GNU/Linux ld.so
checking how to hardcode library paths into programs... immediate
checking whether stripping libraries is possible... yes
checking if libtool supports shared libraries... yes
checking whether to build shared libraries... yes
checking whether to build static libraries... no
configure: creating libtool
appending configuration tag "CXX" to libtool
checking for ld used by g++... (cached) /usr/bin/ld -m elf_x86_64
checking if the linker (/usr/bin/ld -m elf_x86_64) is GNU ld... (cached) yes
checking whether the g++ linker (/usr/bin/ld -m elf_x86_64) supports shared libraries... yes
checking for g++ option to produce PIC... -fPIC
checking if g++ PIC flag -fPIC works... yes
checking if g++ static flag -static works... no
checking if g++ supports -c -o file.o... (cached) yes
checking whether the g++ linker (/usr/bin/ld -m elf_x86_64) supports shared libraries... yes
checking dynamic linker characteristics... GNU/Linux ld.so
checking how to hardcode library paths into programs... immediate
appending configuration tag "F77" to libtool
checking if libtool supports shared libraries... yes
checking whether to build shared libraries... yes
checking whether to build static libraries... no
checking for gfortran option to produce PIC... -fPIC
checking if gfortran PIC flag -fPIC works... yes
checking if gfortran static flag -static works... no
checking if gfortran supports -c -o file.o... (cached) yes
checking whether the gfortran linker (/usr/bin/ld -m elf_x86_64) supports shared libraries... yes
checking dynamic linker characteristics... GNU/Linux ld.so
checking how to hardcode library paths into programs... immediate
configure: Build is "x86_64-unknown-linux-gnu".
checking if library version is set... no
checking for cmath... (cached) yes
checking for cfloat... (cached) yes
checking for cieeefp... (cached) no
checking for ieeefp.h... (cached) no
checking whether isfinite is declared... (cached) no
checking whether finite is declared... (cached) yes
checking for cmath... (cached) yes
checking for cfloat... (cached) yes
checking for cieeefp... (cached) no
checking for ieeefp.h... (cached) no
checking whether isnan is declared... (cached) yes
checking for cinttypes... (cached) no
checking for inttypes.h... (cached) yes
checking for cstdint... (cached) no
checking for stdint.h... (cached) yes
checking for int64_t... (cached) yes
checking for intptr_t... (cached) yes
checking for windows.h... (cached) no
checking for endian.h... (cached) yes
checking for pkg-config... (cached) pkg-config
checking pkg-config is at least version 0.16.0... yes
checking whether -lblas has BLAS... yes: -lblas
checking whether LAPACK is already available with BLAS library... no
checking whether -llapack has LAPACK... yes: -llapack
checking for COIN-OR package Glpk... not given: No package 'coinglpk' found
checking for COIN-OR package Sample... yes: 1.2 
checking for COIN-OR package Netlib... not given: No package 'coindatanetlib' found
checking for zlib.h... (cached) yes
checking for gzopen in -lz... (cached) yes
checking for bzlib.h... (cached) yes
checking for BZ2_bzReadOpen in -lbz2... (cached) yes
checking whether this is a VPATH configuration... no
configure: configuring doxygen documentation options
checking for doxygen... (cached) yes
checking for dot... (cached) YES
checking which command should be used to link input files... ln -s
configure: creating ./config.status
config.status: creating Makefile
config.status: creating src/Makefile
config.status: creating test/Makefile
config.status: creating coinutils.pc
config.status: creating coinutils-uninstalled.pc
config.status: creating doxydoc/doxygen.conf
config.status: creating src/config.h
config.status: src/config.h is unchanged
config.status: creating src/config_coinutils.h
config.status: src/config_coinutils.h is unchanged
config.status: executing depfiles commands
configure: In case of trouble, first consult the troubleshooting page at https://projects.coin-or.org/BuildTools/wiki/user-troubleshooting
configure: Configuration of CoinUtils successful
configure: configuring in Osi
configure: running /bin/sh './configure' --prefix=/home/raffa/Downloads/discOpt/CoinMP  '-C' --cache-file=../config.cache --srcdir=.
configure: loading cache ../config.cache
checking build system type... (cached) x86_64-unknown-linux-gnu
checking for svnversion... (cached) yes
checking whether we want to compile in debug mode... no
checking for gcc... (cached) gcc
checking for C compiler default output file name... a.out
checking whether the C compiler works... yes
checking whether we are cross compiling... no
checking for suffix of executables... 
checking for suffix of object files... (cached) o
checking whether we are using the GNU C compiler... (cached) yes
checking whether gcc accepts -g... (cached) yes
checking for gcc option to accept ANSI C... (cached) none needed
configure: C compiler options are: -O3 -pipe -DNDEBUG -pedantic-errors -Wimplicit -Wparentheses -Wsequence-point -Wreturn-type -Wcast-qual -Wall -Wno-unknown-pragmas -Wno-long-long   -DOSI_BUILD
checking for g++... (cached) g++
checking whether we are using the GNU C++ compiler... (cached) yes
checking whether g++ accepts -g... (cached) yes
checking whether C++ compiler g++ works... yes
configure: C++ compiler options are: -O3 -pipe -DNDEBUG -pedantic-errors -Wparentheses -Wreturn-type -Wcast-qual -Wall -Wpointer-arith -Wwrite-strings -Wconversion -Wno-unknown-pragmas -Wno-long-long   -DOSI_BUILD
checking for egrep... (cached) grep -E
checking whether ln -s works... yes
checking for a BSD-compatible install... (cached) /usr/bin/install -c
checking whether build environment is sane... yes
checking for gawk... (cached) gawk
checking whether make sets $(MAKE)... (cached) yes
checking for style of include used by make... GNU
checking dependency style of gcc... (cached) gcc3
checking dependency style of g++... (cached) gcc3
checking whether to enable maintainer-specific portions of Makefiles... no
checking host system type... (cached) x86_64-unknown-linux-gnu
checking for a sed that does not truncate output... (cached) /usr/bin/sed
checking for ld used by gcc... (cached) /usr/bin/ld
checking if the linker (/usr/bin/ld) is GNU ld... (cached) yes
checking for /usr/bin/ld option to reload object files... (cached) -r
checking for BSD-compatible nm... (cached) /usr/bin/nm -B
checking how to recognise dependent libraries... (cached) pass_all
checking how to run the C preprocessor... (cached) gcc -E
checking for ANSI C header files... (cached) yes
checking for sys/types.h... (cached) yes
checking for sys/stat.h... (cached) yes
checking for stdlib.h... (cached) yes
checking for string.h... (cached) yes
checking for memory.h... (cached) yes
checking for strings.h... (cached) yes
checking for inttypes.h... (cached) yes
checking for stdint.h... (cached) yes
checking for unistd.h... (cached) yes
checking for dlfcn.h... (cached) yes
checking how to run the C++ preprocessor... (cached) g++ -E
checking for g77... (cached) gfortran
checking whether we are using the GNU Fortran 77 compiler... (cached) yes
checking whether gfortran accepts -g... (cached) yes
checking the maximum length of command line arguments... (cached) 32768
checking command to parse /usr/bin/nm -B output from gcc object... (cached) ok
checking for objdir... (cached) .libs
checking for ar... (cached) ar
checking for ranlib... (cached) ranlib
checking for strip... (cached) strip
checking if gcc supports -fno-rtti -fno-exceptions... (cached) no
checking for gcc option to produce PIC... -fPIC
checking if gcc PIC flag -fPIC works... yes
checking if gcc static flag -static works... no
checking if gcc supports -c -o file.o... (cached) yes
checking whether the gcc linker (/usr/bin/ld -m elf_x86_64) supports shared libraries... yes
checking whether -lc should be explicitly linked in... no
checking dynamic linker characteristics... GNU/Linux ld.so
checking how to hardcode library paths into programs... immediate
checking whether stripping libraries is possible... yes
checking if libtool supports shared libraries... yes
checking whether to build shared libraries... yes
checking whether to build static libraries... no
configure: creating libtool
appending configuration tag "CXX" to libtool
checking for ld used by g++... (cached) /usr/bin/ld -m elf_x86_64
checking if the linker (/usr/bin/ld -m elf_x86_64) is GNU ld... (cached) yes
checking whether the g++ linker (/usr/bin/ld -m elf_x86_64) supports shared libraries... yes
checking for g++ option to produce PIC... -fPIC
checking if g++ PIC flag -fPIC works... yes
checking if g++ static flag -static works... no
checking if g++ supports -c -o file.o... (cached) yes
checking whether the g++ linker (/usr/bin/ld -m elf_x86_64) supports shared libraries... yes
checking dynamic linker characteristics... GNU/Linux ld.so
checking how to hardcode library paths into programs... immediate
appending configuration tag "F77" to libtool
checking if libtool supports shared libraries... yes
checking whether to build shared libraries... yes
checking whether to build static libraries... no
checking for gfortran option to produce PIC... -fPIC
checking if gfortran PIC flag -fPIC works... yes
checking if gfortran static flag -static works... no
checking if gfortran supports -c -o file.o... (cached) yes
checking whether the gfortran linker (/usr/bin/ld -m elf_x86_64) supports shared libraries... yes
checking dynamic linker characteristics... GNU/Linux ld.so
checking how to hardcode library paths into programs... immediate
configure: Build is "x86_64-unknown-linux-gnu".
checking if library version is set... no
checking for pkg-config... (cached) pkg-config
checking pkg-config is at least version 0.16.0... yes
checking for COIN-OR package CoinUtils... yes: 2.9 
checking for COIN-OR package Glpk... not given: No package 'coinglpk' found
checking for COIN-OR package SoPlex... not given: No package 'coinsoplex' found
checking for COIN-OR package Sample... yes: 1.2 
checking for COIN-OR package Netlib... not given: No package 'coindatanetlib' found
checking if user provides library for Cplex... no
checking if user provides library for Mosek... no
checking if user provides library for Xpress... no
checking if user provides library for Gurobi... no
configure: WARNING: No solver available, examples will not work.
configure: configuring doxygen documentation options
checking for doxygen... (cached) yes
checking for dot... (cached) YES
checking for doxygen doc'n for CoinUtils ... /home/raffa/Downloads/discOpt/CoinMP/share/coin/doc/CoinUtils/doxydoc (tag)
checking for cmath... (cached) yes
checking for cfloat... (cached) yes
checking for cieeefp... (cached) no
checking for ieeefp.h... (cached) no
checking which command should be used to link input files... ln -s
configure: creating ./config.status
config.status: creating Makefile
config.status: creating examples/Makefile
config.status: creating src/Osi/Makefile
config.status: creating src/OsiCpx/Makefile
config.status: creating src/OsiGlpk/Makefile
config.status: creating src/OsiMsk/Makefile
config.status: creating src/OsiXpr/Makefile
config.status: creating src/OsiGrb/Makefile
config.status: creating src/OsiSpx/Makefile
config.status: creating src/OsiCommonTest/Makefile
config.status: creating test/Makefile
config.status: creating osi.pc
config.status: creating osi-uninstalled.pc
config.status: creating osi-unittests.pc
config.status: creating osi-unittests-uninstalled.pc
config.status: creating doxydoc/doxygen.conf
config.status: creating src/Osi/config.h
config.status: creating src/Osi/config_osi.h
config.status: executing depfiles commands
configure: In case of trouble, first consult the troubleshooting page at https://projects.coin-or.org/BuildTools/wiki/user-troubleshooting
configure: Configuration of Osi successful
configure: configuring in Clp
configure: running /bin/sh './configure' --prefix=/home/raffa/Downloads/discOpt/CoinMP  '-C' --cache-file=../config.cache --srcdir=.
configure: loading cache ../config.cache
checking build system type... (cached) x86_64-unknown-linux-gnu
checking for svnversion... (cached) yes
checking whether we want to compile in debug mode... no
checking for gcc... (cached) gcc
checking for C compiler default output file name... a.out
checking whether the C compiler works... yes
checking whether we are cross compiling... no
checking for suffix of executables... 
checking for suffix of object files... (cached) o
checking whether we are using the GNU C compiler... (cached) yes
checking whether gcc accepts -g... (cached) yes
checking for gcc option to accept ANSI C... (cached) none needed
configure: C compiler options are: -O3 -pipe -DNDEBUG -pedantic-errors -Wimplicit -Wparentheses -Wsequence-point -Wreturn-type -Wcast-qual -Wall -Wno-unknown-pragmas -Wno-long-long   -DCLP_BUILD
checking for g++... (cached) g++
checking whether we are using the GNU C++ compiler... (cached) yes
checking whether g++ accepts -g... (cached) yes
checking whether C++ compiler g++ works... yes
configure: C++ compiler options are: -O3 -pipe -DNDEBUG -pedantic-errors -Wparentheses -Wreturn-type -Wcast-qual -Wall -Wpointer-arith -Wwrite-strings -Wconversion -Wno-unknown-pragmas -Wno-long-long   -DCLP_BUILD
checking for egrep... (cached) grep -E
checking whether ln -s works... yes
checking for a BSD-compatible install... (cached) /usr/bin/install -c
checking whether build environment is sane... yes
checking for gawk... (cached) gawk
checking whether make sets $(MAKE)... (cached) yes
checking for style of include used by make... GNU
checking dependency style of gcc... (cached) gcc3
checking dependency style of g++... (cached) gcc3
checking whether to enable maintainer-specific portions of Makefiles... no
checking host system type... (cached) x86_64-unknown-linux-gnu
checking for a sed that does not truncate output... (cached) /usr/bin/sed
checking for ld used by gcc... (cached) /usr/bin/ld
checking if the linker (/usr/bin/ld) is GNU ld... (cached) yes
checking for /usr/bin/ld option to reload object files... (cached) -r
checking for BSD-compatible nm... (cached) /usr/bin/nm -B
checking how to recognise dependent libraries... (cached) pass_all
checking how to run the C preprocessor... (cached) gcc -E
checking for ANSI C header files... (cached) yes
checking for sys/types.h... (cached) yes
checking for sys/stat.h... (cached) yes
checking for stdlib.h... (cached) yes
checking for string.h... (cached) yes
checking for memory.h... (cached) yes
checking for strings.h... (cached) yes
checking for inttypes.h... (cached) yes
checking for stdint.h... (cached) yes
checking for unistd.h... (cached) yes
checking for dlfcn.h... (cached) yes
checking how to run the C++ preprocessor... (cached) g++ -E
checking for g77... (cached) gfortran
checking whether we are using the GNU Fortran 77 compiler... (cached) yes
checking whether gfortran accepts -g... (cached) yes
checking the maximum length of command line arguments... (cached) 32768
checking command to parse /usr/bin/nm -B output from gcc object... (cached) ok
checking for objdir... (cached) .libs
checking for ar... (cached) ar
checking for ranlib... (cached) ranlib
checking for strip... (cached) strip
checking if gcc supports -fno-rtti -fno-exceptions... (cached) no
checking for gcc option to produce PIC... -fPIC
checking if gcc PIC flag -fPIC works... yes
checking if gcc static flag -static works... no
checking if gcc supports -c -o file.o... (cached) yes
checking whether the gcc linker (/usr/bin/ld -m elf_x86_64) supports shared libraries... yes
checking whether -lc should be explicitly linked in... no
checking dynamic linker characteristics... GNU/Linux ld.so
checking how to hardcode library paths into programs... immediate
checking whether stripping libraries is possible... yes
checking if libtool supports shared libraries... yes
checking whether to build shared libraries... yes
checking whether to build static libraries... no
configure: creating libtool
appending configuration tag "CXX" to libtool
checking for ld used by g++... (cached) /usr/bin/ld -m elf_x86_64
checking if the linker (/usr/bin/ld -m elf_x86_64) is GNU ld... (cached) yes
checking whether the g++ linker (/usr/bin/ld -m elf_x86_64) supports shared libraries... yes
checking for g++ option to produce PIC... -fPIC
checking if g++ PIC flag -fPIC works... yes
checking if g++ static flag -static works... no
checking if g++ supports -c -o file.o... (cached) yes
checking whether the g++ linker (/usr/bin/ld -m elf_x86_64) supports shared libraries... yes
checking dynamic linker characteristics... GNU/Linux ld.so
checking how to hardcode library paths into programs... immediate
appending configuration tag "F77" to libtool
checking if libtool supports shared libraries... yes
checking whether to build shared libraries... yes
checking whether to build static libraries... no
checking for gfortran option to produce PIC... -fPIC
checking if gfortran PIC flag -fPIC works... yes
checking if gfortran static flag -static works... no
checking if gfortran supports -c -o file.o... (cached) yes
checking whether the gfortran linker (/usr/bin/ld -m elf_x86_64) supports shared libraries... yes
checking dynamic linker characteristics... GNU/Linux ld.so
checking how to hardcode library paths into programs... immediate
configure: Build is "x86_64-unknown-linux-gnu".
checking if library version is set... no
checking for pkg-config... (cached) pkg-config
checking pkg-config is at least version 0.16.0... yes
checking for COIN-OR package CoinUtils... yes: 2.9 
checking for COIN-OR package Osi... yes: 0.106 
checking for COIN-OR package OsiTests... yes: 0.106 
checking for COIN-OR package Sample... yes: 1.2 
checking for COIN-OR package Netlib... not given: No package 'coindatanetlib' found
checking if user provides library for AMD... no
checking if user provides library for CHOLMOD... no
checking for COIN-OR package Glpk... not given: No package 'coinglpk' found
checking for COIN-OR package Mumps... not given: No package 'coinmumps' found
checking for cmath... (cached) yes
checking for cfloat... (cached) yes
checking for cieeefp... (cached) no
checking for ieeefp.h... (cached) no
checking whether this is a VPATH configuration... no
configure: configuring doxygen documentation options
checking for doxygen... (cached) yes
checking for dot... (cached) YES
checking for doxygen doc'n for CoinUtils ... /home/raffa/Downloads/discOpt/CoinMP/share/coin/doc/CoinUtils/doxydoc (tag)
checking for doxygen doc'n for Osi ... /home/raffa/Downloads/discOpt/CoinMP/share/coin/doc/Osi/doxydoc (tag)
checking which command should be used to link input files... ln -s
configure: creating ./config.status
config.status: creating Makefile
config.status: creating examples/Makefile
config.status: creating src/Makefile
config.status: creating src/OsiClp/Makefile
config.status: creating test/Makefile
config.status: creating clp.pc
config.status: creating clp-uninstalled.pc
config.status: creating osi-clp.pc
config.status: creating osi-clp-uninstalled.pc
config.status: creating doxydoc/doxygen.conf
config.status: creating src/config.h
config.status: creating src/config_clp.h
config.status: executing depfiles commands
configure: In case of trouble, first consult the troubleshooting page at https://projects.coin-or.org/BuildTools/wiki/user-troubleshooting
configure: Configuration of Clp successful
configure: configuring in Cgl
configure: running /bin/sh './configure' --prefix=/home/raffa/Downloads/discOpt/CoinMP  '-C' --cache-file=../config.cache --srcdir=.
configure: loading cache ../config.cache
checking build system type... (cached) x86_64-unknown-linux-gnu
checking for svnversion... (cached) yes
checking whether we want to compile in debug mode... no
checking for gcc... (cached) gcc
checking for C compiler default output file name... a.out
checking whether the C compiler works... yes
checking whether we are cross compiling... no
checking for suffix of executables... 
checking for suffix of object files... (cached) o
checking whether we are using the GNU C compiler... (cached) yes
checking whether gcc accepts -g... (cached) yes
checking for gcc option to accept ANSI C... (cached) none needed
configure: C compiler options are: -O3 -pipe -DNDEBUG -pedantic-errors -Wimplicit -Wparentheses -Wsequence-point -Wreturn-type -Wcast-qual -Wall -Wno-unknown-pragmas -Wno-long-long   -DCGL_BUILD
checking for g++... (cached) g++
checking whether we are using the GNU C++ compiler... (cached) yes
checking whether g++ accepts -g... (cached) yes
checking whether C++ compiler g++ works... yes
configure: C++ compiler options are: -O3 -pipe -DNDEBUG -pedantic-errors -Wparentheses -Wreturn-type -Wcast-qual -Wall -Wpointer-arith -Wwrite-strings -Wconversion -Wno-unknown-pragmas -Wno-long-long   -DCGL_BUILD
checking for egrep... (cached) grep -E
checking whether ln -s works... yes
checking for a BSD-compatible install... (cached) /usr/bin/install -c
checking whether build environment is sane... yes
checking for gawk... (cached) gawk
checking whether make sets $(MAKE)... (cached) yes
checking for style of include used by make... GNU
checking dependency style of gcc... (cached) gcc3
checking dependency style of g++... (cached) gcc3
checking whether to enable maintainer-specific portions of Makefiles... no
checking host system type... (cached) x86_64-unknown-linux-gnu
checking for a sed that does not truncate output... (cached) /usr/bin/sed
checking for ld used by gcc... (cached) /usr/bin/ld
checking if the linker (/usr/bin/ld) is GNU ld... (cached) yes
checking for /usr/bin/ld option to reload object files... (cached) -r
checking for BSD-compatible nm... (cached) /usr/bin/nm -B
checking how to recognise dependent libraries... (cached) pass_all
checking how to run the C preprocessor... (cached) gcc -E
checking for ANSI C header files... (cached) yes
checking for sys/types.h... (cached) yes
checking for sys/stat.h... (cached) yes
checking for stdlib.h... (cached) yes
checking for string.h... (cached) yes
checking for memory.h... (cached) yes
checking for strings.h... (cached) yes
checking for inttypes.h... (cached) yes
checking for stdint.h... (cached) yes
checking for unistd.h... (cached) yes
checking for dlfcn.h... (cached) yes
checking how to run the C++ preprocessor... (cached) g++ -E
checking for g77... (cached) gfortran
checking whether we are using the GNU Fortran 77 compiler... (cached) yes
checking whether gfortran accepts -g... (cached) yes
checking the maximum length of command line arguments... (cached) 32768
checking command to parse /usr/bin/nm -B output from gcc object... (cached) ok
checking for objdir... (cached) .libs
checking for ar... (cached) ar
checking for ranlib... (cached) ranlib
checking for strip... (cached) strip
checking if gcc supports -fno-rtti -fno-exceptions... (cached) no
checking for gcc option to produce PIC... -fPIC
checking if gcc PIC flag -fPIC works... yes
checking if gcc static flag -static works... no
checking if gcc supports -c -o file.o... (cached) yes
checking whether the gcc linker (/usr/bin/ld -m elf_x86_64) supports shared libraries... yes
checking whether -lc should be explicitly linked in... no
checking dynamic linker characteristics... GNU/Linux ld.so
checking how to hardcode library paths into programs... immediate
checking whether stripping libraries is possible... yes
checking if libtool supports shared libraries... yes
checking whether to build shared libraries... yes
checking whether to build static libraries... no
configure: creating libtool
appending configuration tag "CXX" to libtool
checking for ld used by g++... (cached) /usr/bin/ld -m elf_x86_64
checking if the linker (/usr/bin/ld -m elf_x86_64) is GNU ld... (cached) yes
checking whether the g++ linker (/usr/bin/ld -m elf_x86_64) supports shared libraries... yes
checking for g++ option to produce PIC... -fPIC
checking if g++ PIC flag -fPIC works... yes
checking if g++ static flag -static works... no
checking if g++ supports -c -o file.o... (cached) yes
checking whether the g++ linker (/usr/bin/ld -m elf_x86_64) supports shared libraries... yes
checking dynamic linker characteristics... GNU/Linux ld.so
checking how to hardcode library paths into programs... immediate
appending configuration tag "F77" to libtool
checking if libtool supports shared libraries... yes
checking whether to build shared libraries... yes
checking whether to build static libraries... no
checking for gfortran option to produce PIC... -fPIC
checking if gfortran PIC flag -fPIC works... yes
checking if gfortran static flag -static works... no
checking if gfortran supports -c -o file.o... (cached) yes
checking whether the gfortran linker (/usr/bin/ld -m elf_x86_64) supports shared libraries... yes
checking dynamic linker characteristics... GNU/Linux ld.so
checking how to hardcode library paths into programs... immediate
configure: Build is "x86_64-unknown-linux-gnu".
checking if library version is set... no
checking for pkg-config... (cached) pkg-config
checking pkg-config is at least version 0.16.0... yes
checking for COIN-OR package CoinUtils... yes: 2.9 
checking for COIN-OR package Osi... yes: 0.106 
checking for COIN-OR package Sample... yes: 1.2 
checking for COIN-OR package OsiClp... yes: 1.15 
checking for COIN-OR package OsiCpx... not given: No package 'osi-cplex' found
checking for COIN-OR package OsiGlpk... not given: No package 'osi-glpk' found
checking for COIN-OR package OsiMsk... not given: No package 'osi-mosek' found
checking for COIN-OR package OsiXpr... not given: No package 'osi-xpress' found
checking for COIN-OR package OsiVol... not given: No package 'osi-vol' found
checking for COIN-OR package OsiDyLP... not given: No package 'osi-dylp' found
checking for cmath... (cached) yes
checking for cfloat... (cached) yes
checking for cieeefp... (cached) no
checking for ieeefp.h... (cached) no
configure: configuring doxygen documentation options
checking for doxygen... (cached) yes
checking for dot... (cached) YES
checking for doxygen doc'n for CoinUtils ... /home/raffa/Downloads/discOpt/CoinMP/share/coin/doc/CoinUtils/doxydoc (tag)
checking whether this is a VPATH configuration... no
checking which command should be used to link input files... ln -s
configure: creating ./config.status
config.status: creating Makefile
config.status: creating examples/Makefile
config.status: creating src/Makefile
config.status: creating src/CglAllDifferent/Makefile
config.status: creating src/CglClique/Makefile
config.status: creating src/CglDuplicateRow/Makefile
config.status: creating src/CglFlowCover/Makefile
config.status: creating src/CglGMI/Makefile
config.status: creating src/CglGomory/Makefile
config.status: creating src/CglKnapsackCover/Makefile
config.status: creating src/CglLandP/Makefile
config.status: creating src/CglLiftAndProject/Makefile
config.status: creating src/CglMixedIntegerRounding/Makefile
config.status: creating src/CglMixedIntegerRounding2/Makefile
config.status: creating src/CglOddHole/Makefile
config.status: creating src/CglPreProcess/Makefile
config.status: creating src/CglProbing/Makefile
config.status: creating src/CglRedSplit/Makefile
config.status: creating src/CglRedSplit2/Makefile
config.status: creating src/CglResidualCapacity/Makefile
config.status: creating src/CglSimpleRounding/Makefile
config.status: creating src/CglTwomir/Makefile
config.status: creating src/CglZeroHalf/Makefile
config.status: creating test/Makefile
config.status: creating cgl.pc
config.status: creating cgl-uninstalled.pc
config.status: creating doxydoc/doxygen.conf
config.status: creating src/config.h
config.status: creating src/config_cgl.h
config.status: executing depfiles commands
configure: In case of trouble, first consult the troubleshooting page at https://projects.coin-or.org/BuildTools/wiki/user-troubleshooting
configure: Configuration of Cgl successful
configure: configuring in Cbc
configure: running /bin/sh './configure' --prefix=/home/raffa/Downloads/discOpt/CoinMP  '-C' --cache-file=../config.cache --srcdir=.
configure: loading cache ../config.cache
checking build system type... (cached) x86_64-unknown-linux-gnu
checking for svnversion... (cached) yes
checking whether we want to compile in debug mode... no
checking for gcc... (cached) gcc
checking for C compiler default output file name... a.out
checking whether the C compiler works... yes
checking whether we are cross compiling... no
checking for suffix of executables... 
checking for suffix of object files... (cached) o
checking whether we are using the GNU C compiler... (cached) yes
checking whether gcc accepts -g... (cached) yes
checking for gcc option to accept ANSI C... (cached) none needed
configure: C compiler options are: -O3 -pipe -DNDEBUG -pedantic-errors -Wimplicit -Wparentheses -Wsequence-point -Wreturn-type -Wcast-qual -Wall -Wno-unknown-pragmas -Wno-long-long   -DCBC_BUILD
checking for g++... (cached) g++
checking whether we are using the GNU C++ compiler... (cached) yes
checking whether g++ accepts -g... (cached) yes
checking whether C++ compiler g++ works... yes
configure: C++ compiler options are: -O3 -pipe -DNDEBUG -pedantic-errors -Wparentheses -Wreturn-type -Wcast-qual -Wall -Wpointer-arith -Wwrite-strings -Wconversion -Wno-unknown-pragmas -Wno-long-long   -DCBC_BUILD
checking for egrep... (cached) grep -E
checking whether ln -s works... yes
checking for a BSD-compatible install... (cached) /usr/bin/install -c
checking whether build environment is sane... yes
checking for gawk... (cached) gawk
checking whether make sets $(MAKE)... (cached) yes
checking for style of include used by make... GNU
checking dependency style of gcc... (cached) gcc3
checking dependency style of g++... (cached) gcc3
checking whether to enable maintainer-specific portions of Makefiles... no
checking host system type... (cached) x86_64-unknown-linux-gnu
checking for a sed that does not truncate output... (cached) /usr/bin/sed
checking for ld used by gcc... (cached) /usr/bin/ld
checking if the linker (/usr/bin/ld) is GNU ld... (cached) yes
checking for /usr/bin/ld option to reload object files... (cached) -r
checking for BSD-compatible nm... (cached) /usr/bin/nm -B
checking how to recognise dependent libraries... (cached) pass_all
checking how to run the C preprocessor... (cached) gcc -E
checking for ANSI C header files... (cached) yes
checking for sys/types.h... (cached) yes
checking for sys/stat.h... (cached) yes
checking for stdlib.h... (cached) yes
checking for string.h... (cached) yes
checking for memory.h... (cached) yes
checking for strings.h... (cached) yes
checking for inttypes.h... (cached) yes
checking for stdint.h... (cached) yes
checking for unistd.h... (cached) yes
checking for dlfcn.h... (cached) yes
checking how to run the C++ preprocessor... (cached) g++ -E
checking for g77... (cached) gfortran
checking whether we are using the GNU Fortran 77 compiler... (cached) yes
checking whether gfortran accepts -g... (cached) yes
checking the maximum length of command line arguments... (cached) 32768
checking command to parse /usr/bin/nm -B output from gcc object... (cached) ok
checking for objdir... (cached) .libs
checking for ar... (cached) ar
checking for ranlib... (cached) ranlib
checking for strip... (cached) strip
checking if gcc supports -fno-rtti -fno-exceptions... (cached) no
checking for gcc option to produce PIC... -fPIC
checking if gcc PIC flag -fPIC works... yes
checking if gcc static flag -static works... no
checking if gcc supports -c -o file.o... (cached) yes
checking whether the gcc linker (/usr/bin/ld -m elf_x86_64) supports shared libraries... yes
checking whether -lc should be explicitly linked in... no
checking dynamic linker characteristics... GNU/Linux ld.so
checking how to hardcode library paths into programs... immediate
checking whether stripping libraries is possible... yes
checking if libtool supports shared libraries... yes
checking whether to build shared libraries... yes
checking whether to build static libraries... no
configure: creating libtool
appending configuration tag "CXX" to libtool
checking for ld used by g++... (cached) /usr/bin/ld -m elf_x86_64
checking if the linker (/usr/bin/ld -m elf_x86_64) is GNU ld... (cached) yes
checking whether the g++ linker (/usr/bin/ld -m elf_x86_64) supports shared libraries... yes
checking for g++ option to produce PIC... -fPIC
checking if g++ PIC flag -fPIC works... yes
checking if g++ static flag -static works... no
checking if g++ supports -c -o file.o... (cached) yes
checking whether the g++ linker (/usr/bin/ld -m elf_x86_64) supports shared libraries... yes
checking dynamic linker characteristics... GNU/Linux ld.so
checking how to hardcode library paths into programs... immediate
appending configuration tag "F77" to libtool
checking if libtool supports shared libraries... yes
checking whether to build shared libraries... yes
checking whether to build static libraries... no
checking for gfortran option to produce PIC... -fPIC
checking if gfortran PIC flag -fPIC works... yes
checking if gfortran static flag -static works... no
checking if gfortran supports -c -o file.o... (cached) yes
checking whether the gfortran linker (/usr/bin/ld -m elf_x86_64) supports shared libraries... yes
checking dynamic linker characteristics... GNU/Linux ld.so
checking how to hardcode library paths into programs... immediate
configure: Build is "x86_64-unknown-linux-gnu".
checking if library version is set... no
checking for pkg-config... (cached) pkg-config
checking pkg-config is at least version 0.16.0... yes
checking for COIN-OR package CoinDepend... yes: 0.58 0.106 2.9 
checking for COIN-OR package Clp... yes: 1.15 
checking for COIN-OR package OsiTests... yes: 0.106 
checking for COIN-OR package Sample... yes: 1.2 
checking for COIN-OR package Netlib... not given: No package 'coindatanetlib' found
checking for COIN-OR package Miplib3... not given: No package 'coindatamiplib3' found
checking for cmath... (cached) yes
checking for cfloat... (cached) yes
checking for cieeefp... (cached) no
checking for ieeefp.h... (cached) no
checking for COIN-OR package DyLP... not given: No package 'osi-dylp' found
checking for COIN-OR package Vol... not given: No package 'osi-vol' found
checking for COIN-OR package Cpx... not given: No package 'osi-cplex' found
checking for COIN-OR package Glpk... not given: No package 'osi-glpk' found
checking for COIN-OR package Grb... not given: No package 'osi-gurobi' found
checking for COIN-OR package Msk... not given: No package 'osi-mosek' found
checking for COIN-OR package Spx... not given: No package 'osi-soplex' found
checking for COIN-OR package Xpr... not given: No package 'osi-xpress' found
checking for COIN-OR package ASL... not given: No package 'coinasl' found
checking for cbc-generic default solver... clp
configure: OsiCbc default solver is clp
checking whether this is a VPATH configuration... no
configure: configuring doxygen documentation options
checking for doxygen... (cached) yes
checking for dot... (cached) YES
checking for doxygen doc'n for CoinUtils ... /home/raffa/Downloads/discOpt/CoinMP/share/coin/doc/CoinUtils/doxydoc (tag)
checking for doxygen doc'n for Osi ... /home/raffa/Downloads/discOpt/CoinMP/share/coin/doc/Osi/doxydoc (tag)
checking for doxygen doc'n for Clp ... /home/raffa/Downloads/discOpt/CoinMP/share/coin/doc/Clp/doxydoc (tag)
checking for doxygen doc'n for DyLP ... /home/raffa/Downloads/discOpt/CoinMP/share/coin/doc/DyLP/doxydoc (tag)
checking for doxygen doc'n for Cgl ... /home/raffa/Downloads/discOpt/CoinMP/share/coin/doc/Cgl/doxydoc (tag)
checking for doxygen doc'n for Vol ... /home/raffa/Downloads/discOpt/CoinMP/share/coin/doc/Vol/doxydoc (tag)
checking which command should be used to link input files... ln -s
configure: creating ./config.status
config.status: creating Makefile
config.status: creating examples/Makefile
config.status: creating src/Makefile
config.status: creating src/OsiCbc/Makefile
config.status: creating test/Makefile
config.status: creating cbc.pc
config.status: creating cbc-uninstalled.pc
config.status: creating osi-cbc.pc
config.status: creating osi-cbc-uninstalled.pc
config.status: creating doxydoc/doxygen.conf
config.status: creating src/config.h
config.status: creating src/config_cbc.h
config.status: executing depfiles commands
configure: In case of trouble, first consult the troubleshooting page at https://projects.coin-or.org/BuildTools/wiki/user-troubleshooting
configure: Configuration of Cbc successful
configure: configuring in CoinMP
configure: running /bin/sh './configure' --prefix=/home/raffa/Downloads/discOpt/CoinMP  '-C' --cache-file=../config.cache --srcdir=.
configure: loading cache ../config.cache
checking build system type... (cached) x86_64-unknown-linux-gnu
checking for svnversion... (cached) yes
checking whether we want to compile in debug mode... no
checking for gcc... (cached) gcc
checking for C compiler default output file name... a.out
checking whether the C compiler works... yes
checking whether we are cross compiling... no
checking for suffix of executables... 
checking for suffix of object files... (cached) o
checking whether we are using the GNU C compiler... (cached) yes
checking whether gcc accepts -g... (cached) yes
checking for gcc option to accept ANSI C... (cached) none needed
configure: C compiler options are: -O3 -pipe -DNDEBUG -pedantic-errors -Wimplicit -Wparentheses -Wsequence-point -Wreturn-type -Wcast-qual -Wall -Wno-unknown-pragmas -Wno-long-long   -DCOINMP_BUILD
checking for g++... (cached) g++
checking whether we are using the GNU C++ compiler... (cached) yes
checking whether g++ accepts -g... (cached) yes
checking whether C++ compiler g++ works... yes
configure: C++ compiler options are: -O3 -pipe -DNDEBUG -pedantic-errors -Wparentheses -Wreturn-type -Wcast-qual -Wall -Wpointer-arith -Wwrite-strings -Wconversion -Wno-unknown-pragmas -Wno-long-long   -DCOINMP_BUILD
checking for egrep... (cached) grep -E
checking whether ln -s works... yes
checking for a BSD-compatible install... (cached) /usr/bin/install -c
checking whether build environment is sane... yes
checking for gawk... (cached) gawk
checking whether make sets $(MAKE)... (cached) yes
checking for style of include used by make... GNU
checking dependency style of gcc... (cached) gcc3
checking dependency style of g++... (cached) gcc3
checking whether to enable maintainer-specific portions of Makefiles... no
checking host system type... (cached) x86_64-unknown-linux-gnu
checking for a sed that does not truncate output... (cached) /usr/bin/sed
checking for ld used by gcc... (cached) /usr/bin/ld
checking if the linker (/usr/bin/ld) is GNU ld... (cached) yes
checking for /usr/bin/ld option to reload object files... (cached) -r
checking for BSD-compatible nm... (cached) /usr/bin/nm -B
checking how to recognise dependent libraries... (cached) pass_all
checking how to run the C preprocessor... (cached) gcc -E
checking for ANSI C header files... (cached) yes
checking for sys/types.h... (cached) yes
checking for sys/stat.h... (cached) yes
checking for stdlib.h... (cached) yes
checking for string.h... (cached) yes
checking for memory.h... (cached) yes
checking for strings.h... (cached) yes
checking for inttypes.h... (cached) yes
checking for stdint.h... (cached) yes
checking for unistd.h... (cached) yes
checking for dlfcn.h... (cached) yes
checking how to run the C++ preprocessor... (cached) g++ -E
checking for g77... (cached) gfortran
checking whether we are using the GNU Fortran 77 compiler... (cached) yes
checking whether gfortran accepts -g... (cached) yes
checking the maximum length of command line arguments... (cached) 32768
checking command to parse /usr/bin/nm -B output from gcc object... (cached) ok
checking for objdir... (cached) .libs
checking for ar... (cached) ar
checking for ranlib... (cached) ranlib
checking for strip... (cached) strip
checking if gcc supports -fno-rtti -fno-exceptions... (cached) no
checking for gcc option to produce PIC... -fPIC
checking if gcc PIC flag -fPIC works... yes
checking if gcc static flag -static works... no
checking if gcc supports -c -o file.o... (cached) yes
checking whether the gcc linker (/usr/bin/ld -m elf_x86_64) supports shared libraries... yes
checking whether -lc should be explicitly linked in... no
checking dynamic linker characteristics... GNU/Linux ld.so
checking how to hardcode library paths into programs... immediate
checking whether stripping libraries is possible... yes
checking if libtool supports shared libraries... yes
checking whether to build shared libraries... yes
checking whether to build static libraries... no
configure: creating libtool
appending configuration tag "CXX" to libtool
checking for ld used by g++... (cached) /usr/bin/ld -m elf_x86_64
checking if the linker (/usr/bin/ld -m elf_x86_64) is GNU ld... (cached) yes
checking whether the g++ linker (/usr/bin/ld -m elf_x86_64) supports shared libraries... yes
checking for g++ option to produce PIC... -fPIC
checking if g++ PIC flag -fPIC works... yes
checking if g++ static flag -static works... no
checking if g++ supports -c -o file.o... (cached) yes
checking whether the g++ linker (/usr/bin/ld -m elf_x86_64) supports shared libraries... yes
checking dynamic linker characteristics... GNU/Linux ld.so
checking how to hardcode library paths into programs... immediate
appending configuration tag "F77" to libtool
checking if libtool supports shared libraries... yes
checking whether to build shared libraries... yes
checking whether to build static libraries... no
checking for gfortran option to produce PIC... -fPIC
checking if gfortran PIC flag -fPIC works... yes
checking if gfortran static flag -static works... no
checking if gfortran supports -c -o file.o... (cached) yes
checking whether the gfortran linker (/usr/bin/ld -m elf_x86_64) supports shared libraries... yes
checking dynamic linker characteristics... GNU/Linux ld.so
checking how to hardcode library paths into programs... immediate
configure: Build is "x86_64-unknown-linux-gnu".
checking if library version is set... no
checking for pkg-config... (cached) pkg-config
checking pkg-config is at least version 0.16.0... yes
checking for COIN-OR package Cbc... yes: 2.8 1.15 1.15 
checking which command should be used to link input files... ln -s
configure: creating ./config.status
config.status: creating Makefile
config.status: creating src/Makefile
config.status: creating test/Makefile
config.status: creating examples/Makefile
config.status: creating coinmp.pc
config.status: creating coinmp-uninstalled.pc
config.status: creating src/config.h
config.status: creating src/config_coinmp.h
config.status: executing depfiles commands
configure: In case of trouble, first consult the troubleshooting page at https://projects.coin-or.org/BuildTools/wiki/user-troubleshooting
configure: Configuration of CoinMP successful
configure: In case of trouble, first consult the troubleshooting page at https://projects.coin-or.org/BuildTools/wiki/user-troubleshooting
configure: Main configuration of CoinMP successful
